#
# There is insufficient memory for the Java Runtime Environment to continue.
# Native memory allocation (mmap) failed to map 101711872 bytes for G1 virtual space
# Possible reasons:
#   The system is out of physical RAM or swap space
#   The process is running with CompressedOops enabled, and the Java Heap may be blocking the growth of the native heap
# Possible solutions:
#   Reduce memory load on the system
#   Increase physical memory or swap space
#   Check if swap backing store is full
#   Decrease Java heap size (-Xmx/-Xms)
#   Decrease number of Java threads
#   Decrease Java thread stack sizes (-Xss)
#   Set larger code cache with -XX:ReservedCodeCacheSize=
#   JVM is running with Unscaled Compressed Oops mode in which the Java heap is
#     placed in the first 4GB address space. The Java Heap base address is the
#     maximum limit for the native heap growth. Please use -XX:HeapBaseMinAddress
#     to set the Java Heap base and to place the Java Heap above 4GB virtual address.
# This output file may be truncated or incomplete.
#
#  Out of Memory Error (os_windows.cpp:3769), pid=4668, tid=12724
#
# JRE version: OpenJDK Runtime Environment (17.0.6) (build 17.0.6+0-b2043.56-9586694)
# Java VM: OpenJDK 64-Bit Server VM (17.0.6+0-b2043.56-9586694, mixed mode, tiered, compressed oops, compressed class ptrs, g1 gc, windows-amd64)
# No core dump will be written. Minidumps are not enabled by default on client versions of Windows
#

---------------  S U M M A R Y ------------

Command Line: -XX:MaxMetaspaceSize=512m --add-opens=java.base/java.util=ALL-UNNAMED --add-opens=java.base/java.lang=ALL-UNNAMED --add-opens=java.base/java.lang.invoke=ALL-UNNAMED --add-opens=java.prefs/java.util.prefs=ALL-UNNAMED --add-opens=java.base/java.nio.charset=ALL-UNNAMED --add-opens=java.base/java.net=ALL-UNNAMED --add-opens=java.base/java.util.concurrent.atomic=ALL-UNNAMED -Xmx2048m -Dfile.encoding=windows-1252 -Duser.country=IN -Duser.language=en -Duser.variant org.gradle.launcher.daemon.bootstrap.GradleDaemon 8.0.1

Host: Intel(R) Core(TM) i5-1035G1 CPU @ 1.00GHz, 8 cores, 7G,  Windows 11 , 64 bit Build 22621 (10.0.22621.2428)
Time: Sun Oct 22 19:30:21 2023 India Standard Time elapsed time: 19.442261 seconds (0d 0h 0m 19s)

---------------  T H R E A D  ---------------

Current thread (0x00000200b7d8f330):  VMThread "VM Thread" [stack: 0x000000faedd00000,0x000000faede00000] [id=12724]

Stack: [0x000000faedd00000,0x000000faede00000]
Native frames: (J=compiled Java code, j=interpreted, Vv=VM code, C=native code)
V  [jvm.dll+0x683b4a]
V  [jvm.dll+0x842654]
V  [jvm.dll+0x843dfe]
V  [jvm.dll+0x844463]
V  [jvm.dll+0x249b75]
V  [jvm.dll+0x680a19]
V  [jvm.dll+0x674f0a]
V  [jvm.dll+0x309acb]
V  [jvm.dll+0x310f86]
V  [jvm.dll+0x3608ee]
V  [jvm.dll+0x360b1f]
V  [jvm.dll+0x2dfbf8]
V  [jvm.dll+0x2ddec4]
V  [jvm.dll+0x2dd4cc]
V  [jvm.dll+0x321f3b]
V  [jvm.dll+0x84893b]
V  [jvm.dll+0x849674]
V  [jvm.dll+0x849b8d]
V  [jvm.dll+0x849f64]
V  [jvm.dll+0x84a030]
V  [jvm.dll+0x7f25fa]
V  [jvm.dll+0x682985]
C  [ucrtbase.dll+0x29363]
C  [KERNEL32.DLL+0x1257d]
C  [ntdll.dll+0x5aa78]

VM_Operation (0x000000faf11f8a20): G1CollectForAllocation, mode: safepoint, requested by thread 0x00000200c0ba94c0


---------------  P R O C E S S  ---------------

Threads class SMR info:
_java_thread_list=0x00000200c204de60, length=126, elements={
0x000002009df4e1d0, 0x00000200b7d90860, 0x00000200b7d96240, 0x00000200b7dbd5b0,
0x00000200b7dbde70, 0x00000200b7dbe830, 0x00000200b8839330, 0x00000200b8839f20,
0x00000200b883a820, 0x00000200b883b120, 0x00000200b89d71d0, 0x00000200b89d76a0,
0x00000200ba1db6d0, 0x00000200b8a89830, 0x00000200bb1130d0, 0x00000200b8c79b00,
0x00000200b9919b10, 0x00000200bafb9840, 0x00000200bb111970, 0x00000200b9bcb250,
0x00000200b9bcad80, 0x00000200b9bc9f10, 0x00000200b9bcca60, 0x00000200b9bcb720,
0x00000200bb90d620, 0x00000200b9bc9a40, 0x00000200b9bca8b0, 0x00000200b9bcbbf0,
0x00000200b9bcc0c0, 0x00000200b9bcc590, 0x00000200bda2e3a0, 0x00000200bda2e870,
0x00000200bda2ed40, 0x00000200bda2f210, 0x00000200bda30080, 0x00000200bda30a20,
0x00000200bda2d060, 0x00000200c0ba7cb0, 0x00000200c0bac9b0, 0x00000200c0bab670,
0x00000200c0baa330, 0x00000200c0ba7310, 0x00000200c0baacd0, 0x00000200c0ba94c0,
0x00000200c0bab1a0, 0x00000200c0ba9e60, 0x00000200be0413b0, 0x00000200bea06e60,
0x00000200bea07660, 0x00000200bea05b20, 0x00000200be041880, 0x00000200bd361c00,
0x00000200be040070, 0x00000200be7e0880, 0x00000200bd361730, 0x00000200c0bac010,
0x00000200bd3243b0, 0x00000200bd362f40, 0x00000200bd3620d0, 0x00000200bdd9aaf0,
0x00000200bd3625a0, 0x00000200bd362a70, 0x00000200bdd9afc0, 0x00000200bd323a10,
0x00000200bdd9b490, 0x00000200be040540, 0x00000200bea05ff0, 0x00000200be040ee0,
0x00000200bdff24e0, 0x00000200be040a10, 0x00000200bdd9b960, 0x00000200c0ba6970,
0x00000200bdff2010, 0x00000200be7e03b0, 0x00000200bdff0800, 0x00000200bea06990,
0x00000200bdd9a150, 0x00000200bdff29b0, 0x00000200bea064c0, 0x00000200c0ac4590,
0x00000200bdff2e80, 0x00000200bdfefe60, 0x00000200bdff1b40, 0x00000200be7dfa10,
0x00000200bdd9a620, 0x00000200c0bad350, 0x00000200bdff0cd0, 0x00000200c0ac58d0,
0x00000200be7df540, 0x00000200c0ac40c0, 0x00000200c0ac4a60, 0x00000200bd323540,
0x00000200c0ba6e40, 0x00000200c0ac4f30, 0x00000200c0ac5400, 0x00000200bd323ee0,
0x00000200bdff0330, 0x00000200bdff11a0, 0x00000200bea05650, 0x00000200bea07b30,
0x00000200be7dfee0, 0x00000200c2354ed0, 0x00000200bd324880, 0x00000200c2357080,
0x00000200bea089a0, 0x00000200c0ba5b00, 0x00000200bd33ffb0, 0x00000200bd323070,
0x00000200bd33e7a0, 0x00000200c0ba5fd0, 0x00000200bd33fae0, 0x00000200c2356bb0,
0x00000200bdff1670, 0x00000200bcf97e30, 0x00000200bd917f50, 0x00000200bdff3350,
0x00000200c0bac4e0, 0x00000200bdfef990, 0x00000200beb33950, 0x00000200c2357ef0,
0x00000200c0bace80, 0x00000200c0600610, 0x00000200c0ba64a0, 0x00000200bd919290,
0x00000200bcf95c80, 0x00000200beb33480
}

Java Threads: ( => current thread )
  0x000002009df4e1d0 JavaThread "main" [_thread_blocked, id=12356, stack(0x000000faed700000,0x000000faed800000)]
  0x00000200b7d90860 JavaThread "Reference Handler" daemon [_thread_blocked, id=11612, stack(0x000000faede00000,0x000000faedf00000)]
  0x00000200b7d96240 JavaThread "Finalizer" daemon [_thread_blocked, id=19316, stack(0x000000faedf00000,0x000000faee000000)]
  0x00000200b7dbd5b0 JavaThread "Signal Dispatcher" daemon [_thread_blocked, id=17016, stack(0x000000faee000000,0x000000faee100000)]
  0x00000200b7dbde70 JavaThread "Attach Listener" daemon [_thread_blocked, id=4844, stack(0x000000faee100000,0x000000faee200000)]
  0x00000200b7dbe830 JavaThread "Service Thread" daemon [_thread_blocked, id=16936, stack(0x000000faee200000,0x000000faee300000)]
  0x00000200b8839330 JavaThread "Monitor Deflation Thread" daemon [_thread_blocked, id=2212, stack(0x000000faee300000,0x000000faee400000)]
  0x00000200b8839f20 JavaThread "C2 CompilerThread0" daemon [_thread_blocked, id=6236, stack(0x000000faee400000,0x000000faee500000)]
  0x00000200b883a820 JavaThread "C1 CompilerThread0" daemon [_thread_blocked, id=16652, stack(0x000000faee500000,0x000000faee600000)]
  0x00000200b883b120 JavaThread "Sweeper thread" daemon [_thread_blocked, id=17192, stack(0x000000faee600000,0x000000faee700000)]
  0x00000200b89d71d0 JavaThread "Common-Cleaner" daemon [_thread_blocked, id=13240, stack(0x000000faee700000,0x000000faee800000)]
  0x00000200b89d76a0 JavaThread "Notification Thread" daemon [_thread_blocked, id=7872, stack(0x000000faee800000,0x000000faee900000)]
  0x00000200ba1db6d0 JavaThread "Daemon health stats" [_thread_blocked, id=10644, stack(0x000000faeef00000,0x000000faef000000)]
  0x00000200b8a89830 JavaThread "Incoming local TCP Connector on port 29126" [_thread_in_native, id=4920, stack(0x000000faeea00000,0x000000faeeb00000)]
  0x00000200bb1130d0 JavaThread "Daemon periodic checks" [_thread_blocked, id=2356, stack(0x000000faef000000,0x000000faef100000)]
  0x00000200b8c79b00 JavaThread "Daemon" [_thread_blocked, id=11008, stack(0x000000faef200000,0x000000faef300000)]
  0x00000200b9919b10 JavaThread "Handler for socket connection from /127.0.0.1:29126 to /127.0.0.1:29127" [_thread_in_native, id=19068, stack(0x000000faef300000,0x000000faef400000)]
  0x00000200bafb9840 JavaThread "Cancel handler" [_thread_blocked, id=19440, stack(0x000000faef400000,0x000000faef500000)]
  0x00000200bb111970 JavaThread "Daemon worker" [_thread_blocked, id=4456, stack(0x000000faef500000,0x000000faef600000)]
  0x00000200b9bcb250 JavaThread "Asynchronous log dispatcher for DefaultDaemonConnection: socket connection from /127.0.0.1:29126 to /127.0.0.1:29127" [_thread_blocked, id=11524, stack(0x000000faef600000,0x000000faef700000)]
  0x00000200b9bcad80 JavaThread "Stdin handler" [_thread_blocked, id=3296, stack(0x000000faef700000,0x000000faef800000)]
  0x00000200b9bc9f10 JavaThread "Daemon client event forwarder" [_thread_blocked, id=11136, stack(0x000000faef800000,0x000000faef900000)]
  0x00000200b9bcca60 JavaThread "Cache worker for journal cache (C:\Users\HP\.gradle\caches\journal-1)" [_thread_blocked, id=18684, stack(0x000000faefc00000,0x000000faefd00000)]
  0x00000200b9bcb720 JavaThread "File lock request listener" [_thread_in_native, id=17072, stack(0x000000faefd00000,0x000000faefe00000)]
  0x00000200bb90d620 JavaThread "C2 CompilerThread1" daemon [_thread_blocked, id=12004, stack(0x000000faefe00000,0x000000faeff00000)]
  0x00000200b9bc9a40 JavaThread "Cache worker for file hash cache (C:\Users\HP\.gradle\caches\8.0.1\fileHashes)" [_thread_blocked, id=5436, stack(0x000000faeff00000,0x000000faf0000000)]
  0x00000200b9bca8b0 JavaThread "Cache worker for file hash cache (D:\IMF\running project\Mobile Apps\HMS-NEW@\MedAyu\android\.gradle\8.0.1\fileHashes)" [_thread_blocked, id=18748, stack(0x000000faf0000000,0x000000faf0100000)]
  0x00000200b9bcbbf0 JavaThread "Cache worker for file content cache (C:\Users\HP\.gradle\caches\8.0.1\fileContent)" [_thread_blocked, id=14352, stack(0x000000faf0100000,0x000000faf0200000)]
  0x00000200b9bcc0c0 JavaThread "Cache worker for checksums cache (D:\IMF\running project\Mobile Apps\HMS-NEW@\MedAyu\android\.gradle\8.0.1\checksums)" [_thread_blocked, id=16952, stack(0x000000faf0200000,0x000000faf0300000)]
  0x00000200b9bcc590 JavaThread "File watcher server" daemon [_thread_blocked, id=4460, stack(0x000000faf0300000,0x000000faf0400000)]
  0x00000200bda2e3a0 JavaThread "File watcher consumer" daemon [_thread_blocked, id=9900, stack(0x000000faf0400000,0x000000faf0500000)]
  0x00000200bda2e870 JavaThread "Cache worker for cache directory md-rule (C:\Users\HP\.gradle\caches\8.0.1\md-rule)" [_thread_blocked, id=15368, stack(0x000000faf0500000,0x000000faf0600000)]
  0x00000200bda2ed40 JavaThread "Cache worker for cache directory md-supplier (C:\Users\HP\.gradle\caches\8.0.1\md-supplier)" [_thread_blocked, id=10976, stack(0x000000faf0600000,0x000000faf0700000)]
  0x00000200bda2f210 JavaThread "Cache worker for execution history cache (C:\Users\HP\.gradle\caches\8.0.1\executionHistory)" [_thread_blocked, id=17904, stack(0x000000faf0700000,0x000000faf0800000)]
  0x00000200bda30080 JavaThread "build event listener" [_thread_blocked, id=16912, stack(0x000000faf0800000,0x000000faf0900000)]
  0x00000200bda30a20 JavaThread "Cache worker for Build Output Cleanup Cache (D:\IMF\running project\Mobile Apps\HMS-NEW@\MedAyu\android\.gradle\buildOutputCleanup)" [_thread_blocked, id=2208, stack(0x000000faf0900000,0x000000faf0a00000)]
  0x00000200bda2d060 JavaThread "Memory manager" [_thread_blocked, id=18100, stack(0x000000faf0a00000,0x000000faf0b00000)]
  0x00000200c0ba7cb0 JavaThread "included builds" [_thread_blocked, id=1576, stack(0x000000faf0b00000,0x000000faf0c00000)]
  0x00000200c0bac9b0 JavaThread "Execution worker" [_thread_blocked, id=13436, stack(0x000000faf0c00000,0x000000faf0d00000)]
  0x00000200c0bab670 JavaThread "Execution worker Thread 2" [_thread_blocked, id=13300, stack(0x000000faf0d00000,0x000000faf0e00000)]
  0x00000200c0baa330 JavaThread "Execution worker Thread 3" [_thread_blocked, id=13404, stack(0x000000faf0e00000,0x000000faf0f00000)]
  0x00000200c0ba7310 JavaThread "Execution worker Thread 4" [_thread_blocked, id=8944, stack(0x000000faf0f00000,0x000000faf1000000)]
  0x00000200c0baacd0 JavaThread "Execution worker Thread 5" [_thread_blocked, id=18068, stack(0x000000faf1000000,0x000000faf1100000)]
  0x00000200c0ba94c0 JavaThread "Execution worker Thread 6" [_thread_blocked, id=10680, stack(0x000000faf1100000,0x000000faf1200000)]
  0x00000200c0bab1a0 JavaThread "Execution worker Thread 7" [_thread_blocked, id=18804, stack(0x000000faf1200000,0x000000faf1300000)]
  0x00000200c0ba9e60 JavaThread "Cache worker for execution history cache (D:\IMF\running project\Mobile Apps\HMS-NEW@\MedAyu\android\.gradle\8.0.1\executionHistory)" [_thread_blocked, id=13400, stack(0x000000faf1300000,0x000000faf1400000)]
  0x00000200be0413b0 JavaThread "Unconstrained build operations" [_thread_blocked, id=16176, stack(0x000000faf1400000,0x000000faf1500000)]
  0x00000200bea06e60 JavaThread "Unconstrained build operations Thread 2" [_thread_blocked, id=9464, stack(0x000000faf1500000,0x000000faf1600000)]
  0x00000200bea07660 JavaThread "Unconstrained build operations Thread 3" [_thread_blocked, id=17332, stack(0x000000faf1600000,0x000000faf1700000)]
  0x00000200bea05b20 JavaThread "Unconstrained build operations Thread 4" [_thread_blocked, id=9940, stack(0x000000faf1700000,0x000000faf1800000)]
  0x00000200be041880 JavaThread "Unconstrained build operations Thread 5" [_thread_blocked, id=18824, stack(0x000000faf1800000,0x000000faf1900000)]
  0x00000200bd361c00 JavaThread "Unconstrained build operations Thread 6" [_thread_blocked, id=4360, stack(0x000000faf1900000,0x000000faf1a00000)]
  0x00000200be040070 JavaThread "Unconstrained build operations Thread 7" [_thread_blocked, id=4408, stack(0x000000faf1a00000,0x000000faf1b00000)]
  0x00000200be7e0880 JavaThread "Unconstrained build operations Thread 8" [_thread_blocked, id=1904, stack(0x000000faf1b00000,0x000000faf1c00000)]
  0x00000200bd361730 JavaThread "Unconstrained build operations Thread 9" [_thread_blocked, id=8420, stack(0x000000faf1c00000,0x000000faf1d00000)]
  0x00000200c0bac010 JavaThread "Unconstrained build operations Thread 10" [_thread_blocked, id=1104, stack(0x000000faf1d00000,0x000000faf1e00000)]
  0x00000200bd3243b0 JavaThread "Unconstrained build operations Thread 11" [_thread_blocked, id=17868, stack(0x000000faf1e00000,0x000000faf1f00000)]
  0x00000200bd362f40 JavaThread "Unconstrained build operations Thread 12" [_thread_blocked, id=8292, stack(0x000000faf1f00000,0x000000faf2000000)]
  0x00000200bd3620d0 JavaThread "Unconstrained build operations Thread 13" [_thread_blocked, id=13416, stack(0x000000faf2000000,0x000000faf2100000)]
  0x00000200bdd9aaf0 JavaThread "Unconstrained build operations Thread 14" [_thread_blocked, id=6296, stack(0x000000faf2100000,0x000000faf2200000)]
  0x00000200bd3625a0 JavaThread "Unconstrained build operations Thread 15" [_thread_blocked, id=12648, stack(0x000000faf2200000,0x000000faf2300000)]
  0x00000200bd362a70 JavaThread "Unconstrained build operations Thread 16" [_thread_blocked, id=17836, stack(0x000000faf2300000,0x000000faf2400000)]
  0x00000200bdd9afc0 JavaThread "Unconstrained build operations Thread 17" [_thread_blocked, id=15692, stack(0x000000faf2400000,0x000000faf2500000)]
  0x00000200bd323a10 JavaThread "Unconstrained build operations Thread 18" [_thread_blocked, id=16472, stack(0x000000faf2500000,0x000000faf2600000)]
  0x00000200bdd9b490 JavaThread "Unconstrained build operations Thread 19" [_thread_blocked, id=2028, stack(0x000000faf2600000,0x000000faf2700000)]
  0x00000200be040540 JavaThread "Unconstrained build operations Thread 20" [_thread_blocked, id=14548, stack(0x000000faf2700000,0x000000faf2800000)]
  0x00000200bea05ff0 JavaThread "Unconstrained build operations Thread 21" [_thread_blocked, id=13372, stack(0x000000faf2800000,0x000000faf2900000)]
  0x00000200be040ee0 JavaThread "Unconstrained build operations Thread 22" [_thread_blocked, id=12188, stack(0x000000faf2900000,0x000000faf2a00000)]
  0x00000200bdff24e0 JavaThread "Unconstrained build operations Thread 23" [_thread_blocked, id=12504, stack(0x000000faf2a00000,0x000000faf2b00000)]
  0x00000200be040a10 JavaThread "Unconstrained build operations Thread 24" [_thread_blocked, id=13904, stack(0x000000faf2b00000,0x000000faf2c00000)]
  0x00000200bdd9b960 JavaThread "Unconstrained build operations Thread 25" [_thread_blocked, id=17020, stack(0x000000faf2c00000,0x000000faf2d00000)]
  0x00000200c0ba6970 JavaThread "Unconstrained build operations Thread 26" [_thread_blocked, id=6284, stack(0x000000faf2d00000,0x000000faf2e00000)]
  0x00000200bdff2010 JavaThread "Unconstrained build operations Thread 27" [_thread_blocked, id=13912, stack(0x000000faf2e00000,0x000000faf2f00000)]
  0x00000200be7e03b0 JavaThread "Unconstrained build operations Thread 28" [_thread_blocked, id=7868, stack(0x000000faf2f00000,0x000000faf3000000)]
  0x00000200bdff0800 JavaThread "Unconstrained build operations Thread 29" [_thread_blocked, id=12916, stack(0x000000faf3000000,0x000000faf3100000)]
  0x00000200bea06990 JavaThread "Unconstrained build operations Thread 30" [_thread_blocked, id=19348, stack(0x000000faf3100000,0x000000faf3200000)]
  0x00000200bdd9a150 JavaThread "Unconstrained build operations Thread 31" [_thread_blocked, id=13180, stack(0x000000faf3200000,0x000000faf3300000)]
  0x00000200bdff29b0 JavaThread "Unconstrained build operations Thread 32" [_thread_blocked, id=992, stack(0x000000faf3300000,0x000000faf3400000)]
  0x00000200bea064c0 JavaThread "Unconstrained build operations Thread 33" [_thread_blocked, id=4184, stack(0x000000faf3400000,0x000000faf3500000)]
  0x00000200c0ac4590 JavaThread "Unconstrained build operations Thread 34" [_thread_blocked, id=11488, stack(0x000000faf3500000,0x000000faf3600000)]
  0x00000200bdff2e80 JavaThread "Unconstrained build operations Thread 35" [_thread_blocked, id=11756, stack(0x000000faf3600000,0x000000faf3700000)]
  0x00000200bdfefe60 JavaThread "Unconstrained build operations Thread 36" [_thread_blocked, id=11256, stack(0x000000faf3700000,0x000000faf3800000)]
  0x00000200bdff1b40 JavaThread "Unconstrained build operations Thread 37" [_thread_blocked, id=17968, stack(0x000000faf3800000,0x000000faf3900000)]
  0x00000200be7dfa10 JavaThread "Unconstrained build operations Thread 38" [_thread_blocked, id=14804, stack(0x000000faf3900000,0x000000faf3a00000)]
  0x00000200bdd9a620 JavaThread "Unconstrained build operations Thread 39" [_thread_blocked, id=6904, stack(0x000000faf3a00000,0x000000faf3b00000)]
  0x00000200c0bad350 JavaThread "Unconstrained build operations Thread 40" [_thread_blocked, id=12548, stack(0x000000faf3b00000,0x000000faf3c00000)]
  0x00000200bdff0cd0 JavaThread "Unconstrained build operations Thread 41" [_thread_blocked, id=18404, stack(0x000000faf3c00000,0x000000faf3d00000)]
  0x00000200c0ac58d0 JavaThread "Unconstrained build operations Thread 42" [_thread_blocked, id=15976, stack(0x000000faf3d00000,0x000000faf3e00000)]
  0x00000200be7df540 JavaThread "Unconstrained build operations Thread 44" [_thread_blocked, id=18920, stack(0x000000faf3e00000,0x000000faf3f00000)]
  0x00000200c0ac40c0 JavaThread "Unconstrained build operations Thread 45" [_thread_blocked, id=12264, stack(0x000000faf3f00000,0x000000faf4000000)]
  0x00000200c0ac4a60 JavaThread "Unconstrained build operations Thread 43" [_thread_blocked, id=15992, stack(0x000000faf4000000,0x000000faf4100000)]
  0x00000200bd323540 JavaThread "Unconstrained build operations Thread 46" [_thread_blocked, id=13252, stack(0x000000faf4100000,0x000000faf4200000)]
  0x00000200c0ba6e40 JavaThread "Unconstrained build operations Thread 47" [_thread_blocked, id=19336, stack(0x000000faf4200000,0x000000faf4300000)]
  0x00000200c0ac4f30 JavaThread "Unconstrained build operations Thread 48" [_thread_blocked, id=8272, stack(0x000000faf4300000,0x000000faf4400000)]
  0x00000200c0ac5400 JavaThread "Unconstrained build operations Thread 49" [_thread_blocked, id=17652, stack(0x000000faf4400000,0x000000faf4500000)]
  0x00000200bd323ee0 JavaThread "Unconstrained build operations Thread 52" [_thread_blocked, id=2232, stack(0x000000faf4500000,0x000000faf4600000)]
  0x00000200bdff0330 JavaThread "Unconstrained build operations Thread 51" [_thread_blocked, id=18244, stack(0x000000faf4600000,0x000000faf4700000)]
  0x00000200bdff11a0 JavaThread "Unconstrained build operations Thread 50" [_thread_blocked, id=18200, stack(0x000000faf4700000,0x000000faf4800000)]
  0x00000200bea05650 JavaThread "Unconstrained build operations Thread 53" [_thread_blocked, id=14568, stack(0x000000faf4800000,0x000000faf4900000)]
  0x00000200bea07b30 JavaThread "Unconstrained build operations Thread 54" [_thread_blocked, id=1668, stack(0x000000faf4900000,0x000000faf4a00000)]
  0x00000200be7dfee0 JavaThread "Unconstrained build operations Thread 55" [_thread_blocked, id=4656, stack(0x000000faf4a00000,0x000000faf4b00000)]
  0x00000200c2354ed0 JavaThread "Unconstrained build operations Thread 57" [_thread_blocked, id=13360, stack(0x000000faf4b00000,0x000000faf4c00000)]
  0x00000200bd324880 JavaThread "Unconstrained build operations Thread 59" [_thread_blocked, id=13232, stack(0x000000faf4c00000,0x000000faf4d00000)]
  0x00000200c2357080 JavaThread "Unconstrained build operations Thread 56" [_thread_blocked, id=15312, stack(0x000000faf4d00000,0x000000faf4e00000)]
  0x00000200bea089a0 JavaThread "Unconstrained build operations Thread 60" [_thread_blocked, id=16724, stack(0x000000faf4e00000,0x000000faf4f00000)]
  0x00000200c0ba5b00 JavaThread "Unconstrained build operations Thread 58" [_thread_blocked, id=18124, stack(0x000000faf4f00000,0x000000faf5000000)]
  0x00000200bd33ffb0 JavaThread "Unconstrained build operations Thread 61" [_thread_blocked, id=18868, stack(0x000000faf5000000,0x000000faf5100000)]
  0x00000200bd323070 JavaThread "Unconstrained build operations Thread 62" [_thread_blocked, id=4056, stack(0x000000faf5100000,0x000000faf5200000)]
  0x00000200bd33e7a0 JavaThread "Unconstrained build operations Thread 63" [_thread_blocked, id=13484, stack(0x000000faf5200000,0x000000faf5300000)]
  0x00000200c0ba5fd0 JavaThread "Unconstrained build operations Thread 65" [_thread_blocked, id=13264, stack(0x000000faf5300000,0x000000faf5400000)]
  0x00000200bd33fae0 JavaThread "Unconstrained build operations Thread 64" [_thread_blocked, id=16712, stack(0x000000faf5400000,0x000000faf5500000)]
  0x00000200c2356bb0 JavaThread "Unconstrained build operations Thread 67" [_thread_blocked, id=18056, stack(0x000000faf5500000,0x000000faf5600000)]
  0x00000200bdff1670 JavaThread "Unconstrained build operations Thread 68" [_thread_blocked, id=17756, stack(0x000000faf5600000,0x000000faf5700000)]
  0x00000200bcf97e30 JavaThread "Unconstrained build operations Thread 66" [_thread_blocked, id=16532, stack(0x000000faf5700000,0x000000faf5800000)]
  0x00000200bd917f50 JavaThread "Unconstrained build operations Thread 69" [_thread_blocked, id=4988, stack(0x000000faf5800000,0x000000faf5900000)]
  0x00000200bdff3350 JavaThread "Unconstrained build operations Thread 70" [_thread_blocked, id=19300, stack(0x000000faf5900000,0x000000faf5a00000)]
  0x00000200c0bac4e0 JavaThread "Unconstrained build operations Thread 71" [_thread_blocked, id=18676, stack(0x000000faf5a00000,0x000000faf5b00000)]
  0x00000200bdfef990 JavaThread "Unconstrained build operations Thread 74" [_thread_blocked, id=14640, stack(0x000000faf5b00000,0x000000faf5c00000)]
  0x00000200beb33950 JavaThread "Unconstrained build operations Thread 73" [_thread_blocked, id=14740, stack(0x000000faf5c00000,0x000000faf5d00000)]
  0x00000200c2357ef0 JavaThread "Unconstrained build operations Thread 72" [_thread_blocked, id=6372, stack(0x000000faf5d00000,0x000000faf5e00000)]
  0x00000200c0bace80 JavaThread "Unconstrained build operations Thread 75" [_thread_blocked, id=16432, stack(0x000000faf5e00000,0x000000faf5f00000)]
  0x00000200c0600610 JavaThread "Unconstrained build operations Thread 76" [_thread_blocked, id=4688, stack(0x000000faf5f00000,0x000000faf6000000)]
  0x00000200c0ba64a0 JavaThread "Unconstrained build operations Thread 77" [_thread_blocked, id=2744, stack(0x000000faf6000000,0x000000faf6100000)]
  0x00000200bd919290 JavaThread "Unconstrained build operations Thread 78" [_thread_blocked, id=17504, stack(0x000000faf6100000,0x000000faf6200000)]
  0x00000200bcf95c80 JavaThread "Unconstrained build operations Thread 79" [_thread_blocked, id=17944, stack(0x000000faf6200000,0x000000faf6300000)]
  0x00000200beb33480 JavaThread "Unconstrained build operations Thread 80" [_thread_blocked, id=14248, stack(0x000000faf6300000,0x000000faf6400000)]

Other Threads:
=>0x00000200b7d8f330 VMThread "VM Thread" [stack: 0x000000faedd00000,0x000000faede00000] [id=12724]
  0x000002009dfd6740 WatcherThread [stack: 0x000000faee900000,0x000000faeea00000] [id=8280]
  0x000002009dfa89a0 GCTaskThread "GC Thread#0" [stack: 0x000000faed800000,0x000000faed900000] [id=17008]
  0x00000200b97a69d0 GCTaskThread "GC Thread#1" [stack: 0x000000faeeb00000,0x000000faeec00000] [id=7084]
  0x00000200b908ae30 GCTaskThread "GC Thread#2" [stack: 0x000000faeec00000,0x000000faeed00000] [id=17520]
  0x00000200b900d5d0 GCTaskThread "GC Thread#3" [stack: 0x000000faeed00000,0x000000faeee00000] [id=15920]
  0x00000200b998f720 GCTaskThread "GC Thread#4" [stack: 0x000000faeee00000,0x000000faeef00000] [id=17392]
  0x00000200bad6c040 GCTaskThread "GC Thread#5" [stack: 0x000000faef100000,0x000000faef200000] [id=17132]
  0x00000200bad6c2f0 GCTaskThread "GC Thread#6" [stack: 0x000000faef900000,0x000000faefa00000] [id=8872]
  0x00000200bad6c5a0 GCTaskThread "GC Thread#7" [stack: 0x000000faefa00000,0x000000faefb00000] [id=17136]
  0x000002009dfb97f0 ConcurrentGCThread "G1 Main Marker" [stack: 0x000000faed900000,0x000000faeda00000] [id=11600]
  0x000002009dfba110 ConcurrentGCThread "G1 Conc#0" [stack: 0x000000faeda00000,0x000000faedb00000] [id=11228]
  0x00000200bb32f360 ConcurrentGCThread "G1 Conc#1" [stack: 0x000000faefb00000,0x000000faefc00000] [id=12616]
  0x000002009e00d330 ConcurrentGCThread "G1 Refine#0" [stack: 0x000000faedb00000,0x000000faedc00000] [id=6644]
  0x000002009e00dc60 ConcurrentGCThread "G1 Service" [stack: 0x000000faedc00000,0x000000faedd00000] [id=3604]

Threads with active compile tasks:
C2 CompilerThread0    19531 9437       4       org.gradle.internal.snapshot.LargeChildMap::withNode (45 bytes)
C2 CompilerThread1    19531 9442       4       org.gradle.internal.file.FileHierarchySet$Node::contains (101 bytes)

VM state: at safepoint (normal execution)

VM Mutex/Monitor currently owned by a thread:  ([mutex/lock_event])
[0x000002009df487e0] Threads_lock - owner thread: 0x00000200b7d8f330
[0x000002009df48900] Heap_lock - owner thread: 0x00000200c0ba94c0

Heap address: 0x0000000080000000, size: 2048 MB, Compressed Oops mode: 32-bit

CDS archive(s) not mapped
Compressed class space mapped at: 0x0000000100000000-0x0000000119c00000, reserved size: 432013312
Narrow klass base: 0x0000000000000000, Narrow klass shift: 3, Narrow klass range: 0x119c00000

GC Precious Log:
 CPUs: 8 total, 8 available
 Memory: 7879M
 Large Page Support: Disabled
 NUMA Support: Disabled
 Compressed Oops: Enabled (32-bit)
 Heap Region Size: 1M
 Heap Min Capacity: 8M
 Heap Initial Capacity: 124M
 Heap Max Capacity: 2G
 Pre-touch: Disabled
 Parallel Workers: 8
 Concurrent Workers: 2
 Concurrent Refinement Workers: 8
 Periodic GC: Disabled

Heap:
 garbage-first heap   total 164864K, used 102436K [0x0000000080000000, 0x0000000100000000)
  region size 1024K, 3 young (3072K), 3 survivors (3072K)
 Metaspace       used 66491K, committed 67264K, reserved 487424K
  class space    used 9087K, committed 9472K, reserved 421888K

Heap Regions: E=young(eden), S=young(survivor), O=old, HS=humongous(starts), HC=humongous(continues), CS=collection set, F=free, OA=open archive, CA=closed archive, TAMS=top-at-mark-start (previous, next)
|   0|0x0000000080000000, 0x0000000080100000, 0x0000000080100000|100%|HS|  |TAMS 0x0000000080100000, 0x0000000080000000| Complete 
|   1|0x0000000080100000, 0x0000000080200000, 0x0000000080200000|100%|HC|  |TAMS 0x0000000080200000, 0x0000000080100000| Complete 
|   2|0x0000000080200000, 0x0000000080300000, 0x0000000080300000|100%|HC|  |TAMS 0x0000000080300000, 0x0000000080200000| Complete 
|   3|0x0000000080300000, 0x0000000080400000, 0x0000000080400000|100%|HC|  |TAMS 0x0000000080400000, 0x0000000080300000| Complete 
|   4|0x0000000080400000, 0x0000000080500000, 0x0000000080500000|100%| O|  |TAMS 0x0000000080500000, 0x0000000080400000| Untracked 
|   5|0x0000000080500000, 0x0000000080600000, 0x0000000080600000|100%| O|  |TAMS 0x0000000080600000, 0x0000000080500000| Untracked 
|   6|0x0000000080600000, 0x0000000080700000, 0x0000000080700000|100%| O|  |TAMS 0x0000000080700000, 0x0000000080600000| Untracked 
|   7|0x0000000080700000, 0x0000000080800000, 0x0000000080800000|100%| O|  |TAMS 0x0000000080800000, 0x0000000080700000| Untracked 
|   8|0x0000000080800000, 0x0000000080900000, 0x0000000080900000|100%| O|  |TAMS 0x0000000080900000, 0x0000000080800000| Untracked 
|   9|0x0000000080900000, 0x0000000080a00000, 0x0000000080a00000|100%| O|  |TAMS 0x0000000080a00000, 0x0000000080900000| Untracked 
|  10|0x0000000080a00000, 0x0000000080b00000, 0x0000000080b00000|100%| O|  |TAMS 0x0000000080b00000, 0x0000000080a00000| Untracked 
|  11|0x0000000080b00000, 0x0000000080c00000, 0x0000000080c00000|100%| O|  |TAMS 0x0000000080c00000, 0x0000000080b00000| Untracked 
|  12|0x0000000080c00000, 0x0000000080d00000, 0x0000000080d00000|100%| O|  |TAMS 0x0000000080d00000, 0x0000000080c00000| Untracked 
|  13|0x0000000080d00000, 0x0000000080e00000, 0x0000000080e00000|100%| O|  |TAMS 0x0000000080e00000, 0x0000000080d00000| Untracked 
|  14|0x0000000080e00000, 0x0000000080f00000, 0x0000000080f00000|100%| O|  |TAMS 0x0000000080f00000, 0x0000000080e00000| Untracked 
|  15|0x0000000080f00000, 0x0000000081000000, 0x0000000081000000|100%| O|  |TAMS 0x0000000081000000, 0x0000000080f00000| Untracked 
|  16|0x0000000081000000, 0x0000000081100000, 0x0000000081100000|100%| O|  |TAMS 0x0000000081100000, 0x0000000081000000| Untracked 
|  17|0x0000000081100000, 0x0000000081200000, 0x0000000081200000|100%| O|  |TAMS 0x0000000081200000, 0x0000000081100000| Untracked 
|  18|0x0000000081200000, 0x0000000081300000, 0x0000000081300000|100%| O|  |TAMS 0x0000000081300000, 0x0000000081200000| Untracked 
|  19|0x0000000081300000, 0x0000000081400000, 0x0000000081400000|100%| O|  |TAMS 0x0000000081400000, 0x0000000081300000| Untracked 
|  20|0x0000000081400000, 0x0000000081500000, 0x0000000081500000|100%| O|  |TAMS 0x0000000081500000, 0x0000000081400000| Untracked 
|  21|0x0000000081500000, 0x0000000081600000, 0x0000000081600000|100%|HS|  |TAMS 0x0000000081600000, 0x0000000081500000| Complete 
|  22|0x0000000081600000, 0x0000000081700000, 0x0000000081700000|100%|HC|  |TAMS 0x0000000081700000, 0x0000000081600000| Complete 
|  23|0x0000000081700000, 0x0000000081800000, 0x0000000081800000|100%| O|  |TAMS 0x0000000081800000, 0x0000000081700000| Untracked 
|  24|0x0000000081800000, 0x0000000081900000, 0x0000000081900000|100%|HS|  |TAMS 0x0000000081900000, 0x0000000081800000| Complete 
|  25|0x0000000081900000, 0x0000000081a00000, 0x0000000081a00000|100%|HS|  |TAMS 0x0000000081a00000, 0x0000000081900000| Complete 
|  26|0x0000000081a00000, 0x0000000081b00000, 0x0000000081b00000|100%| O|  |TAMS 0x0000000081b00000, 0x0000000081a00000| Untracked 
|  27|0x0000000081b00000, 0x0000000081c00000, 0x0000000081c00000|100%| O|  |TAMS 0x0000000081c00000, 0x0000000081b00000| Untracked 
|  28|0x0000000081c00000, 0x0000000081d00000, 0x0000000081d00000|100%| O|  |TAMS 0x0000000081d00000, 0x0000000081c00000| Untracked 
|  29|0x0000000081d00000, 0x0000000081e00000, 0x0000000081e00000|100%| O|  |TAMS 0x0000000081e00000, 0x0000000081d00000| Untracked 
|  30|0x0000000081e00000, 0x0000000081f00000, 0x0000000081f00000|100%| O|  |TAMS 0x0000000081f00000, 0x0000000081e00000| Untracked 
|  31|0x0000000081f00000, 0x0000000082000000, 0x0000000082000000|100%| O|  |TAMS 0x0000000082000000, 0x0000000081f00000| Untracked 
|  32|0x0000000082000000, 0x0000000082100000, 0x0000000082100000|100%| O|  |TAMS 0x0000000082100000, 0x0000000082000000| Untracked 
|  33|0x0000000082100000, 0x0000000082200000, 0x0000000082200000|100%| O|  |TAMS 0x0000000082200000, 0x0000000082100000| Untracked 
|  34|0x0000000082200000, 0x0000000082300000, 0x0000000082300000|100%|HS|  |TAMS 0x0000000082300000, 0x0000000082200000| Complete 
|  35|0x0000000082300000, 0x0000000082400000, 0x0000000082400000|100%| O|  |TAMS 0x0000000082400000, 0x0000000082300000| Untracked 
|  36|0x0000000082400000, 0x0000000082500000, 0x0000000082500000|100%| O|  |TAMS 0x0000000082500000, 0x0000000082400000| Untracked 
|  37|0x0000000082500000, 0x0000000082600000, 0x0000000082600000|100%| O|  |TAMS 0x0000000082600000, 0x0000000082500000| Untracked 
|  38|0x0000000082600000, 0x0000000082700000, 0x0000000082700000|100%| O|  |TAMS 0x0000000082700000, 0x0000000082600000| Untracked 
|  39|0x0000000082700000, 0x0000000082800000, 0x0000000082800000|100%| O|  |TAMS 0x0000000082800000, 0x0000000082700000| Untracked 
|  40|0x0000000082800000, 0x0000000082900000, 0x0000000082900000|100%| O|  |TAMS 0x0000000082900000, 0x0000000082800000| Untracked 
|  41|0x0000000082900000, 0x0000000082a00000, 0x0000000082a00000|100%| O|  |TAMS 0x0000000082a00000, 0x0000000082900000| Untracked 
|  42|0x0000000082a00000, 0x0000000082b00000, 0x0000000082b00000|100%| O|  |TAMS 0x0000000082b00000, 0x0000000082a00000| Untracked 
|  43|0x0000000082b00000, 0x0000000082c00000, 0x0000000082c00000|100%| O|  |TAMS 0x0000000082c00000, 0x0000000082b00000| Untracked 
|  44|0x0000000082c00000, 0x0000000082d00000, 0x0000000082d00000|100%|HS|  |TAMS 0x0000000082d00000, 0x0000000082c00000| Complete 
|  45|0x0000000082d00000, 0x0000000082e00000, 0x0000000082e00000|100%|HS|  |TAMS 0x0000000082e00000, 0x0000000082d00000| Complete 
|  46|0x0000000082e00000, 0x0000000082f00000, 0x0000000082f00000|100%|HS|  |TAMS 0x0000000082f00000, 0x0000000082e00000| Complete 
|  47|0x0000000082f00000, 0x0000000083000000, 0x0000000083000000|100%|HC|  |TAMS 0x0000000083000000, 0x0000000082f00000| Complete 
|  48|0x0000000083000000, 0x0000000083100000, 0x0000000083100000|100%|HC|  |TAMS 0x0000000083100000, 0x0000000083000000| Complete 
|  49|0x0000000083100000, 0x0000000083200000, 0x0000000083200000|100%| O|  |TAMS 0x0000000083200000, 0x0000000083100000| Untracked 
|  50|0x0000000083200000, 0x0000000083300000, 0x0000000083300000|100%| O|  |TAMS 0x0000000083300000, 0x0000000083200000| Untracked 
|  51|0x0000000083300000, 0x0000000083400000, 0x0000000083400000|100%| O|  |TAMS 0x0000000083400000, 0x0000000083300000| Untracked 
|  52|0x0000000083400000, 0x0000000083500000, 0x0000000083500000|100%| O|  |TAMS 0x0000000083500000, 0x0000000083400000| Untracked 
|  53|0x0000000083500000, 0x0000000083600000, 0x0000000083600000|100%| O|  |TAMS 0x0000000083600000, 0x0000000083500000| Untracked 
|  54|0x0000000083600000, 0x0000000083700000, 0x0000000083700000|100%| O|  |TAMS 0x0000000083700000, 0x0000000083600000| Untracked 
|  55|0x0000000083700000, 0x0000000083800000, 0x0000000083800000|100%| O|  |TAMS 0x0000000083800000, 0x0000000083700000| Untracked 
|  56|0x0000000083800000, 0x0000000083900000, 0x0000000083900000|100%| O|  |TAMS 0x0000000083900000, 0x0000000083800000| Untracked 
|  57|0x0000000083900000, 0x0000000083a00000, 0x0000000083a00000|100%| O|  |TAMS 0x0000000083a00000, 0x0000000083900000| Untracked 
|  58|0x0000000083a00000, 0x0000000083b00000, 0x0000000083b00000|100%| O|  |TAMS 0x0000000083b00000, 0x0000000083a00000| Untracked 
|  59|0x0000000083b00000, 0x0000000083c00000, 0x0000000083c00000|100%| O|  |TAMS 0x0000000083c00000, 0x0000000083b00000| Untracked 
|  60|0x0000000083c00000, 0x0000000083d00000, 0x0000000083d00000|100%|HS|  |TAMS 0x0000000083d00000, 0x0000000083c00000| Complete 
|  61|0x0000000083d00000, 0x0000000083e00000, 0x0000000083e00000|100%|HS|  |TAMS 0x0000000083e00000, 0x0000000083d00000| Complete 
|  62|0x0000000083e00000, 0x0000000083f00000, 0x0000000083f00000|100%|HS|  |TAMS 0x0000000083f00000, 0x0000000083e00000| Complete 
|  63|0x0000000083f00000, 0x0000000084000000, 0x0000000084000000|100%|HC|  |TAMS 0x0000000084000000, 0x0000000083f00000| Complete 
|  64|0x0000000084000000, 0x0000000084100000, 0x0000000084100000|100%|HC|  |TAMS 0x0000000084100000, 0x0000000084000000| Complete 
|  65|0x0000000084100000, 0x0000000084200000, 0x0000000084200000|100%|HS|  |TAMS 0x0000000084200000, 0x0000000084100000| Complete 
|  66|0x0000000084200000, 0x0000000084300000, 0x0000000084300000|100%|HC|  |TAMS 0x0000000084300000, 0x0000000084200000| Complete 
|  67|0x0000000084300000, 0x0000000084400000, 0x0000000084400000|100%| O|  |TAMS 0x0000000084400000, 0x0000000084300000| Untracked 
|  68|0x0000000084400000, 0x0000000084500000, 0x0000000084500000|100%| O|  |TAMS 0x0000000084400000, 0x0000000084400000| Untracked 
|  69|0x0000000084500000, 0x0000000084600000, 0x0000000084600000|100%| O|  |TAMS 0x0000000084600000, 0x0000000084500000| Untracked 
|  70|0x0000000084600000, 0x0000000084700000, 0x0000000084700000|100%| O|  |TAMS 0x0000000084700000, 0x0000000084600000| Untracked 
|  71|0x0000000084700000, 0x0000000084800000, 0x0000000084800000|100%| O|  |TAMS 0x0000000084800000, 0x0000000084700000| Untracked 
|  72|0x0000000084800000, 0x0000000084900000, 0x0000000084900000|100%| O|  |TAMS 0x0000000084900000, 0x0000000084800000| Untracked 
|  73|0x0000000084900000, 0x0000000084a00000, 0x0000000084a00000|100%| O|  |TAMS 0x0000000084a00000, 0x0000000084900000| Untracked 
|  74|0x0000000084a00000, 0x0000000084b00000, 0x0000000084b00000|100%| O|  |TAMS 0x0000000084b00000, 0x0000000084a00000| Untracked 
|  75|0x0000000084b00000, 0x0000000084c00000, 0x0000000084c00000|100%| O|  |TAMS 0x0000000084c00000, 0x0000000084b00000| Untracked 
|  76|0x0000000084c00000, 0x0000000084d00000, 0x0000000084d00000|100%| O|  |TAMS 0x0000000084d00000, 0x0000000084c00000| Untracked 
|  77|0x0000000084d00000, 0x0000000084e00000, 0x0000000084e00000|100%| O|  |TAMS 0x0000000084e00000, 0x0000000084d00000| Untracked 
|  78|0x0000000084e00000, 0x0000000084f00000, 0x0000000084f00000|100%| O|  |TAMS 0x0000000084f00000, 0x0000000084e00000| Untracked 
|  79|0x0000000084f00000, 0x0000000085000000, 0x0000000085000000|100%| O|  |TAMS 0x0000000085000000, 0x0000000084f00000| Untracked 
|  80|0x0000000085000000, 0x0000000085100000, 0x0000000085100000|100%| O|  |TAMS 0x0000000085100000, 0x0000000085000000| Untracked 
|  81|0x0000000085100000, 0x0000000085200000, 0x0000000085200000|100%| O|  |TAMS 0x0000000085200000, 0x0000000085100000| Untracked 
|  82|0x0000000085200000, 0x0000000085300000, 0x0000000085300000|100%| O|  |TAMS 0x0000000085300000, 0x0000000085200000| Untracked 
|  83|0x0000000085300000, 0x0000000085400000, 0x0000000085400000|100%| O|  |TAMS 0x0000000085300000, 0x0000000085300000| Untracked 
|  84|0x0000000085400000, 0x0000000085500000, 0x0000000085500000|100%| O|  |TAMS 0x0000000085500000, 0x0000000085400000| Untracked 
|  85|0x0000000085500000, 0x0000000085600000, 0x0000000085600000|100%| O|  |TAMS 0x0000000085500000, 0x0000000085500000| Untracked 
|  86|0x0000000085600000, 0x0000000085700000, 0x0000000085700000|100%| O|  |TAMS 0x0000000085600000, 0x0000000085600000| Untracked 
|  87|0x0000000085700000, 0x0000000085800000, 0x0000000085800000|100%| O|  |TAMS 0x0000000085700000, 0x0000000085700000| Untracked 
|  88|0x0000000085800000, 0x0000000085900000, 0x0000000085900000|100%| O|  |TAMS 0x0000000085800000, 0x0000000085800000| Untracked 
|  89|0x0000000085900000, 0x0000000085a00000, 0x0000000085a00000|100%| O|  |TAMS 0x0000000085900000, 0x0000000085900000| Untracked 
|  90|0x0000000085a00000, 0x0000000085b00000, 0x0000000085b00000|100%| O|  |TAMS 0x0000000085a00000, 0x0000000085a00000| Untracked 
|  91|0x0000000085b00000, 0x0000000085c00000, 0x0000000085c00000|100%| O|  |TAMS 0x0000000085b00000, 0x0000000085b00000| Untracked 
|  92|0x0000000085c00000, 0x0000000085d00000, 0x0000000085d00000|100%| O|  |TAMS 0x0000000085c00000, 0x0000000085c00000| Untracked 
|  93|0x0000000085d00000, 0x0000000085e00000, 0x0000000085e00000|100%| O|  |TAMS 0x0000000085d00000, 0x0000000085d00000| Untracked 
|  94|0x0000000085e00000, 0x0000000085f00000, 0x0000000085f00000|100%| O|  |TAMS 0x0000000085e00000, 0x0000000085e00000| Untracked 
|  95|0x0000000085f00000, 0x0000000086000000, 0x0000000086000000|100%| O|  |TAMS 0x0000000085f00000, 0x0000000085f00000| Untracked 
|  96|0x0000000086000000, 0x0000000086100000, 0x0000000086100000|100%| O|  |TAMS 0x0000000086000000, 0x0000000086000000| Untracked 
|  97|0x0000000086100000, 0x00000000861ae200, 0x0000000086200000| 68%| O|  |TAMS 0x0000000086100000, 0x0000000086100000| Untracked 
|  98|0x0000000086200000, 0x0000000086200000, 0x0000000086300000|  0%| F|  |TAMS 0x0000000086200000, 0x0000000086200000| Untracked 
|  99|0x0000000086300000, 0x0000000086300000, 0x0000000086400000|  0%| F|  |TAMS 0x0000000086300000, 0x0000000086300000| Untracked 
| 100|0x0000000086400000, 0x0000000086400000, 0x0000000086500000|  0%| F|  |TAMS 0x0000000086400000, 0x0000000086400000| Untracked 
| 101|0x0000000086500000, 0x0000000086500000, 0x0000000086600000|  0%| F|  |TAMS 0x0000000086500000, 0x0000000086500000| Untracked 
| 102|0x0000000086600000, 0x0000000086600000, 0x0000000086700000|  0%| F|  |TAMS 0x0000000086600000, 0x0000000086600000| Untracked 
| 103|0x0000000086700000, 0x0000000086700000, 0x0000000086800000|  0%| F|  |TAMS 0x0000000086700000, 0x0000000086700000| Untracked 
| 104|0x0000000086800000, 0x0000000086800000, 0x0000000086900000|  0%| F|  |TAMS 0x0000000086800000, 0x0000000086800000| Untracked 
| 105|0x0000000086900000, 0x0000000086900000, 0x0000000086a00000|  0%| F|  |TAMS 0x0000000086900000, 0x0000000086900000| Untracked 
| 106|0x0000000086a00000, 0x0000000086a00000, 0x0000000086b00000|  0%| F|  |TAMS 0x0000000086a00000, 0x0000000086a00000| Untracked 
| 107|0x0000000086b00000, 0x0000000086b00000, 0x0000000086c00000|  0%| F|  |TAMS 0x0000000086b00000, 0x0000000086b00000| Untracked 
| 108|0x0000000086c00000, 0x0000000086c00000, 0x0000000086d00000|  0%| F|  |TAMS 0x0000000086c00000, 0x0000000086c00000| Untracked 
| 109|0x0000000086d00000, 0x0000000086d00000, 0x0000000086e00000|  0%| F|  |TAMS 0x0000000086d00000, 0x0000000086d00000| Untracked 
| 110|0x0000000086e00000, 0x0000000086e00000, 0x0000000086f00000|  0%| F|  |TAMS 0x0000000086e00000, 0x0000000086e00000| Untracked 
| 111|0x0000000086f00000, 0x0000000086f00000, 0x0000000087000000|  0%| F|  |TAMS 0x0000000086f00000, 0x0000000086f00000| Untracked 
| 112|0x0000000087000000, 0x0000000087000000, 0x0000000087100000|  0%| F|  |TAMS 0x0000000087000000, 0x0000000087000000| Untracked 
| 113|0x0000000087100000, 0x0000000087100000, 0x0000000087200000|  0%| F|  |TAMS 0x0000000087100000, 0x0000000087100000| Untracked 
| 114|0x0000000087200000, 0x0000000087200000, 0x0000000087300000|  0%| F|  |TAMS 0x0000000087200000, 0x0000000087200000| Untracked 
| 115|0x0000000087300000, 0x0000000087300000, 0x0000000087400000|  0%| F|  |TAMS 0x0000000087300000, 0x0000000087300000| Untracked 
| 116|0x0000000087400000, 0x0000000087400000, 0x0000000087500000|  0%| F|  |TAMS 0x0000000087400000, 0x0000000087400000| Untracked 
| 117|0x0000000087500000, 0x0000000087500000, 0x0000000087600000|  0%| F|  |TAMS 0x0000000087500000, 0x0000000087500000| Untracked 
| 118|0x0000000087600000, 0x0000000087600000, 0x0000000087700000|  0%| F|  |TAMS 0x0000000087600000, 0x0000000087600000| Untracked 
| 119|0x0000000087700000, 0x0000000087700000, 0x0000000087800000|  0%| F|  |TAMS 0x0000000087700000, 0x0000000087700000| Untracked 
| 120|0x0000000087800000, 0x0000000087800000, 0x0000000087900000|  0%| F|  |TAMS 0x0000000087800000, 0x0000000087800000| Untracked 
| 121|0x0000000087900000, 0x0000000087900000, 0x0000000087a00000|  0%| F|  |TAMS 0x0000000087900000, 0x0000000087900000| Untracked 
| 122|0x0000000087a00000, 0x0000000087a00000, 0x0000000087b00000|  0%| F|  |TAMS 0x0000000087a00000, 0x0000000087a00000| Untracked 
| 123|0x0000000087b00000, 0x0000000087b5ae10, 0x0000000087c00000| 35%| S|CS|TAMS 0x0000000087b00000, 0x0000000087b00000| Complete 
| 124|0x0000000087c00000, 0x0000000087c00000, 0x0000000087d00000|  0%| F|  |TAMS 0x0000000087c00000, 0x0000000087c00000| Untracked 
| 125|0x0000000087d00000, 0x0000000087d00000, 0x0000000087e00000|  0%| F|  |TAMS 0x0000000087d00000, 0x0000000087d00000| Untracked 
| 126|0x0000000087e00000, 0x0000000087f00000, 0x0000000087f00000|100%| S|CS|TAMS 0x0000000087e00000, 0x0000000087e00000| Complete 
| 127|0x0000000087f00000, 0x0000000088000000, 0x0000000088000000|100%| S|CS|TAMS 0x0000000087f00000, 0x0000000087f00000| Complete 
| 128|0x0000000088000000, 0x0000000088000000, 0x0000000088100000|  0%| F|  |TAMS 0x0000000088000000, 0x0000000088000000| Untracked 
| 129|0x0000000088100000, 0x0000000088100000, 0x0000000088200000|  0%| F|  |TAMS 0x0000000088100000, 0x0000000088100000| Untracked 
| 130|0x0000000088200000, 0x0000000088200000, 0x0000000088300000|  0%| F|  |TAMS 0x0000000088200000, 0x0000000088200000| Untracked 
| 131|0x0000000088300000, 0x0000000088300000, 0x0000000088400000|  0%| F|  |TAMS 0x0000000088300000, 0x0000000088300000| Untracked 
| 132|0x0000000088400000, 0x0000000088400000, 0x0000000088500000|  0%| F|  |TAMS 0x0000000088400000, 0x0000000088400000| Untracked 
| 133|0x0000000088500000, 0x0000000088500000, 0x0000000088600000|  0%| F|  |TAMS 0x0000000088500000, 0x0000000088500000| Untracked 
| 134|0x0000000088600000, 0x0000000088600000, 0x0000000088700000|  0%| F|  |TAMS 0x0000000088600000, 0x0000000088600000| Untracked 
| 135|0x0000000088700000, 0x0000000088700000, 0x0000000088800000|  0%| F|  |TAMS 0x0000000088700000, 0x0000000088700000| Untracked 
| 136|0x0000000088800000, 0x0000000088800000, 0x0000000088900000|  0%| F|  |TAMS 0x0000000088800000, 0x0000000088800000| Untracked 
| 137|0x0000000088900000, 0x0000000088900000, 0x0000000088a00000|  0%| F|  |TAMS 0x0000000088900000, 0x0000000088900000| Untracked 
| 138|0x0000000088a00000, 0x0000000088a00000, 0x0000000088b00000|  0%| F|  |TAMS 0x0000000088a00000, 0x0000000088a00000| Untracked 
| 139|0x0000000088b00000, 0x0000000088b00000, 0x0000000088c00000|  0%| F|  |TAMS 0x0000000088b00000, 0x0000000088b00000| Untracked 
| 140|0x0000000088c00000, 0x0000000088c00000, 0x0000000088d00000|  0%| F|  |TAMS 0x0000000088c00000, 0x0000000088c00000| Untracked 
| 141|0x0000000088d00000, 0x0000000088d00000, 0x0000000088e00000|  0%| F|  |TAMS 0x0000000088d00000, 0x0000000088d00000| Untracked 
| 142|0x0000000088e00000, 0x0000000088e00000, 0x0000000088f00000|  0%| F|  |TAMS 0x0000000088e00000, 0x0000000088e00000| Untracked 
| 143|0x0000000088f00000, 0x0000000088f00000, 0x0000000089000000|  0%| F|  |TAMS 0x0000000088f00000, 0x0000000088f00000| Untracked 
| 144|0x0000000089000000, 0x0000000089000000, 0x0000000089100000|  0%| F|  |TAMS 0x0000000089000000, 0x0000000089000000| Untracked 
| 145|0x0000000089100000, 0x0000000089100000, 0x0000000089200000|  0%| F|  |TAMS 0x0000000089100000, 0x0000000089100000| Untracked 
| 146|0x0000000089200000, 0x0000000089200000, 0x0000000089300000|  0%| F|  |TAMS 0x0000000089200000, 0x0000000089200000| Untracked 
| 147|0x0000000089300000, 0x0000000089300000, 0x0000000089400000|  0%| F|  |TAMS 0x0000000089300000, 0x0000000089300000| Untracked 
| 148|0x0000000089400000, 0x0000000089400000, 0x0000000089500000|  0%| F|  |TAMS 0x0000000089400000, 0x0000000089400000| Untracked 
| 149|0x0000000089500000, 0x0000000089500000, 0x0000000089600000|  0%| F|  |TAMS 0x0000000089500000, 0x0000000089500000| Untracked 
| 150|0x0000000089600000, 0x0000000089600000, 0x0000000089700000|  0%| F|  |TAMS 0x0000000089600000, 0x0000000089600000| Untracked 
| 151|0x0000000089700000, 0x0000000089700000, 0x0000000089800000|  0%| F|  |TAMS 0x0000000089700000, 0x0000000089700000| Untracked 
| 152|0x0000000089800000, 0x0000000089800000, 0x0000000089900000|  0%| F|  |TAMS 0x0000000089800000, 0x0000000089800000| Untracked 
| 153|0x0000000089900000, 0x0000000089900000, 0x0000000089a00000|  0%| F|  |TAMS 0x0000000089900000, 0x0000000089900000| Untracked 
| 154|0x0000000089a00000, 0x0000000089a00000, 0x0000000089b00000|  0%| F|  |TAMS 0x0000000089a00000, 0x0000000089a00000| Untracked 
| 155|0x0000000089b00000, 0x0000000089b00000, 0x0000000089c00000|  0%| F|  |TAMS 0x0000000089b00000, 0x0000000089b00000| Untracked 
| 156|0x0000000089c00000, 0x0000000089c00000, 0x0000000089d00000|  0%| F|  |TAMS 0x0000000089c00000, 0x0000000089c00000| Untracked 
| 157|0x0000000089d00000, 0x0000000089d00000, 0x0000000089e00000|  0%| F|  |TAMS 0x0000000089d00000, 0x0000000089d00000| Untracked 
| 158|0x0000000089e00000, 0x0000000089e00000, 0x0000000089f00000|  0%| F|  |TAMS 0x0000000089e00000, 0x0000000089e00000| Untracked 
| 159|0x0000000089f00000, 0x0000000089f00000, 0x000000008a000000|  0%| F|  |TAMS 0x0000000089f00000, 0x0000000089f00000| Untracked 
| 160|0x000000008a000000, 0x000000008a000000, 0x000000008a100000|  0%| F|  |TAMS 0x000000008a000000, 0x000000008a000000| Untracked 

Card table byte_map: [0x00000200b0b40000,0x00000200b0f40000] _byte_map_base: 0x00000200b0740000

Marking Bits (Prev, Next): (CMBitMap*) 0x000002009dfa8f00, (CMBitMap*) 0x000002009dfa8ec0
 Prev Bits: [0x00000200b3340000, 0x00000200b5340000)
 Next Bits: [0x00000200b1340000, 0x00000200b3340000)

Polling page: 0x000002009d710000

Metaspace:

Usage:
  Non-class:     56.06 MB used.
      Class:      8.87 MB used.
       Both:     64.93 MB used.

Virtual space:
  Non-class space:       64.00 MB reserved,      56.44 MB ( 88%) committed,  8 nodes.
      Class space:      412.00 MB reserved,       9.25 MB (  2%) committed,  1 nodes.
             Both:      476.00 MB reserved,      65.69 MB ( 14%) committed. 

Chunk freelists:
   Non-Class:  3.33 MB
       Class:  2.70 MB
        Both:  6.03 MB

MaxMetaspaceSize: 512.00 MB
CompressedClassSpaceSize: 412.00 MB
Initial GC threshold: 21.00 MB
Current GC threshold: 108.12 MB
CDS: off
MetaspaceReclaimPolicy: balanced
 - commit_granule_bytes: 65536.
 - commit_granule_words: 8192.
 - virtual_space_node_default_size: 1048576.
 - enlarge_chunks_in_place: 1.
 - new_chunks_are_fully_committed: 0.
 - uncommit_free_chunks: 1.
 - use_allocation_guard: 0.
 - handle_deallocations: 1.


Internal statistics:

num_allocs_failed_limit: 6.
num_arena_births: 1418.
num_arena_deaths: 6.
num_vsnodes_births: 9.
num_vsnodes_deaths: 0.
num_space_committed: 1051.
num_space_uncommitted: 0.
num_chunks_returned_to_freelist: 14.
num_chunks_taken_from_freelist: 4438.
num_chunk_merges: 9.
num_chunk_splits: 2464.
num_chunks_enlarged: 1202.
num_purges: 2.
num_inconsistent_stats: 0.

CodeHeap 'non-profiled nmethods': size=120000Kb used=4752Kb max_used=4752Kb free=115247Kb
 bounds [0x00000200a8ee0000, 0x00000200a9390000, 0x00000200b0410000]
CodeHeap 'profiled nmethods': size=120000Kb used=16630Kb max_used=16630Kb free=103369Kb
 bounds [0x00000200a1410000, 0x00000200a2450000, 0x00000200a8940000]
CodeHeap 'non-nmethods': size=5760Kb used=1643Kb max_used=1699Kb free=4117Kb
 bounds [0x00000200a8940000, 0x00000200a8bb0000, 0x00000200a8ee0000]
 total_blobs=9275 nmethods=8570 adapters=617
 compilation: enabled
              stopped_count=0, restarted_count=0
 full_count=0

Compilation events (20 events):
Event: 19.402 Thread 0x00000200b883a820 nmethod 9439 0x00000200a2448e90 code [0x00000200a24490c0, 0x00000200a2449a98]
Event: 19.403 Thread 0x00000200b883a820 9440       3       org.gradle.internal.fingerprint.impl.PatternSetSnapshottingFilter::lambda$getAsDirectoryWalkerPredicate$1 (24 bytes)
Event: 19.403 Thread 0x00000200bb90d620 9442       4       org.gradle.internal.file.FileHierarchySet$Node::contains (101 bytes)
Event: 19.404 Thread 0x00000200b883a820 nmethod 9440 0x00000200a2449e10 code [0x00000200a2449fe0, 0x00000200a244a448]
Event: 19.404 Thread 0x00000200b883a820 9441       3       org.gradle.internal.fingerprint.impl.PatternSetSnapshottingFilter$PathBackedFileTreeElement::<init> (32 bytes)
Event: 19.405 Thread 0x00000200b883a820 nmethod 9441 0x00000200a244a590 code [0x00000200a244a740, 0x00000200a244aa18]
Event: 19.405 Thread 0x00000200b883a820 9443   !   3       org.gradle.internal.vfs.impl.DefaultFileSystemAccess$StripedProducerGuard::guardByKey (46 bytes)
Event: 19.406 Thread 0x00000200b883a820 nmethod 9443 0x00000200a244ab10 code [0x00000200a244ad40, 0x00000200a244b5c8]
Event: 19.407 Thread 0x00000200b883a820 9444   !   3       sun.nio.fs.WindowsNativeDispatcher::CreateFile (41 bytes)
Event: 19.418 Thread 0x00000200b883a820 nmethod 9444 0x00000200a244ba10 code [0x00000200a244bc00, 0x00000200a244bf58]
Event: 19.419 Thread 0x00000200b883a820 9451       3       java.util.stream.ForEachOps$ForEachOp::getOpFlags (15 bytes)
Event: 19.420 Thread 0x00000200b883a820 nmethod 9451 0x00000200a244c190 code [0x00000200a244c320, 0x00000200a244c4b8]
Event: 19.420 Thread 0x00000200b883a820 9446       3       org.gradle.internal.component.external.model.DefaultModuleComponentIdentifier::getGroup (10 bytes)
Event: 19.420 Thread 0x00000200b883a820 nmethod 9446 0x00000200a244c590 code [0x00000200a244c720, 0x00000200a244c898]
Event: 19.420 Thread 0x00000200b883a820 9453       3       org.gradle.api.tasks.util.PatternSet::getIncludeSpecs (19 bytes)
Event: 19.422 Thread 0x00000200b883a820 nmethod 9453 0x00000200a244c990 code [0x00000200a244cb60, 0x00000200a244ce68]
Event: 19.423 Thread 0x00000200b883a820 9454       3       org.gradle.api.tasks.util.PatternSet::getExcludeSpecs (19 bytes)
Event: 19.424 Thread 0x00000200b883a820 nmethod 9454 0x00000200a244cf90 code [0x00000200a244d160, 0x00000200a244d468]
Event: 19.424 Thread 0x00000200b883a820 9452       3       java.util.EnumMap::unmaskNull (13 bytes)
Event: 19.424 Thread 0x00000200b883a820 nmethod 9452 0x00000200a244d590 code [0x00000200a244d720, 0x00000200a244d898]

GC Heap History (20 events):
Event: 12.325 GC heap after
{Heap after GC invocations=22 (full 0):
 garbage-first heap   total 137216K, used 78554K [0x0000000080000000, 0x0000000100000000)
  region size 1024K, 2 young (2048K), 2 survivors (2048K)
 Metaspace       used 58845K, committed 59520K, reserved 479232K
  class space    used 7845K, committed 8192K, reserved 421888K
}
Event: 12.407 GC heap before
{Heap before GC invocations=22 (full 0):
 garbage-first heap   total 137216K, used 82650K [0x0000000080000000, 0x0000000100000000)
  region size 1024K, 6 young (6144K), 2 survivors (2048K)
 Metaspace       used 59167K, committed 59904K, reserved 479232K
  class space    used 7879K, committed 8256K, reserved 421888K
}
Event: 12.410 GC heap after
{Heap after GC invocations=23 (full 0):
 garbage-first heap   total 137216K, used 78537K [0x0000000080000000, 0x0000000100000000)
  region size 1024K, 1 young (1024K), 1 survivors (1024K)
 Metaspace       used 59167K, committed 59904K, reserved 479232K
  class space    used 7879K, committed 8256K, reserved 421888K
}
Event: 12.705 GC heap before
{Heap before GC invocations=23 (full 0):
 garbage-first heap   total 137216K, used 103113K [0x0000000080000000, 0x0000000100000000)
  region size 1024K, 26 young (26624K), 1 survivors (1024K)
 Metaspace       used 59901K, committed 60544K, reserved 479232K
  class space    used 7989K, committed 8320K, reserved 421888K
}
Event: 12.711 GC heap after
{Heap after GC invocations=24 (full 0):
 garbage-first heap   total 164864K, used 81998K [0x0000000080000000, 0x0000000100000000)
  region size 1024K, 4 young (4096K), 4 survivors (4096K)
 Metaspace       used 59901K, committed 60544K, reserved 479232K
  class space    used 7989K, committed 8320K, reserved 421888K
}
Event: 13.588 GC heap before
{Heap before GC invocations=25 (full 0):
 garbage-first heap   total 164864K, used 122958K [0x0000000080000000, 0x0000000100000000)
  region size 1024K, 44 young (45056K), 4 survivors (4096K)
 Metaspace       used 63322K, committed 64128K, reserved 479232K
  class space    used 8581K, committed 8960K, reserved 421888K
}
Event: 13.601 GC heap after
{Heap after GC invocations=26 (full 0):
 garbage-first heap   total 164864K, used 86425K [0x0000000080000000, 0x0000000100000000)
  region size 1024K, 5 young (5120K), 5 survivors (5120K)
 Metaspace       used 63322K, committed 64128K, reserved 479232K
  class space    used 8581K, committed 8960K, reserved 421888K
}
Event: 13.642 GC heap before
{Heap before GC invocations=26 (full 0):
 garbage-first heap   total 164864K, used 89497K [0x0000000080000000, 0x0000000100000000)
  region size 1024K, 8 young (8192K), 5 survivors (5120K)
 Metaspace       used 63617K, committed 64448K, reserved 479232K
  class space    used 8656K, committed 9088K, reserved 421888K
}
Event: 13.649 GC heap after
{Heap after GC invocations=27 (full 0):
 garbage-first heap   total 164864K, used 86874K [0x0000000080000000, 0x0000000100000000)
  region size 1024K, 1 young (1024K), 1 survivors (1024K)
 Metaspace       used 63617K, committed 64448K, reserved 479232K
  class space    used 8656K, committed 9088K, reserved 421888K
}
Event: 15.270 GC heap before
{Heap before GC invocations=27 (full 0):
 garbage-first heap   total 164864K, used 125786K [0x0000000080000000, 0x0000000100000000)
  region size 1024K, 40 young (40960K), 1 survivors (1024K)
 Metaspace       used 65669K, committed 66432K, reserved 487424K
  class space    used 9046K, committed 9408K, reserved 421888K
}
Event: 15.283 GC heap after
{Heap after GC invocations=28 (full 0):
 garbage-first heap   total 164864K, used 91929K [0x0000000080000000, 0x0000000100000000)
  region size 1024K, 5 young (5120K), 5 survivors (5120K)
 Metaspace       used 65669K, committed 66432K, reserved 487424K
  class space    used 9046K, committed 9408K, reserved 421888K
}
Event: 16.317 GC heap before
{Heap before GC invocations=29 (full 0):
 garbage-first heap   total 164864K, used 127769K [0x0000000080000000, 0x0000000100000000)
  region size 1024K, 41 young (41984K), 5 survivors (5120K)
 Metaspace       used 65748K, committed 66496K, reserved 487424K
  class space    used 9045K, committed 9408K, reserved 421888K
}
Event: 16.326 GC heap after
{Heap after GC invocations=30 (full 0):
 garbage-first heap   total 164864K, used 94288K [0x0000000080000000, 0x0000000100000000)
  region size 1024K, 3 young (3072K), 3 survivors (3072K)
 Metaspace       used 65748K, committed 66496K, reserved 487424K
  class space    used 9045K, committed 9408K, reserved 421888K
}
Event: 16.417 GC heap before
{Heap before GC invocations=30 (full 0):
 garbage-first heap   total 164864K, used 99408K [0x0000000080000000, 0x0000000100000000)
  region size 1024K, 8 young (8192K), 3 survivors (3072K)
 Metaspace       used 65748K, committed 66496K, reserved 487424K
  class space    used 9045K, committed 9408K, reserved 421888K
}
Event: 16.422 GC heap after
{Heap after GC invocations=31 (full 0):
 garbage-first heap   total 164864K, used 93684K [0x0000000080000000, 0x0000000100000000)
  region size 1024K, 1 young (1024K), 1 survivors (1024K)
 Metaspace       used 65748K, committed 66496K, reserved 487424K
  class space    used 9045K, committed 9408K, reserved 421888K
}
Event: 17.624 GC heap before
{Heap before GC invocations=31 (full 0):
 garbage-first heap   total 164864K, used 134644K [0x0000000080000000, 0x0000000100000000)
  region size 1024K, 37 young (37888K), 1 survivors (1024K)
 Metaspace       used 65958K, committed 66816K, reserved 487424K
  class space    used 9053K, committed 9472K, reserved 421888K
}
Event: 17.632 GC heap after
{Heap after GC invocations=32 (full 0):
 garbage-first heap   total 164864K, used 97142K [0x0000000080000000, 0x0000000100000000)
  region size 1024K, 4 young (4096K), 4 survivors (4096K)
 Metaspace       used 65958K, committed 66816K, reserved 487424K
  class space    used 9053K, committed 9472K, reserved 421888K
}
Event: 18.499 GC heap before
{Heap before GC invocations=32 (full 0):
 garbage-first heap   total 164864K, used 131958K [0x0000000080000000, 0x0000000100000000)
  region size 1024K, 39 young (39936K), 4 survivors (4096K)
 Metaspace       used 66203K, committed 67008K, reserved 487424K
  class space    used 9060K, committed 9472K, reserved 421888K
}
Event: 18.511 GC heap after
{Heap after GC invocations=33 (full 0):
 garbage-first heap   total 164864K, used 100341K [0x0000000080000000, 0x0000000100000000)
  region size 1024K, 4 young (4096K), 4 survivors (4096K)
 Metaspace       used 66203K, committed 67008K, reserved 487424K
  class space    used 9060K, committed 9472K, reserved 421888K
}
Event: 19.425 GC heap before
{Heap before GC invocations=33 (full 0):
 garbage-first heap   total 164864K, used 133109K [0x0000000080000000, 0x0000000100000000)
  region size 1024K, 37 young (37888K), 4 survivors (4096K)
 Metaspace       used 66491K, committed 67264K, reserved 487424K
  class space    used 9087K, committed 9472K, reserved 421888K
}

Dll operation events (2 events):
Event: 0.011 Loaded shared library C:\Program Files\Android\Android Studio\jbr\bin\java.dll
Event: 0.693 Loaded shared library C:\Program Files\Android\Android Studio\jbr\bin\verify.dll

Deoptimization events (20 events):
Event: 19.175 Thread 0x00000200c0baacd0 Uncommon trap: trap_request=0xffffff45 fr.pc=0x00000200a92922f4 relative=0x0000000000000c54
Event: 19.175 Thread 0x00000200c0ba94c0 Uncommon trap: trap_request=0xffffff45 fr.pc=0x00000200a92922f4 relative=0x0000000000000c54
Event: 19.175 Thread 0x00000200c0ba94c0 Uncommon trap: reason=unstable_if action=reinterpret pc=0x00000200a92922f4 method=java.nio.file.FileTreeWalker.getAttributes(Ljava/nio/file/Path;Z)Ljava/nio/file/attribute/BasicFileAttributes; @ 35 c2
Event: 19.175 Thread 0x00000200c0baacd0 Uncommon trap: reason=unstable_if action=reinterpret pc=0x00000200a92922f4 method=java.nio.file.FileTreeWalker.getAttributes(Ljava/nio/file/Path;Z)Ljava/nio/file/attribute/BasicFileAttributes; @ 35 c2
Event: 19.175 Thread 0x00000200c0baacd0 DEOPT PACKING pc=0x00000200a92922f4 sp=0x000000faf10fa760
Event: 19.175 Thread 0x00000200c0baacd0 DEOPT UNPACKING pc=0x00000200a899a1a3 sp=0x000000faf10fa610 mode 2
Event: 19.175 Thread 0x00000200c0ba94c0 DEOPT PACKING pc=0x00000200a92922f4 sp=0x000000faf11fa5f0
Event: 19.175 Thread 0x00000200c0ba94c0 DEOPT UNPACKING pc=0x00000200a899a1a3 sp=0x000000faf11fa4a0 mode 2
Event: 19.243 Thread 0x00000200c0baacd0 Uncommon trap: trap_request=0xffffffde fr.pc=0x00000200a935d23c relative=0x00000000000042fc
Event: 19.243 Thread 0x00000200c0baacd0 Uncommon trap: reason=class_check action=maybe_recompile pc=0x00000200a935d23c method=org.gradle.internal.snapshot.impl.AbstractValueProcessor.processValue(Ljava/lang/Object;Lorg/gradle/internal/snapshot/impl/AbstractValueProcessor$ValueVisitor;)Ljava/lan
Event: 19.245 Thread 0x00000200c0baacd0 DEOPT PACKING pc=0x00000200a935d23c sp=0x000000faf10fa5b0
Event: 19.245 Thread 0x00000200c0baacd0 DEOPT UNPACKING pc=0x00000200a899a1a3 sp=0x000000faf10fa5c8 mode 2
Event: 19.245 Thread 0x00000200c0baacd0 Uncommon trap: trap_request=0xffffffde fr.pc=0x00000200a935d23c relative=0x00000000000042fc
Event: 19.245 Thread 0x00000200c0baacd0 Uncommon trap: reason=class_check action=maybe_recompile pc=0x00000200a935d23c method=org.gradle.internal.snapshot.impl.AbstractValueProcessor.processValue(Ljava/lang/Object;Lorg/gradle/internal/snapshot/impl/AbstractValueProcessor$ValueVisitor;)Ljava/lan
Event: 19.245 Thread 0x00000200c0baacd0 DEOPT PACKING pc=0x00000200a935d23c sp=0x000000faf10fa5b0
Event: 19.245 Thread 0x00000200c0baacd0 DEOPT UNPACKING pc=0x00000200a899a1a3 sp=0x000000faf10fa5c8 mode 2
Event: 19.342 Thread 0x00000200c0ba94c0 Uncommon trap: trap_request=0xffffff45 fr.pc=0x00000200a92de744 relative=0x0000000000001084
Event: 19.342 Thread 0x00000200c0ba94c0 Uncommon trap: reason=unstable_if action=reinterpret pc=0x00000200a92de744 method=org.gradle.internal.snapshot.VfsRelativePath.compareToFirstSegment(Ljava/lang/String;Lorg/gradle/internal/snapshot/CaseSensitivity;)I @ 134 c2
Event: 19.342 Thread 0x00000200c0ba94c0 DEOPT PACKING pc=0x00000200a92de744 sp=0x000000faf11fb400
Event: 19.342 Thread 0x00000200c0ba94c0 DEOPT UNPACKING pc=0x00000200a899a1a3 sp=0x000000faf11fb380 mode 2

Classes unloaded (3 events):
Event: 15.405 Thread 0x00000200b7d8f330 Unloading class 0x00000001008b0c00 'java/lang/invoke/LambdaForm$DMH+0x00000001008b0c00'
Event: 15.405 Thread 0x00000200b7d8f330 Unloading class 0x00000001008b0800 'java/lang/invoke/LambdaForm$DMH+0x00000001008b0800'
Event: 15.405 Thread 0x00000200b7d8f330 Unloading class 0x00000001008b0400 'java/lang/invoke/LambdaForm$DMH+0x00000001008b0400'

Classes redefined (0 events):
No events

Internal exceptions (20 events):
Event: 16.820 Thread 0x00000200c0bab1a0 Exception <a 'sun/nio/fs/WindowsException'{0x00000000893cfa08}> (0x00000000893cfa08) 
thrown [s\src\hotspot\share\prims\jni.cpp, line 517]
Event: 16.951 Thread 0x00000200c0bab1a0 Exception <a 'sun/nio/fs/WindowsException'{0x0000000088dcc7e0}> (0x0000000088dcc7e0) 
thrown [s\src\hotspot\share\prims\jni.cpp, line 517]
Event: 17.924 Thread 0x00000200c0bab1a0 Implicit null exception at 0x00000200a93163db to 0x00000200a9316464
Event: 17.924 Thread 0x00000200c0ba7cb0 Implicit null exception at 0x00000200a93163db to 0x00000200a9316464
Event: 17.924 Thread 0x00000200c0ba7310 Implicit null exception at 0x00000200a93163db to 0x00000200a9316464
Event: 18.116 Thread 0x00000200c0ba94c0 Implicit null exception at 0x00000200a932ebbe to 0x00000200a932ee30
Event: 18.423 Thread 0x00000200c0bac9b0 Exception <a 'sun/nio/fs/WindowsException'{0x00000000883e5390}> (0x00000000883e5390) 
thrown [s\src\hotspot\share\prims\jni.cpp, line 517]
Event: 18.428 Thread 0x00000200c0ba7cb0 Exception <a 'sun/nio/fs/WindowsException'{0x0000000088449160}> (0x0000000088449160) 
thrown [s\src\hotspot\share\prims\jni.cpp, line 517]
Event: 18.437 Thread 0x00000200c0bab670 Exception <a 'sun/nio/fs/WindowsException'{0x00000000881ba9f0}> (0x00000000881ba9f0) 
thrown [s\src\hotspot\share\prims\jni.cpp, line 517]
Event: 18.475 Thread 0x00000200c0ba94c0 Exception <a 'java/lang/NoSuchMethodError'{0x0000000087e56ca0}: static Ljava/lang/Object;.<clinit>()V> (0x0000000087e56ca0) 
thrown [s\src\hotspot\share\prims\jni.cpp, line 1108]
Event: 18.553 Thread 0x00000200c0bac9b0 Exception <a 'java/lang/NoSuchMethodError'{0x0000000089e9eee0}: 'void java.lang.invoke.DirectMethodHandle$Holder.invokeVirtual(java.lang.Object, java.lang.Object)'> (0x0000000089e9eee0) 
thrown [s\src\hotspot\share\interpreter\linkResolver.cpp, line 771]
Event: 19.110 Thread 0x00000200c0ba94c0 Exception <a 'sun/nio/fs/WindowsException'{0x000000008890e8e8}> (0x000000008890e8e8) 
thrown [s\src\hotspot\share\prims\jni.cpp, line 517]
Event: 19.112 Thread 0x00000200c0baacd0 Exception <a 'sun/nio/fs/WindowsException'{0x0000000088912200}> (0x0000000088912200) 
thrown [s\src\hotspot\share\prims\jni.cpp, line 517]
Event: 19.153 Thread 0x00000200c0baa330 Exception <a 'sun/nio/fs/WindowsException'{0x00000000889fe650}> (0x00000000889fe650) 
thrown [s\src\hotspot\share\prims\jni.cpp, line 517]
Event: 19.211 Thread 0x00000200c0ba94c0 Exception <a 'sun/nio/fs/WindowsException'{0x00000000888fdd20}> (0x00000000888fdd20) 
thrown [s\src\hotspot\share\prims\jni.cpp, line 517]
Event: 19.213 Thread 0x00000200c0baacd0 Exception <a 'sun/nio/fs/WindowsException'{0x00000000888efcd0}> (0x00000000888efcd0) 
thrown [s\src\hotspot\share\prims\jni.cpp, line 517]
Event: 19.226 Thread 0x00000200c0baacd0 Exception <a 'sun/nio/fs/WindowsException'{0x00000000887562f8}> (0x00000000887562f8) 
thrown [s\src\hotspot\share\prims\jni.cpp, line 517]
Event: 19.231 Thread 0x00000200c0baa330 Exception <a 'sun/nio/fs/WindowsException'{0x00000000887234d8}> (0x00000000887234d8) 
thrown [s\src\hotspot\share\prims\jni.cpp, line 517]
Event: 19.282 Thread 0x00000200c0ba94c0 Exception <a 'sun/nio/fs/WindowsException'{0x0000000088592468}> (0x0000000088592468) 
thrown [s\src\hotspot\share\prims\jni.cpp, line 517]
Event: 19.300 Thread 0x00000200c0ba94c0 Exception <a 'sun/nio/fs/WindowsException'{0x00000000885dc3f8}> (0x00000000885dc3f8) 
thrown [s\src\hotspot\share\prims\jni.cpp, line 517]

VM Operations (20 events):
Event: 16.422 Executing VM operation: G1CollectForAllocation done
Event: 16.925 Executing VM operation: ICBufferFull
Event: 16.926 Executing VM operation: ICBufferFull done
Event: 16.926 Executing VM operation: ICBufferFull
Event: 16.927 Executing VM operation: ICBufferFull done
Event: 17.579 Executing VM operation: ICBufferFull
Event: 17.579 Executing VM operation: ICBufferFull done
Event: 17.624 Executing VM operation: G1CollectForAllocation
Event: 17.632 Executing VM operation: G1CollectForAllocation done
Event: 18.354 Executing VM operation: ICBufferFull
Event: 18.356 Executing VM operation: ICBufferFull done
Event: 18.356 Executing VM operation: ICBufferFull
Event: 18.358 Executing VM operation: ICBufferFull done
Event: 18.494 Executing VM operation: G1CollectForAllocation
Event: 18.514 Executing VM operation: G1CollectForAllocation done
Event: 19.149 Executing VM operation: ICBufferFull
Event: 19.151 Executing VM operation: ICBufferFull done
Event: 19.151 Executing VM operation: ICBufferFull
Event: 19.151 Executing VM operation: ICBufferFull done
Event: 19.424 Executing VM operation: G1CollectForAllocation

Events (20 events):
Event: 17.491 Thread 0x00000200bd33e7a0 Thread added: 0x00000200bd33e7a0
Event: 17.491 Thread 0x00000200c0ba5fd0 Thread added: 0x00000200c0ba5fd0
Event: 17.491 Thread 0x00000200bd33fae0 Thread added: 0x00000200bd33fae0
Event: 17.492 Thread 0x00000200c2356bb0 Thread added: 0x00000200c2356bb0
Event: 17.492 Thread 0x00000200bdff1670 Thread added: 0x00000200bdff1670
Event: 17.492 Thread 0x00000200bcf97e30 Thread added: 0x00000200bcf97e30
Event: 17.492 Thread 0x00000200bd917f50 Thread added: 0x00000200bd917f50
Event: 17.501 Thread 0x00000200bdff3350 Thread added: 0x00000200bdff3350
Event: 17.516 Thread 0x00000200c0bac4e0 Thread added: 0x00000200c0bac4e0
Event: 17.516 Thread 0x00000200bdfef990 Thread added: 0x00000200bdfef990
Event: 17.516 Thread 0x00000200beb33950 Thread added: 0x00000200beb33950
Event: 17.517 Thread 0x00000200c2357ef0 Thread added: 0x00000200c2357ef0
Event: 17.517 Thread 0x00000200c0bace80 Thread added: 0x00000200c0bace80
Event: 17.517 Thread 0x00000200c0600610 Thread added: 0x00000200c0600610
Event: 17.519 Thread 0x00000200c0ba64a0 Thread added: 0x00000200c0ba64a0
Event: 17.532 Thread 0x00000200bd919290 Thread added: 0x00000200bd919290
Event: 17.544 Thread 0x00000200bcf95c80 Thread added: 0x00000200bcf95c80
Event: 17.545 Thread 0x00000200beb33480 Thread added: 0x00000200beb33480
Event: 19.159 loading class java/nio/file/FileTreeWalker$1
Event: 19.159 loading class java/nio/file/FileTreeWalker$1 done


Dynamic libraries:
0x00007ff7c8c70000 - 0x00007ff7c8c7a000 	C:\Program Files\Android\Android Studio\jbr\bin\java.exe
0x00007ff895350000 - 0x00007ff895567000 	C:\WINDOWS\SYSTEM32\ntdll.dll
0x00007ff8930b0000 - 0x00007ff893174000 	C:\WINDOWS\System32\KERNEL32.DLL
0x00007ff8929d0000 - 0x00007ff892d76000 	C:\WINDOWS\System32\KERNELBASE.dll
0x00007ff892d80000 - 0x00007ff892e91000 	C:\WINDOWS\System32\ucrtbase.dll
0x00007ff88c000000 - 0x00007ff88c01b000 	C:\Program Files\Android\Android Studio\jbr\bin\VCRUNTIME140.dll
0x00007ff88b6a0000 - 0x00007ff88b6b7000 	C:\Program Files\Android\Android Studio\jbr\bin\jli.dll
0x00007ff893620000 - 0x00007ff8937cd000 	C:\WINDOWS\System32\USER32.dll
0x00007ff893080000 - 0x00007ff8930a6000 	C:\WINDOWS\System32\win32u.dll
0x00007ff87d070000 - 0x00007ff87d303000 	C:\WINDOWS\WinSxS\amd64_microsoft.windows.common-controls_6595b64144ccf1df_6.0.22621.2361_none_2712ced57382f843\COMCTL32.dll
0x00007ff8933d0000 - 0x00007ff8933f9000 	C:\WINDOWS\System32\GDI32.dll
0x00007ff8928b0000 - 0x00007ff8929c8000 	C:\WINDOWS\System32\gdi32full.dll
0x00007ff8947c0000 - 0x00007ff894867000 	C:\WINDOWS\System32\msvcrt.dll
0x00007ff892fe0000 - 0x00007ff89307a000 	C:\WINDOWS\System32\msvcp_win.dll
0x00007ff893390000 - 0x00007ff8933c1000 	C:\WINDOWS\System32\IMM32.DLL
0x00007ff88c340000 - 0x00007ff88c34c000 	C:\Program Files\Android\Android Studio\jbr\bin\vcruntime140_1.dll
0x00007ff87a320000 - 0x00007ff87a3ad000 	C:\Program Files\Android\Android Studio\jbr\bin\msvcp140.dll
0x00007ff803330000 - 0x00007ff803f9d000 	C:\Program Files\Android\Android Studio\jbr\bin\server\jvm.dll
0x00007ff894870000 - 0x00007ff894920000 	C:\WINDOWS\System32\ADVAPI32.dll
0x00007ff893400000 - 0x00007ff8934a6000 	C:\WINDOWS\System32\sechost.dll
0x00007ff894060000 - 0x00007ff894177000 	C:\WINDOWS\System32\RPCRT4.dll
0x00007ff872700000 - 0x00007ff872709000 	C:\WINDOWS\SYSTEM32\WSOCK32.dll
0x00007ff893180000 - 0x00007ff8931f1000 	C:\WINDOWS\System32\WS2_32.dll
0x00007ff88b5b0000 - 0x00007ff88b5e4000 	C:\WINDOWS\SYSTEM32\WINMM.dll
0x00007ff88b110000 - 0x00007ff88b11a000 	C:\WINDOWS\SYSTEM32\VERSION.dll
0x00007ff891670000 - 0x00007ff891688000 	C:\WINDOWS\SYSTEM32\kernel.appcore.dll
0x00007ff88d8c0000 - 0x00007ff88d8ca000 	C:\Program Files\Android\Android Studio\jbr\bin\jimage.dll
0x00007ff88f780000 - 0x00007ff88f9ae000 	C:\WINDOWS\SYSTEM32\DBGHELP.DLL
0x00007ff893a50000 - 0x00007ff893dda000 	C:\WINDOWS\System32\combase.dll
0x00007ff893de0000 - 0x00007ff893eb7000 	C:\WINDOWS\System32\OLEAUT32.dll
0x00007ff8772b0000 - 0x00007ff8772e2000 	C:\WINDOWS\SYSTEM32\dbgcore.DLL
0x00007ff892ea0000 - 0x00007ff892f1a000 	C:\WINDOWS\System32\bcryptPrimitives.dll
0x00007ff88d890000 - 0x00007ff88d8b5000 	C:\Program Files\Android\Android Studio\jbr\bin\java.dll
0x00007ff88d870000 - 0x00007ff88d888000 	C:\Program Files\Android\Android Studio\jbr\bin\zip.dll
0x00007ff894a90000 - 0x00007ff8952e8000 	C:\WINDOWS\System32\SHELL32.dll
0x00007ff8905e0000 - 0x00007ff890ed2000 	C:\WINDOWS\SYSTEM32\windows.storage.dll
0x00007ff8904a0000 - 0x00007ff8905de000 	C:\WINDOWS\SYSTEM32\wintypes.dll
0x00007ff893f60000 - 0x00007ff894053000 	C:\WINDOWS\System32\SHCORE.dll
0x00007ff893510000 - 0x00007ff89356e000 	C:\WINDOWS\System32\shlwapi.dll
0x00007ff892600000 - 0x00007ff892626000 	C:\WINDOWS\SYSTEM32\profapi.dll
0x00007ff88d850000 - 0x00007ff88d869000 	C:\Program Files\Android\Android Studio\jbr\bin\net.dll
0x00007ff88b430000 - 0x00007ff88b567000 	C:\WINDOWS\SYSTEM32\WINHTTP.dll
0x00007ff891b50000 - 0x00007ff891bb9000 	C:\WINDOWS\system32\mswsock.dll
0x00007ff88d830000 - 0x00007ff88d846000 	C:\Program Files\Android\Android Studio\jbr\bin\nio.dll
0x00007ff88d800000 - 0x00007ff88d810000 	C:\Program Files\Android\Android Studio\jbr\bin\verify.dll
0x00007ff88d110000 - 0x00007ff88d137000 	C:\Users\HP\.gradle\native\68d5fa5c4cc2d200863cafc0d521ce42e7d3e7ee720ec0a83991735586a16f82\windows-amd64\native-platform.dll
0x00007ff87a1d0000 - 0x00007ff87a314000 	C:\Users\HP\.gradle\native\e376f236ea51e6404a007f0833ffe2c6e607c4080706a723a18a27aeea778392\windows-amd64\native-platform-file-events.dll
0x00007ff88d820000 - 0x00007ff88d829000 	C:\Program Files\Android\Android Studio\jbr\bin\management.dll
0x00007ff88d810000 - 0x00007ff88d81b000 	C:\Program Files\Android\Android Studio\jbr\bin\management_ext.dll
0x00007ff894920000 - 0x00007ff894928000 	C:\WINDOWS\System32\PSAPI.DLL
0x00007ff891dc0000 - 0x00007ff891ddb000 	C:\WINDOWS\SYSTEM32\CRYPTSP.dll
0x00007ff891630000 - 0x00007ff891665000 	C:\WINDOWS\system32\rsaenh.dll
0x00007ff891c30000 - 0x00007ff891c5c000 	C:\WINDOWS\SYSTEM32\USERENV.dll
0x00007ff891f80000 - 0x00007ff891fa8000 	C:\WINDOWS\SYSTEM32\bcrypt.dll
0x00007ff891de0000 - 0x00007ff891dec000 	C:\WINDOWS\SYSTEM32\CRYPTBASE.dll
0x00007ff891140000 - 0x00007ff89116d000 	C:\WINDOWS\SYSTEM32\IPHLPAPI.DLL
0x00007ff893ec0000 - 0x00007ff893ec9000 	C:\WINDOWS\System32\NSI.dll
0x00007ff88b240000 - 0x00007ff88b259000 	C:\WINDOWS\SYSTEM32\dhcpcsvc6.DLL
0x00007ff88b220000 - 0x00007ff88b23f000 	C:\WINDOWS\SYSTEM32\dhcpcsvc.DLL
0x00007ff8911b0000 - 0x00007ff8912a9000 	C:\WINDOWS\SYSTEM32\DNSAPI.dll
0x00007ff88d140000 - 0x00007ff88d148000 	C:\WINDOWS\system32\wshunix.dll

dbghelp: loaded successfully - version: 4.0.5 - missing functions: none
symbol engine: initialized successfully - sym options: 0x614 - pdb path: .;C:\Program Files\Android\Android Studio\jbr\bin;C:\WINDOWS\SYSTEM32;C:\WINDOWS\WinSxS\amd64_microsoft.windows.common-controls_6595b64144ccf1df_6.0.22621.2361_none_2712ced57382f843;C:\Program Files\Android\Android Studio\jbr\bin\server;C:\Users\HP\.gradle\native\68d5fa5c4cc2d200863cafc0d521ce42e7d3e7ee720ec0a83991735586a16f82\windows-amd64;C:\Users\HP\.gradle\native\e376f236ea51e6404a007f0833ffe2c6e607c4080706a723a18a27aeea778392\windows-amd64

VM Arguments:
jvm_args: -XX:MaxMetaspaceSize=512m --add-opens=java.base/java.util=ALL-UNNAMED --add-opens=java.base/java.lang=ALL-UNNAMED --add-opens=java.base/java.lang.invoke=ALL-UNNAMED --add-opens=java.prefs/java.util.prefs=ALL-UNNAMED --add-opens=java.base/java.nio.charset=ALL-UNNAMED --add-opens=java.base/java.net=ALL-UNNAMED --add-opens=java.base/java.util.concurrent.atomic=ALL-UNNAMED -Xmx2048m -Dfile.encoding=windows-1252 -Duser.country=IN -Duser.language=en -Duser.variant 
java_command: org.gradle.launcher.daemon.bootstrap.GradleDaemon 8.0.1
java_class_path (initial): C:\Users\HP\.gradle\wrapper\dists\gradle-8.0.1-all\aro4hu1c3oeioove7l0i4i14o\gradle-8.0.1\lib\gradle-launcher-8.0.1.jar
Launcher Type: SUN_STANDARD

[Global flags]
     intx CICompilerCount                          = 4                                         {product} {ergonomic}
   size_t CompressedClassSpaceSize                 = 432013312                                 {product} {ergonomic}
     uint ConcGCThreads                            = 2                                         {product} {ergonomic}
     uint G1ConcRefinementThreads                  = 8                                         {product} {ergonomic}
   size_t G1HeapRegionSize                         = 1048576                                   {product} {ergonomic}
    uintx GCDrainStackTargetSize                   = 64                                        {product} {ergonomic}
   size_t InitialHeapSize                          = 130023424                                 {product} {ergonomic}
   size_t MarkStackSize                            = 4194304                                   {product} {ergonomic}
   size_t MaxHeapSize                              = 2147483648                                {product} {command line}
   size_t MaxMetaspaceSize                         = 536870912                                 {product} {command line}
   size_t MaxNewSize                               = 1287651328                                {product} {ergonomic}
   size_t MinHeapDeltaBytes                        = 1048576                                   {product} {ergonomic}
   size_t MinHeapSize                              = 8388608                                   {product} {ergonomic}
    uintx NonNMethodCodeHeapSize                   = 5839372                                {pd product} {ergonomic}
    uintx NonProfiledCodeHeapSize                  = 122909434                              {pd product} {ergonomic}
    uintx ProfiledCodeHeapSize                     = 122909434                              {pd product} {ergonomic}
    uintx ReservedCodeCacheSize                    = 251658240                              {pd product} {ergonomic}
     bool SegmentedCodeCache                       = true                                      {product} {ergonomic}
   size_t SoftMaxHeapSize                          = 2147483648                             {manageable} {ergonomic}
     bool UseCompressedClassPointers               = true                           {product lp64_product} {ergonomic}
     bool UseCompressedOops                        = true                           {product lp64_product} {ergonomic}
     bool UseG1GC                                  = true                                      {product} {ergonomic}
     bool UseLargePagesIndividualAllocation        = false                                  {pd product} {ergonomic}

Logging:
Log output configuration:
 #0: stdout all=warning uptime,level,tags
 #1: stderr all=off uptime,level,tags

Environment Variables:
PATH=C:\Program Files\Microsoft\jdk-11.0.18.10-hotspot\bin;C:\oracle\bin;D:\app\client\HP\product\12.2.0\client_1;D:\app\client\HP\product\12.2.0\client_1\bin;C:\Users\HP\Downloads\WINDOWS.X64_193000_client_home\bin;C:\app\HP\product\21c\dbhomeXE\bin;C:\Program Files\nodejs;C:\Program Files\MongoDB\Server\4.0\bin;C:\WINDOWS\system32;C:\WINDOWS;C:\WINDOWS\System32\Wbem;C:\WINDOWS\System32\WindowsPowerShell\v1.0\;C:\WINDOWS\System32\OpenSSH\;C:\Program Files\Microsoft SQL Server\Client SDK\ODBC\170\Tools\Binn\;C:\Program Files\dotnet\;C:\Users\HP\.dnx\bin;C:\Program Files\Microsoft DNX\Dnvm\;C:\Program Files\Microsoft SQL Server\Client SDK\ODBC\130\Tools\Binn\;C:\Program Files\Microsoft\Web Platform Installer\;C:\Program Files\TortoiseSVN\bin;C:\WINDOWS\system32;C:\WINDOWS;C:\WINDOWS\System32\Wbem;C:\WINDOWS\System32\WindowsPowerShell\v1.0\;C:\WINDOWS\System32\OpenSSH\;C:\Program Files\Git\cmd;C:\Program Files\Microsoft SQL Server\150\Tools\Binn\;C:\Program Files\Java\jre-1.8\bin;C:\Users\HP\Downloads\gradle-7.3.3-all\gradle-7.3.3\bin;C:\Program Files\Java\jdk-17\bin;C:\ProgramData\chocolatey\bin;C:\Program Files\nodejs\;C:\Users\HP\AppData\Local\Android\Sdk\platform-tools;C:\Program Files\nodejs;C:\Program Files\Git\bin;C:\Program Files\MongoDB\Server\4.0\bin;C:\Users\HP\AppData\Local\Microsoft\WindowsApps;C:\Users\HP\.dotnet\tools;C:\Program Files\Azure Data Studio\bin;C:\Users\HP\AppData\Local\Programs\Microsoft VS Code\bin;C:\Users\HP\OneDrive\Desktop\Angular 7\CMS\node_modules\nodemon\bin;C:\Users\HP\AppData\Roaming\npm;
USERNAME=HP
OS=Windows_NT
PROCESSOR_IDENTIFIER=Intel64 Family 6 Model 126 Stepping 5, GenuineIntel
TMP=C:\Users\HP\AppData\Local\Temp
TEMP=C:\Users\HP\AppData\Local\Temp



---------------  S Y S T E M  ---------------

OS:
 Windows 11 , 64 bit Build 22621 (10.0.22621.2428)
OS uptime: 0 days 7:45 hours
Hyper-V role detected

CPU: total 8 (initial active 8) (4 cores per cpu, 2 threads per core) family 6 model 126 stepping 5 microcode 0xbc, cx8, cmov, fxsr, ht, mmx, 3dnowpref, sse, sse2, sse3, ssse3, sse4.1, sse4.2, popcnt, lzcnt, tsc, tscinvbit, avx, avx2, aes, erms, clmul, bmi1, bmi2, adx, avx512f, avx512dq, avx512cd, avx512bw, avx512vl, sha, fma, vzeroupper, avx512_vpopcntdq, avx512_vpclmulqdq, avx512_vaes, avx512_vnni, clflush, clflushopt, avx512_vbmi2, avx512_vbmi, hv

Memory: 4k page, system-wide physical 7879M (273M free)
TotalPageFile size 32455M (AvailPageFile size 97M)
current process WorkingSet (physical memory assigned to process): 368M, peak: 375M
current process commit charge ("private bytes"): 406M, peak: 503M

vm_info: OpenJDK 64-Bit Server VM (17.0.6+0-b2043.56-9586694) for windows-amd64 JRE (17.0.6+0-b2043.56-9586694), built on Feb  9 2023 20:06:20 by "androidbuild" with MS VC++ 16.10 / 16.11 (VS2019)

END.
