#
# There is insufficient memory for the Java Runtime Environment to continue.
# Native memory allocation (malloc) failed to allocate 2083376 bytes for Chunk::new
# Possible reasons:
#   The system is out of physical RAM or swap space
#   The process is running with CompressedOops enabled, and the Java Heap may be blocking the growth of the native heap
# Possible solutions:
#   Reduce memory load on the system
#   Increase physical memory or swap space
#   Check if swap backing store is full
#   Decrease Java heap size (-Xmx/-Xms)
#   Decrease number of Java threads
#   Decrease Java thread stack sizes (-Xss)
#   Set larger code cache with -XX:ReservedCodeCacheSize=
#   JVM is running with Unscaled Compressed Oops mode in which the Java heap is
#     placed in the first 4GB address space. The Java Heap base address is the
#     maximum limit for the native heap growth. Please use -XX:HeapBaseMinAddress
#     to set the Java Heap base and to place the Java Heap above 4GB virtual address.
# This output file may be truncated or incomplete.
#
#  Out of Memory Error (./src/hotspot/share/memory/arena.cpp:197), pid=17344, tid=11868
#
# JRE version: OpenJDK Runtime Environment Microsoft-7208460 (11.0.18+10) (build 11.0.18+10-LTS)
# Java VM: OpenJDK 64-Bit Server VM Microsoft-7208460 (11.0.18+10-LTS, mixed mode, tiered, compressed oops, g1 gc, windows-amd64)
# No core dump will be written. Minidumps are not enabled by default on client versions of Windows
#

---------------  S U M M A R Y ------------

Command Line: -XX:MaxMetaspaceSize=512m --add-opens=java.base/java.util=ALL-UNNAMED --add-opens=java.base/java.lang=ALL-UNNAMED --add-opens=java.base/java.lang.invoke=ALL-UNNAMED --add-opens=java.prefs/java.util.prefs=ALL-UNNAMED --add-opens=java.base/java.nio.charset=ALL-UNNAMED --add-opens=java.base/java.net=ALL-UNNAMED --add-opens=java.base/java.util.concurrent.atomic=ALL-UNNAMED -Xmx2048m -Dfile.encoding=windows-1252 -Duser.country=IN -Duser.language=en -Duser.variant org.gradle.launcher.daemon.bootstrap.GradleDaemon 8.0.1

Host: Intel(R) Core(TM) i5-1035G1 CPU @ 1.00GHz, 8 cores, 7G,  Windows 11 , 64 bit Build 22621 (10.0.22621.2070)
Time: Sun Aug 27 19:03:44 2023 India Standard Time elapsed time: 37.508731 seconds (0d 0h 0m 37s)

---------------  T H R E A D  ---------------

Current thread (0x000001f2e3c08800):  JavaThread "C2 CompilerThread0" daemon [_thread_in_native, id=11868, stack(0x0000008f9ee00000,0x0000008f9ef00000)]


Current CompileTask:
C2:  37508 11805   !   4       org.gradle.internal.service.DefaultServiceRegistry$ManagedObjectServiceProvider::getInstance (47 bytes)

Stack: [0x0000008f9ee00000,0x0000008f9ef00000]
Native frames: (J=compiled Java code, j=interpreted, Vv=VM code, C=native code)
V  [jvm.dll+0x62bf8a]
V  [jvm.dll+0x7b8fb9]
V  [jvm.dll+0x7ba6a8]
V  [jvm.dll+0x7bad83]
V  [jvm.dll+0x250248]
V  [jvm.dll+0xc260c]
V  [jvm.dll+0xc2bcc]
V  [jvm.dll+0x35e1c7]
V  [jvm.dll+0x32a373]
V  [jvm.dll+0x3296aa]
V  [jvm.dll+0x2093b3]
V  [jvm.dll+0x20850d]
V  [jvm.dll+0x18a4b1]
V  [jvm.dll+0x217eec]
V  [jvm.dll+0x21612b]
V  [jvm.dll+0x77bac0]
V  [jvm.dll+0x7749f4]
V  [jvm.dll+0x62adf5]
C  [ucrtbase.dll+0x29363]
C  [KERNEL32.DLL+0x126ad]
C  [ntdll.dll+0x5aa68]


---------------  P R O C E S S  ---------------

Threads class SMR info:
_java_thread_list=0x000001f2e6facfd0, length=134, elements={
0x000001f2c4b0f000, 0x000001f2e3be8800, 0x000001f2e3bec800, 0x000001f2e3c05000,
0x000001f2e3c06000, 0x000001f2e3c07000, 0x000001f2e3c08800, 0x000001f2e3c0b800,
0x000001f2e3c11000, 0x000001f2e46cf000, 0x000001f2e5c30800, 0x000001f2e6081800,
0x000001f2e589d000, 0x000001f2e6579800, 0x000001f2e660d000, 0x000001f2e6575800,
0x000001f2e5f34000, 0x000001f2e5f35800, 0x000001f2e52e6000, 0x000001f2e5cdb800,
0x000001f2e67ad800, 0x000001f2e67ac800, 0x000001f2e67ae800, 0x000001f2e67ac000,
0x000001f2e6bc0000, 0x000001f2e6bbb800, 0x000001f2e6bbc800, 0x000001f2e6bba000,
0x000001f2e6bbd800, 0x000001f2e6bc0800, 0x000001f2e6bbb000, 0x000001f2e6bc3000,
0x000001f2e6bc1800, 0x000001f2e6bbe000, 0x000001f2e6bc4000, 0x000001f2e6bc4800,
0x000001f2e6bbf000, 0x000001f2e6bc5800, 0x000001f2e6bc6800, 0x000001f2e6bc7000,
0x000001f2e6bc8000, 0x000001f2e6bc9000, 0x000001f2e885f800, 0x000001f2e8860800,
0x000001f2e885f000, 0x000001f2e885e000, 0x000001f2e8862000, 0x000001f2e8867000,
0x000001f2e8864800, 0x000001f2e8863000, 0x000001f2e8863800, 0x000001f2e8861000,
0x000001f2e8868000, 0x000001f2e8869800, 0x000001f2e8868800, 0x000001f2e886b000,
0x000001f2e886a000, 0x000001f2e8865800, 0x000001f2e886c000, 0x000001f2e8866000,
0x000001f2e886c800, 0x000001f2ea861800, 0x000001f2ea85d800, 0x000001f2ea860000,
0x000001f2ea85e000, 0x000001f2ea85c800, 0x000001f2ea860800, 0x000001f2ea85f000,
0x000001f2ea85b800, 0x000001f2ea864800, 0x000001f2ea868000, 0x000001f2ea863000,
0x000001f2ea864000, 0x000001f2ea866800, 0x000001f2ea862800, 0x000001f2ea865800,
0x000001f2ea869000, 0x000001f2ea867000, 0x000001f2ea869800, 0x000001f2ea86a800,
0x000001f2eb913000, 0x000001f2eb918000, 0x000001f2eb914000, 0x000001f2eb917000,
0x000001f2eb914800, 0x000001f2eb916800, 0x000001f2eb912000, 0x000001f2eb91b000,
0x000001f2eb918800, 0x000001f2eb91a800, 0x000001f2eb915800, 0x000001f2eb919800,
0x000001f2eb91c000, 0x000001f2eb91d000, 0x000001f2eb91d800, 0x000001f2eb91e800,
0x000001f2eb91f800, 0x000001f2eb920000, 0x000001f2eb921000, 0x000001f2eaf7a800,
0x000001f2eaf7e000, 0x000001f2eaf7d000, 0x000001f2eaf7f800, 0x000001f2eaf80800,
0x000001f2eaf7e800, 0x000001f2eaf81000, 0x000001f2eaf7b800, 0x000001f2eaf82000,
0x000001f2eaf7c000, 0x000001f2eaf88800, 0x000001f2eaf84800, 0x000001f2eaf82800,
0x000001f2eaf87800, 0x000001f2eaf87000, 0x000001f2eaf85000, 0x000001f2eaf89000,
0x000001f2eaf83800, 0x000001f2eaf86000, 0x000001f2eb3f7800, 0x000001f2eb3f2800,
0x000001f2eb3f8800, 0x000001f2eb3f4800, 0x000001f2eb3f9000, 0x000001f2eb3f3800,
0x000001f2eb3fa000, 0x000001f2eb3fb000, 0x000001f2eb3f5000, 0x000001f2eb3f6000,
0x000001f2eb3fc800, 0x000001f2eb3fb800, 0x000001f2eb3f7000, 0x000001f2eb3fd800,
0x000001f2eb400800, 0x000001f2eb3ff800
}

Java Threads: ( => current thread )
  0x000001f2c4b0f000 JavaThread "main" [_thread_blocked, id=17232, stack(0x0000008f9e200000,0x0000008f9e300000)]
  0x000001f2e3be8800 JavaThread "Reference Handler" daemon [_thread_blocked, id=10504, stack(0x0000008f9e900000,0x0000008f9ea00000)]
  0x000001f2e3bec800 JavaThread "Finalizer" daemon [_thread_blocked, id=2600, stack(0x0000008f9ea00000,0x0000008f9eb00000)]
  0x000001f2e3c05000 JavaThread "Signal Dispatcher" daemon [_thread_blocked, id=16824, stack(0x0000008f9eb00000,0x0000008f9ec00000)]
  0x000001f2e3c06000 JavaThread "Attach Listener" daemon [_thread_blocked, id=16004, stack(0x0000008f9ec00000,0x0000008f9ed00000)]
  0x000001f2e3c07000 JavaThread "Service Thread" daemon [_thread_blocked, id=3892, stack(0x0000008f9ed00000,0x0000008f9ee00000)]
=>0x000001f2e3c08800 JavaThread "C2 CompilerThread0" daemon [_thread_in_native, id=11868, stack(0x0000008f9ee00000,0x0000008f9ef00000)]
  0x000001f2e3c0b800 JavaThread "C1 CompilerThread0" daemon [_thread_blocked, id=16788, stack(0x0000008f9ef00000,0x0000008f9f000000)]
  0x000001f2e3c11000 JavaThread "Sweeper thread" daemon [_thread_blocked, id=16168, stack(0x0000008f9f000000,0x0000008f9f100000)]
  0x000001f2e46cf000 JavaThread "Common-Cleaner" daemon [_thread_blocked, id=18368, stack(0x0000008f9f100000,0x0000008f9f200000)]
  0x000001f2e5c30800 JavaThread "Daemon health stats" [_thread_blocked, id=2312, stack(0x0000008f9f400000,0x0000008f9f500000)]
  0x000001f2e6081800 JavaThread "Incoming local TCP Connector on port 27320" [_thread_in_native, id=14704, stack(0x0000008f9f500000,0x0000008f9f600000)]
  0x000001f2e589d000 JavaThread "Daemon periodic checks" [_thread_blocked, id=4512, stack(0x0000008f9f600000,0x0000008f9f700000)]
  0x000001f2e6579800 JavaThread "Daemon" [_thread_blocked, id=7556, stack(0x0000008f9f700000,0x0000008f9f800000)]
  0x000001f2e660d000 JavaThread "Handler for socket connection from /127.0.0.1:27320 to /127.0.0.1:27321" [_thread_in_native, id=5252, stack(0x0000008f9f800000,0x0000008f9f900000)]
  0x000001f2e6575800 JavaThread "Cancel handler" [_thread_blocked, id=4040, stack(0x0000008f9f900000,0x0000008f9fa00000)]
  0x000001f2e5f34000 JavaThread "Daemon worker" [_thread_blocked, id=1712, stack(0x0000008f9fa00000,0x0000008f9fb00000)]
  0x000001f2e5f35800 JavaThread "Asynchronous log dispatcher for DefaultDaemonConnection: socket connection from /127.0.0.1:27320 to /127.0.0.1:27321" [_thread_blocked, id=11196, stack(0x0000008f9fb00000,0x0000008f9fc00000)]
  0x000001f2e52e6000 JavaThread "Stdin handler" [_thread_blocked, id=16572, stack(0x0000008f9fc00000,0x0000008f9fd00000)]
  0x000001f2e5cdb800 JavaThread "Daemon client event forwarder" [_thread_blocked, id=7592, stack(0x0000008f9fd00000,0x0000008f9fe00000)]
  0x000001f2e67ad800 JavaThread "Cache worker for journal cache (C:\Users\HP\.gradle\caches\journal-1)" [_thread_blocked, id=15664, stack(0x0000008fa0400000,0x0000008fa0500000)]
  0x000001f2e67ac800 JavaThread "File lock request listener" [_thread_in_native, id=2824, stack(0x0000008fa0500000,0x0000008fa0600000)]
  0x000001f2e67ae800 JavaThread "Cache worker for file hash cache (C:\Users\HP\.gradle\caches\8.0.1\fileHashes)" [_thread_blocked, id=6620, stack(0x0000008fa0700000,0x0000008fa0800000)]
  0x000001f2e67ac000 JavaThread "File watcher server" daemon [_thread_in_native, id=7628, stack(0x0000008fa0800000,0x0000008fa0900000)]
  0x000001f2e6bc0000 JavaThread "File watcher consumer" daemon [_thread_blocked, id=3704, stack(0x0000008fa0900000,0x0000008fa0a00000)]
  0x000001f2e6bbb800 JavaThread "Cache worker for checksums cache (D:\IMF\running project\Mobile Apps\HMS\android\.gradle\8.0.1\checksums)" [_thread_blocked, id=8132, stack(0x0000008fa0a00000,0x0000008fa0b00000)]
  0x000001f2e6bbc800 JavaThread "Cache worker for cache directory md-rule (C:\Users\HP\.gradle\caches\8.0.1\md-rule)" [_thread_blocked, id=2224, stack(0x0000008fa0b00000,0x0000008fa0c00000)]
  0x000001f2e6bba000 JavaThread "Cache worker for file content cache (C:\Users\HP\.gradle\caches\8.0.1\fileContent)" [_thread_blocked, id=15676, stack(0x0000008fa0c00000,0x0000008fa0d00000)]
  0x000001f2e6bbd800 JavaThread "Cache worker for file hash cache (D:\IMF\running project\Mobile Apps\HMS\android\.gradle\8.0.1\fileHashes)" [_thread_blocked, id=1472, stack(0x0000008fa0d00000,0x0000008fa0e00000)]
  0x000001f2e6bc0800 JavaThread "Cache worker for cache directory md-supplier (C:\Users\HP\.gradle\caches\8.0.1\md-supplier)" [_thread_blocked, id=15508, stack(0x0000008fa0e00000,0x0000008fa0f00000)]
  0x000001f2e6bbb000 JavaThread "Cache worker for execution history cache (C:\Users\HP\.gradle\caches\8.0.1\executionHistory)" [_thread_blocked, id=17028, stack(0x0000008fa0f00000,0x0000008fa1000000)]
  0x000001f2e6bc3000 JavaThread "jar transforms" [_thread_blocked, id=14524, stack(0x0000008fa1000000,0x0000008fa1100000)]
  0x000001f2e6bc1800 JavaThread "jar transforms Thread 2" [_thread_blocked, id=5092, stack(0x0000008fa1100000,0x0000008fa1200000)]
  0x000001f2e6bbe000 JavaThread "jar transforms Thread 3" [_thread_blocked, id=11604, stack(0x0000008fa1200000,0x0000008fa1300000)]
  0x000001f2e6bc4000 JavaThread "jar transforms Thread 4" [_thread_blocked, id=16052, stack(0x0000008fa1300000,0x0000008fa1400000)]
  0x000001f2e6bc4800 JavaThread "Cache worker for kotlin-dsl (C:\Users\HP\.gradle\caches\8.0.1\kotlin-dsl)" [_thread_blocked, id=16880, stack(0x0000008fa1500000,0x0000008fa1600000)]
  0x000001f2e6bbf000 JavaThread "jar transforms Thread 5" [_thread_blocked, id=12620, stack(0x0000008fa1600000,0x0000008fa1700000)]
  0x000001f2e6bc5800 JavaThread "jar transforms Thread 6" [_thread_blocked, id=5884, stack(0x0000008fa1700000,0x0000008fa1800000)]
  0x000001f2e6bc6800 JavaThread "Cache worker for dependencies-accessors (D:\IMF\running project\Mobile Apps\HMS\android\.gradle\8.0.1\dependencies-accessors)" [_thread_blocked, id=15640, stack(0x0000008fa1800000,0x0000008fa1900000)]
  0x000001f2e6bc7000 JavaThread "Cache worker for Build Output Cleanup Cache (D:\IMF\running project\Mobile Apps\HMS\node_modules\@react-native\gradle-plugin\.gradle\buildOutputCleanup)" [_thread_blocked, id=12688, stack(0x0000008fa1900000,0x0000008fa1a00000)]
  0x000001f2e6bc8000 JavaThread "jar transforms Thread 7" [_thread_blocked, id=9332, stack(0x0000008fa1a00000,0x0000008fa1b00000)]
  0x000001f2e6bc9000 JavaThread "Unconstrained build operations" [_thread_blocked, id=4800, stack(0x0000008fa1b00000,0x0000008fa1c00000)]
  0x000001f2e885f800 JavaThread "Unconstrained build operations Thread 2" [_thread_blocked, id=5828, stack(0x0000008fa1c00000,0x0000008fa1d00000)]
  0x000001f2e8860800 JavaThread "Unconstrained build operations Thread 3" [_thread_blocked, id=18048, stack(0x0000008fa1d00000,0x0000008fa1e00000)]
  0x000001f2e885f000 JavaThread "Unconstrained build operations Thread 4" [_thread_blocked, id=4316, stack(0x0000008fa1e00000,0x0000008fa1f00000)]
  0x000001f2e885e000 JavaThread "Unconstrained build operations Thread 5" [_thread_blocked, id=14512, stack(0x0000008fa1f00000,0x0000008fa2000000)]
  0x000001f2e8862000 JavaThread "Unconstrained build operations Thread 6" [_thread_blocked, id=12432, stack(0x0000008fa2000000,0x0000008fa2100000)]
  0x000001f2e8867000 JavaThread "Unconstrained build operations Thread 7" [_thread_blocked, id=9516, stack(0x0000008fa2100000,0x0000008fa2200000)]
  0x000001f2e8864800 JavaThread "Unconstrained build operations Thread 8" [_thread_blocked, id=14880, stack(0x0000008fa2200000,0x0000008fa2300000)]
  0x000001f2e8863000 JavaThread "Unconstrained build operations Thread 9" [_thread_blocked, id=2268, stack(0x0000008fa2300000,0x0000008fa2400000)]
  0x000001f2e8863800 JavaThread "Unconstrained build operations Thread 10" [_thread_blocked, id=17940, stack(0x0000008fa2400000,0x0000008fa2500000)]
  0x000001f2e8861000 JavaThread "Unconstrained build operations Thread 11" [_thread_blocked, id=4024, stack(0x0000008fa2500000,0x0000008fa2600000)]
  0x000001f2e8868000 JavaThread "Unconstrained build operations Thread 12" [_thread_blocked, id=14656, stack(0x0000008fa2600000,0x0000008fa2700000)]
  0x000001f2e8869800 JavaThread "Unconstrained build operations Thread 13" [_thread_blocked, id=14416, stack(0x0000008fa2700000,0x0000008fa2800000)]
  0x000001f2e8868800 JavaThread "Unconstrained build operations Thread 14" [_thread_blocked, id=18144, stack(0x0000008fa2800000,0x0000008fa2900000)]
  0x000001f2e886b000 JavaThread "Unconstrained build operations Thread 15" [_thread_blocked, id=14028, stack(0x0000008fa2900000,0x0000008fa2a00000)]
  0x000001f2e886a000 JavaThread "Unconstrained build operations Thread 16" [_thread_blocked, id=17780, stack(0x0000008fa2a00000,0x0000008fa2b00000)]
  0x000001f2e8865800 JavaThread "Unconstrained build operations Thread 17" [_thread_blocked, id=8640, stack(0x0000008fa2b00000,0x0000008fa2c00000)]
  0x000001f2e886c000 JavaThread "Unconstrained build operations Thread 18" [_thread_blocked, id=11836, stack(0x0000008fa2c00000,0x0000008fa2d00000)]
  0x000001f2e8866000 JavaThread "Unconstrained build operations Thread 19" [_thread_blocked, id=2404, stack(0x0000008fa2d00000,0x0000008fa2e00000)]
  0x000001f2e886c800 JavaThread "Unconstrained build operations Thread 20" [_thread_blocked, id=13812, stack(0x0000008fa2e00000,0x0000008fa2f00000)]
  0x000001f2ea861800 JavaThread "Unconstrained build operations Thread 21" [_thread_blocked, id=9644, stack(0x0000008fa2f00000,0x0000008fa3000000)]
  0x000001f2ea85d800 JavaThread "Unconstrained build operations Thread 22" [_thread_blocked, id=5264, stack(0x0000008fa3000000,0x0000008fa3100000)]
  0x000001f2ea860000 JavaThread "Unconstrained build operations Thread 23" [_thread_blocked, id=15036, stack(0x0000008fa3100000,0x0000008fa3200000)]
  0x000001f2ea85e000 JavaThread "Unconstrained build operations Thread 24" [_thread_blocked, id=17356, stack(0x0000008fa3200000,0x0000008fa3300000)]
  0x000001f2ea85c800 JavaThread "Unconstrained build operations Thread 25" [_thread_blocked, id=10508, stack(0x0000008fa3300000,0x0000008fa3400000)]
  0x000001f2ea860800 JavaThread "Unconstrained build operations Thread 26" [_thread_blocked, id=16464, stack(0x0000008fa3400000,0x0000008fa3500000)]
  0x000001f2ea85f000 JavaThread "jar transforms Thread 8" [_thread_blocked, id=18252, stack(0x0000008fa3500000,0x0000008fa3600000)]
  0x000001f2ea85b800 JavaThread "Memory manager" [_thread_blocked, id=9584, stack(0x0000008fa3600000,0x0000008fa3700000)]
  0x000001f2ea864800 JavaThread "Cache worker for Build Output Cleanup Cache (D:\IMF\running project\Mobile Apps\HMS\android\.gradle\buildOutputCleanup)" [_thread_blocked, id=15592, stack(0x0000008fa1400000,0x0000008fa1500000)]
  0x000001f2ea868000 JavaThread "included builds" [_thread_blocked, id=1980, stack(0x0000008fa3700000,0x0000008fa3800000)]
  0x000001f2ea863000 JavaThread "Execution worker" [_thread_blocked, id=10244, stack(0x0000008fa3800000,0x0000008fa3900000)]
  0x000001f2ea864000 JavaThread "Execution worker Thread 2" [_thread_blocked, id=14832, stack(0x0000008fa3900000,0x0000008fa3a00000)]
  0x000001f2ea866800 JavaThread "Execution worker Thread 3" [_thread_in_vm, id=7564, stack(0x0000008fa3a00000,0x0000008fa3b00000)]
  0x000001f2ea862800 JavaThread "Execution worker Thread 4" [_thread_blocked, id=15736, stack(0x0000008fa3b00000,0x0000008fa3c00000)]
  0x000001f2ea865800 JavaThread "Execution worker Thread 5" [_thread_blocked, id=2236, stack(0x0000008fa3c00000,0x0000008fa3d00000)]
  0x000001f2ea869000 JavaThread "Execution worker Thread 6" [_thread_blocked, id=13980, stack(0x0000008fa3d00000,0x0000008fa3e00000)]
  0x000001f2ea867000 JavaThread "Execution worker Thread 7" [_thread_blocked, id=17064, stack(0x0000008fa3e00000,0x0000008fa3f00000)]
  0x000001f2ea869800 JavaThread "Cache worker for execution history cache (D:\IMF\running project\Mobile Apps\HMS\node_modules\@react-native\gradle-plugin\.gradle\8.0.1\executionHistory)" [_thread_blocked, id=15848, stack(0x0000008fa3f00000,0x0000008fa4000000)]
  0x000001f2ea86a800 JavaThread "Unconstrained build operations Thread 27" [_thread_blocked, id=8420, stack(0x0000008fa4000000,0x0000008fa4100000)]
  0x000001f2eb913000 JavaThread "Unconstrained build operations Thread 28" [_thread_blocked, id=17240, stack(0x0000008fa4100000,0x0000008fa4200000)]
  0x000001f2eb918000 JavaThread "Unconstrained build operations Thread 29" [_thread_blocked, id=16604, stack(0x0000008fa4200000,0x0000008fa4300000)]
  0x000001f2eb914000 JavaThread "Unconstrained build operations Thread 30" [_thread_blocked, id=4004, stack(0x0000008fa4300000,0x0000008fa4400000)]
  0x000001f2eb917000 JavaThread "Unconstrained build operations Thread 31" [_thread_blocked, id=14444, stack(0x0000008fa4400000,0x0000008fa4500000)]
  0x000001f2eb914800 JavaThread "Unconstrained build operations Thread 32" [_thread_blocked, id=18352, stack(0x0000008fa4500000,0x0000008fa4600000)]
  0x000001f2eb916800 JavaThread "Unconstrained build operations Thread 33" [_thread_blocked, id=8588, stack(0x0000008fa4600000,0x0000008fa4700000)]
  0x000001f2eb912000 JavaThread "Unconstrained build operations Thread 34" [_thread_blocked, id=1260, stack(0x0000008fa4700000,0x0000008fa4800000)]
  0x000001f2eb91b000 JavaThread "Unconstrained build operations Thread 35" [_thread_blocked, id=6488, stack(0x0000008fa4800000,0x0000008fa4900000)]
  0x000001f2eb918800 JavaThread "Unconstrained build operations Thread 36" [_thread_blocked, id=16028, stack(0x0000008fa4900000,0x0000008fa4a00000)]
  0x000001f2eb91a800 JavaThread "Unconstrained build operations Thread 37" [_thread_blocked, id=14992, stack(0x0000008fa4a00000,0x0000008fa4b00000)]
  0x000001f2eb915800 JavaThread "Unconstrained build operations Thread 38" [_thread_blocked, id=10272, stack(0x0000008fa4b00000,0x0000008fa4c00000)]
  0x000001f2eb919800 JavaThread "Unconstrained build operations Thread 39" [_thread_blocked, id=13384, stack(0x0000008fa4c00000,0x0000008fa4d00000)]
  0x000001f2eb91c000 JavaThread "Unconstrained build operations Thread 40" [_thread_blocked, id=9464, stack(0x0000008fa4d00000,0x0000008fa4e00000)]
  0x000001f2eb91d000 JavaThread "Unconstrained build operations Thread 41" [_thread_blocked, id=15984, stack(0x0000008fa4e00000,0x0000008fa4f00000)]
  0x000001f2eb91d800 JavaThread "Unconstrained build operations Thread 42" [_thread_blocked, id=15516, stack(0x0000008fa4f00000,0x0000008fa5000000)]
  0x000001f2eb91e800 JavaThread "Unconstrained build operations Thread 43" [_thread_blocked, id=18284, stack(0x0000008fa5000000,0x0000008fa5100000)]
  0x000001f2eb91f800 JavaThread "Unconstrained build operations Thread 44" [_thread_blocked, id=15608, stack(0x0000008fa5100000,0x0000008fa5200000)]
  0x000001f2eb920000 JavaThread "Unconstrained build operations Thread 45" [_thread_blocked, id=17540, stack(0x0000008fa5200000,0x0000008fa5300000)]
  0x000001f2eb921000 JavaThread "Unconstrained build operations Thread 46" [_thread_blocked, id=4216, stack(0x0000008fa5300000,0x0000008fa5400000)]
  0x000001f2eaf7a800 JavaThread "Unconstrained build operations Thread 47" [_thread_blocked, id=15904, stack(0x0000008fa5400000,0x0000008fa5500000)]
  0x000001f2eaf7e000 JavaThread "Unconstrained build operations Thread 48" [_thread_blocked, id=11288, stack(0x0000008fa5500000,0x0000008fa5600000)]
  0x000001f2eaf7d000 JavaThread "Unconstrained build operations Thread 49" [_thread_blocked, id=8812, stack(0x0000008fa5600000,0x0000008fa5700000)]
  0x000001f2eaf7f800 JavaThread "Unconstrained build operations Thread 50" [_thread_blocked, id=16032, stack(0x0000008fa5700000,0x0000008fa5800000)]
  0x000001f2eaf80800 JavaThread "Unconstrained build operations Thread 51" [_thread_blocked, id=15312, stack(0x0000008fa5800000,0x0000008fa5900000)]
  0x000001f2eaf7e800 JavaThread "Unconstrained build operations Thread 52" [_thread_blocked, id=1204, stack(0x0000008fa5900000,0x0000008fa5a00000)]
  0x000001f2eaf81000 JavaThread "Unconstrained build operations Thread 53" [_thread_blocked, id=4572, stack(0x0000008fa5a00000,0x0000008fa5b00000)]
  0x000001f2eaf7b800 JavaThread "Unconstrained build operations Thread 54" [_thread_blocked, id=13404, stack(0x0000008fa5b00000,0x0000008fa5c00000)]
  0x000001f2eaf82000 JavaThread "Unconstrained build operations Thread 55" [_thread_blocked, id=11816, stack(0x0000008fa5c00000,0x0000008fa5d00000)]
  0x000001f2eaf7c000 JavaThread "Unconstrained build operations Thread 56" [_thread_blocked, id=6160, stack(0x0000008fa5d00000,0x0000008fa5e00000)]
  0x000001f2eaf88800 JavaThread "Unconstrained build operations Thread 57" [_thread_blocked, id=18384, stack(0x0000008fa5e00000,0x0000008fa5f00000)]
  0x000001f2eaf84800 JavaThread "Unconstrained build operations Thread 58" [_thread_blocked, id=16480, stack(0x0000008fa5f00000,0x0000008fa6000000)]
  0x000001f2eaf82800 JavaThread "Unconstrained build operations Thread 59" [_thread_blocked, id=16592, stack(0x0000008fa6000000,0x0000008fa6100000)]
  0x000001f2eaf87800 JavaThread "Unconstrained build operations Thread 60" [_thread_blocked, id=12976, stack(0x0000008fa6100000,0x0000008fa6200000)]
  0x000001f2eaf87000 JavaThread "Unconstrained build operations Thread 61" [_thread_blocked, id=4720, stack(0x0000008fa6200000,0x0000008fa6300000)]
  0x000001f2eaf85000 JavaThread "Unconstrained build operations Thread 62" [_thread_blocked, id=18256, stack(0x0000008fa6300000,0x0000008fa6400000)]
  0x000001f2eaf89000 JavaThread "Unconstrained build operations Thread 63" [_thread_blocked, id=11440, stack(0x0000008fa6400000,0x0000008fa6500000)]
  0x000001f2eaf83800 JavaThread "Unconstrained build operations Thread 64" [_thread_blocked, id=10984, stack(0x0000008fa6500000,0x0000008fa6600000)]
  0x000001f2eaf86000 JavaThread "Unconstrained build operations Thread 65" [_thread_blocked, id=16240, stack(0x0000008fa6600000,0x0000008fa6700000)]
  0x000001f2eb3f7800 JavaThread "Unconstrained build operations Thread 66" [_thread_blocked, id=17148, stack(0x0000008fa6700000,0x0000008fa6800000)]
  0x000001f2eb3f2800 JavaThread "Unconstrained build operations Thread 67" [_thread_blocked, id=3412, stack(0x0000008fa6800000,0x0000008fa6900000)]
  0x000001f2eb3f8800 JavaThread "Unconstrained build operations Thread 68" [_thread_blocked, id=11312, stack(0x0000008fa6900000,0x0000008fa6a00000)]
  0x000001f2eb3f4800 JavaThread "Unconstrained build operations Thread 69" [_thread_blocked, id=15800, stack(0x0000008fa6a00000,0x0000008fa6b00000)]
  0x000001f2eb3f9000 JavaThread "Unconstrained build operations Thread 70" [_thread_blocked, id=16760, stack(0x0000008fa6b00000,0x0000008fa6c00000)]
  0x000001f2eb3f3800 JavaThread "Unconstrained build operations Thread 71" [_thread_blocked, id=13652, stack(0x0000008fa6c00000,0x0000008fa6d00000)]
  0x000001f2eb3fa000 JavaThread "Unconstrained build operations Thread 72" [_thread_blocked, id=16404, stack(0x0000008fa6d00000,0x0000008fa6e00000)]
  0x000001f2eb3fb000 JavaThread "Unconstrained build operations Thread 73" [_thread_blocked, id=2712, stack(0x0000008fa6e00000,0x0000008fa6f00000)]
  0x000001f2eb3f5000 JavaThread "Unconstrained build operations Thread 74" [_thread_blocked, id=1176, stack(0x0000008fa6f00000,0x0000008fa7000000)]
  0x000001f2eb3f6000 JavaThread "Unconstrained build operations Thread 75" [_thread_blocked, id=14596, stack(0x0000008fa7000000,0x0000008fa7100000)]
  0x000001f2eb3fc800 JavaThread "Unconstrained build operations Thread 76" [_thread_blocked, id=1624, stack(0x0000008fa7100000,0x0000008fa7200000)]
  0x000001f2eb3fb800 JavaThread "Unconstrained build operations Thread 77" [_thread_blocked, id=11984, stack(0x0000008fa7200000,0x0000008fa7300000)]
  0x000001f2eb3f7000 JavaThread "Unconstrained build operations Thread 78" [_thread_blocked, id=792, stack(0x0000008fa7300000,0x0000008fa7400000)]
  0x000001f2eb3fd800 JavaThread "Unconstrained build operations Thread 79" [_thread_blocked, id=10928, stack(0x0000008fa7400000,0x0000008fa7500000)]
  0x000001f2eb400800 JavaThread "Unconstrained build operations Thread 80" [_thread_blocked, id=12388, stack(0x0000008fa7500000,0x0000008fa7600000)]
  0x000001f2eb3ff800 JavaThread "Cache worker for execution history cache (D:\IMF\running project\Mobile Apps\HMS\android\.gradle\8.0.1\executionHistory)" [_thread_blocked, id=6632, stack(0x0000008fa7800000,0x0000008fa7900000)]

Other Threads:
  0x000001f2e3be5000 VMThread "VM Thread" [stack: 0x0000008f9e800000,0x0000008f9e900000] [id=17616]
  0x000001f2e46f6800 WatcherThread [stack: 0x0000008f9f200000,0x0000008f9f300000] [id=10604]
  0x000001f2c4b29800 GCTaskThread "GC Thread#0" [stack: 0x0000008f9e300000,0x0000008f9e400000] [id=17956]
  0x000001f2e4c49000 GCTaskThread "GC Thread#1" [stack: 0x0000008f9f300000,0x0000008f9f400000] [id=15404]
  0x000001f2e66d4800 GCTaskThread "GC Thread#2" [stack: 0x0000008f9fe00000,0x0000008f9ff00000] [id=15092]
  0x000001f2e656b000 GCTaskThread "GC Thread#3" [stack: 0x0000008f9ff00000,0x0000008fa0000000] [id=10232]
  0x000001f2e656c000 GCTaskThread "GC Thread#4" [stack: 0x0000008fa0000000,0x0000008fa0100000] [id=3468]
  0x000001f2e656f000 GCTaskThread "GC Thread#5" [stack: 0x0000008fa0100000,0x0000008fa0200000] [id=4212]
  0x000001f2e656f800 GCTaskThread "GC Thread#6" [stack: 0x0000008fa0200000,0x0000008fa0300000] [id=4596]
  0x000001f2e6815800 GCTaskThread "GC Thread#7" [stack: 0x0000008fa0300000,0x0000008fa0400000] [id=11424]
  0x000001f2c4b5b000 ConcurrentGCThread "G1 Main Marker" [stack: 0x0000008f9e400000,0x0000008f9e500000] [id=1940]
  0x000001f2c4b5d000 ConcurrentGCThread "G1 Conc#0" [stack: 0x0000008f9e500000,0x0000008f9e600000] [id=16184]
  0x000001f2e6839000 ConcurrentGCThread "G1 Conc#1" [stack: 0x0000008fa0600000,0x0000008fa0700000] [id=18196]
  0x000001f2c4bdd800 ConcurrentGCThread "G1 Refine#0" [stack: 0x0000008f9e600000,0x0000008f9e700000] [id=12172]
  0x000001f2e3a54800 ConcurrentGCThread "G1 Young RemSet Sampling" [stack: 0x0000008f9e700000,0x0000008f9e800000] [id=10620]

Threads with active compile tasks:
C2 CompilerThread0    37567 11805   !   4       org.gradle.internal.service.DefaultServiceRegistry$ManagedObjectServiceProvider::getInstance (47 bytes)

VM state:not at safepoint (normal execution)

VM Mutex/Monitor currently owned by a thread: None

Heap address: 0x0000000080000000, size: 2048 MB, Compressed Oops mode: 32-bit
Narrow klass base: 0x0000000000000000, Narrow klass shift: 3
Compressed class space size: 528482304 Address: 0x0000000100000000

Heap:
 garbage-first heap   total 264192K, used 172008K [0x0000000080000000, 0x0000000100000000)
  region size 1024K, 24 young (24576K), 4 survivors (4096K)
 Metaspace       used 104926K, capacity 108556K, committed 108680K, reserved 610304K
  class space    used 13794K, capacity 15229K, committed 15232K, reserved 516096K
Heap Regions: E=young(eden), S=young(survivor), O=old, HS=humongous(starts), HC=humongous(continues), CS=collection set, F=free, A=archive, TAMS=top-at-mark-start (previous, next)
|   0|0x0000000080000000, 0x0000000080100000, 0x0000000080100000|100%|HS|  |TAMS 0x0000000080100000, 0x0000000080000000| Complete 
|   1|0x0000000080100000, 0x0000000080200000, 0x0000000080200000|100%|HC|  |TAMS 0x0000000080200000, 0x0000000080100000| Complete 
|   2|0x0000000080200000, 0x0000000080300000, 0x0000000080300000|100%|HC|  |TAMS 0x0000000080300000, 0x0000000080200000| Complete 
|   3|0x0000000080300000, 0x0000000080400000, 0x0000000080400000|100%|HC|  |TAMS 0x0000000080400000, 0x0000000080300000| Complete 
|   4|0x0000000080400000, 0x0000000080500000, 0x0000000080500000|100%| O|  |TAMS 0x0000000080500000, 0x0000000080400000| Untracked 
|   5|0x0000000080500000, 0x0000000080600000, 0x0000000080600000|100%| O|  |TAMS 0x0000000080600000, 0x0000000080500000| Untracked 
|   6|0x0000000080600000, 0x0000000080700000, 0x0000000080700000|100%| O|  |TAMS 0x0000000080700000, 0x0000000080600000| Untracked 
|   7|0x0000000080700000, 0x0000000080800000, 0x0000000080800000|100%| O|  |TAMS 0x0000000080800000, 0x0000000080700000| Untracked 
|   8|0x0000000080800000, 0x0000000080900000, 0x0000000080900000|100%| O|  |TAMS 0x0000000080900000, 0x0000000080800000| Untracked 
|   9|0x0000000080900000, 0x0000000080a00000, 0x0000000080a00000|100%| O|  |TAMS 0x0000000080a00000, 0x0000000080900000| Untracked 
|  10|0x0000000080a00000, 0x0000000080b00000, 0x0000000080b00000|100%| O|  |TAMS 0x0000000080b00000, 0x0000000080a00000| Untracked 
|  11|0x0000000080b00000, 0x0000000080c00000, 0x0000000080c00000|100%| O|  |TAMS 0x0000000080c00000, 0x0000000080b00000| Untracked 
|  12|0x0000000080c00000, 0x0000000080d00000, 0x0000000080d00000|100%| O|  |TAMS 0x0000000080d00000, 0x0000000080c00000| Untracked 
|  13|0x0000000080d00000, 0x0000000080e00000, 0x0000000080e00000|100%| O|  |TAMS 0x0000000080e00000, 0x0000000080d00000| Untracked 
|  14|0x0000000080e00000, 0x0000000080f00000, 0x0000000080f00000|100%| O|  |TAMS 0x0000000080f00000, 0x0000000080e00000| Untracked 
|  15|0x0000000080f00000, 0x0000000081000000, 0x0000000081000000|100%| O|  |TAMS 0x0000000081000000, 0x0000000080f00000| Untracked 
|  16|0x0000000081000000, 0x0000000081100000, 0x0000000081100000|100%| O|  |TAMS 0x0000000081100000, 0x0000000081000000| Untracked 
|  17|0x0000000081100000, 0x0000000081200000, 0x0000000081200000|100%| O|  |TAMS 0x0000000081200000, 0x0000000081100000| Untracked 
|  18|0x0000000081200000, 0x0000000081300000, 0x0000000081300000|100%| O|  |TAMS 0x0000000081300000, 0x0000000081200000| Untracked 
|  19|0x0000000081300000, 0x0000000081400000, 0x0000000081400000|100%| O|  |TAMS 0x0000000081400000, 0x0000000081300000| Untracked 
|  20|0x0000000081400000, 0x0000000081500000, 0x0000000081500000|100%| O|  |TAMS 0x0000000081500000, 0x0000000081400000| Untracked 
|  21|0x0000000081500000, 0x0000000081600000, 0x0000000081600000|100%| O|  |TAMS 0x0000000081600000, 0x0000000081500000| Untracked 
|  22|0x0000000081600000, 0x0000000081700000, 0x0000000081700000|100%| O|  |TAMS 0x0000000081700000, 0x0000000081600000| Untracked 
|  23|0x0000000081700000, 0x0000000081800000, 0x0000000081800000|100%| O|  |TAMS 0x0000000081800000, 0x0000000081700000| Untracked 
|  24|0x0000000081800000, 0x0000000081900000, 0x0000000081900000|100%| O|  |TAMS 0x0000000081900000, 0x0000000081800000| Untracked 
|  25|0x0000000081900000, 0x0000000081a00000, 0x0000000081a00000|100%| O|  |TAMS 0x0000000081a00000, 0x0000000081900000| Untracked 
|  26|0x0000000081a00000, 0x0000000081b00000, 0x0000000081b00000|100%| O|  |TAMS 0x0000000081b00000, 0x0000000081a00000| Untracked 
|  27|0x0000000081b00000, 0x0000000081c00000, 0x0000000081c00000|100%| O|  |TAMS 0x0000000081c00000, 0x0000000081b00000| Untracked 
|  28|0x0000000081c00000, 0x0000000081d00000, 0x0000000081d00000|100%| O|  |TAMS 0x0000000081d00000, 0x0000000081c00000| Untracked 
|  29|0x0000000081d00000, 0x0000000081e00000, 0x0000000081e00000|100%| O|  |TAMS 0x0000000081e00000, 0x0000000081d00000| Untracked 
|  30|0x0000000081e00000, 0x0000000081f00000, 0x0000000081f00000|100%|HS|  |TAMS 0x0000000081f00000, 0x0000000081e00000| Complete 
|  31|0x0000000081f00000, 0x0000000082000000, 0x0000000082000000|100%|HC|  |TAMS 0x0000000082000000, 0x0000000081f00000| Complete 
|  32|0x0000000082000000, 0x0000000082100000, 0x0000000082100000|100%|HS|  |TAMS 0x0000000082100000, 0x0000000082000000| Complete 
|  33|0x0000000082100000, 0x0000000082200000, 0x0000000082200000|100%|HC|  |TAMS 0x0000000082200000, 0x0000000082100000| Complete 
|  34|0x0000000082200000, 0x0000000082300000, 0x0000000082300000|100%|HC|  |TAMS 0x0000000082300000, 0x0000000082200000| Complete 
|  35|0x0000000082300000, 0x0000000082400000, 0x0000000082400000|100%|HC|  |TAMS 0x0000000082400000, 0x0000000082300000| Complete 
|  36|0x0000000082400000, 0x0000000082500000, 0x0000000082500000|100%| O|  |TAMS 0x0000000082500000, 0x0000000082400000| Untracked 
|  37|0x0000000082500000, 0x0000000082600000, 0x0000000082600000|100%| O|  |TAMS 0x0000000082600000, 0x0000000082500000| Untracked 
|  38|0x0000000082600000, 0x0000000082700000, 0x0000000082700000|100%| O|  |TAMS 0x0000000082700000, 0x0000000082600000| Untracked 
|  39|0x0000000082700000, 0x0000000082800000, 0x0000000082800000|100%| O|  |TAMS 0x0000000082800000, 0x0000000082700000| Untracked 
|  40|0x0000000082800000, 0x0000000082900000, 0x0000000082900000|100%| O|  |TAMS 0x0000000082900000, 0x0000000082800000| Untracked 
|  41|0x0000000082900000, 0x0000000082a00000, 0x0000000082a00000|100%| O|  |TAMS 0x0000000082a00000, 0x0000000082900000| Untracked 
|  42|0x0000000082a00000, 0x0000000082b00000, 0x0000000082b00000|100%| O|  |TAMS 0x0000000082b00000, 0x0000000082a00000| Untracked 
|  43|0x0000000082b00000, 0x0000000082c00000, 0x0000000082c00000|100%| O|  |TAMS 0x0000000082c00000, 0x0000000082b00000| Untracked 
|  44|0x0000000082c00000, 0x0000000082d00000, 0x0000000082d00000|100%| O|  |TAMS 0x0000000082d00000, 0x0000000082c00000| Untracked 
|  45|0x0000000082d00000, 0x0000000082e00000, 0x0000000082e00000|100%| O|  |TAMS 0x0000000082e00000, 0x0000000082d00000| Untracked 
|  46|0x0000000082e00000, 0x0000000082f00000, 0x0000000082f00000|100%| O|  |TAMS 0x0000000082f00000, 0x0000000082e00000| Untracked 
|  47|0x0000000082f00000, 0x0000000083000000, 0x0000000083000000|100%| O|  |TAMS 0x0000000083000000, 0x0000000082f00000| Untracked 
|  48|0x0000000083000000, 0x0000000083100000, 0x0000000083100000|100%|HS|  |TAMS 0x0000000083100000, 0x0000000083000000| Complete 
|  49|0x0000000083100000, 0x0000000083200000, 0x0000000083200000|100%|HS|  |TAMS 0x0000000083200000, 0x0000000083100000| Complete 
|  50|0x0000000083200000, 0x0000000083300000, 0x0000000083300000|100%| O|  |TAMS 0x0000000083300000, 0x0000000083200000| Untracked 
|  51|0x0000000083300000, 0x0000000083400000, 0x0000000083400000|100%| O|  |TAMS 0x0000000083400000, 0x0000000083300000| Untracked 
|  52|0x0000000083400000, 0x0000000083500000, 0x0000000083500000|100%| O|  |TAMS 0x0000000083500000, 0x0000000083400000| Untracked 
|  53|0x0000000083500000, 0x0000000083600000, 0x0000000083600000|100%| O|  |TAMS 0x0000000083600000, 0x0000000083500000| Untracked 
|  54|0x0000000083600000, 0x0000000083700000, 0x0000000083700000|100%| O|  |TAMS 0x0000000083700000, 0x0000000083600000| Untracked 
|  55|0x0000000083700000, 0x0000000083800000, 0x0000000083800000|100%| O|  |TAMS 0x0000000083800000, 0x0000000083700000| Untracked 
|  56|0x0000000083800000, 0x0000000083900000, 0x0000000083900000|100%| O|  |TAMS 0x0000000083900000, 0x0000000083800000| Untracked 
|  57|0x0000000083900000, 0x0000000083a00000, 0x0000000083a00000|100%| O|  |TAMS 0x0000000083a00000, 0x0000000083900000| Untracked 
|  58|0x0000000083a00000, 0x0000000083b00000, 0x0000000083b00000|100%| O|  |TAMS 0x0000000083b00000, 0x0000000083a00000| Untracked 
|  59|0x0000000083b00000, 0x0000000083c00000, 0x0000000083c00000|100%| O|  |TAMS 0x0000000083c00000, 0x0000000083b00000| Untracked 
|  60|0x0000000083c00000, 0x0000000083d00000, 0x0000000083d00000|100%| O|  |TAMS 0x0000000083d00000, 0x0000000083c00000| Untracked 
|  61|0x0000000083d00000, 0x0000000083e00000, 0x0000000083e00000|100%| O|  |TAMS 0x0000000083e00000, 0x0000000083d00000| Untracked 
|  62|0x0000000083e00000, 0x0000000083f00000, 0x0000000083f00000|100%| O|  |TAMS 0x0000000083f00000, 0x0000000083e00000| Untracked 
|  63|0x0000000083f00000, 0x0000000084000000, 0x0000000084000000|100%| O|  |TAMS 0x0000000084000000, 0x0000000083f00000| Untracked 
|  64|0x0000000084000000, 0x0000000084100000, 0x0000000084100000|100%| O|  |TAMS 0x0000000084100000, 0x0000000084000000| Untracked 
|  65|0x0000000084100000, 0x0000000084200000, 0x0000000084200000|100%| O|  |TAMS 0x0000000084200000, 0x0000000084100000| Untracked 
|  66|0x0000000084200000, 0x0000000084300000, 0x0000000084300000|100%| O|  |TAMS 0x0000000084300000, 0x0000000084200000| Untracked 
|  67|0x0000000084300000, 0x0000000084400000, 0x0000000084400000|100%| O|  |TAMS 0x0000000084400000, 0x0000000084300000| Untracked 
|  68|0x0000000084400000, 0x0000000084500000, 0x0000000084500000|100%| O|  |TAMS 0x0000000084500000, 0x0000000084400000| Untracked 
|  69|0x0000000084500000, 0x0000000084600000, 0x0000000084600000|100%| O|  |TAMS 0x0000000084600000, 0x0000000084500000| Untracked 
|  70|0x0000000084600000, 0x0000000084700000, 0x0000000084700000|100%| O|  |TAMS 0x0000000084700000, 0x0000000084600000| Untracked 
|  71|0x0000000084700000, 0x0000000084800000, 0x0000000084800000|100%| O|  |TAMS 0x0000000084800000, 0x0000000084700000| Untracked 
|  72|0x0000000084800000, 0x0000000084900000, 0x0000000084900000|100%| O|  |TAMS 0x0000000084900000, 0x0000000084800000| Untracked 
|  73|0x0000000084900000, 0x0000000084a00000, 0x0000000084a00000|100%| O|  |TAMS 0x0000000084a00000, 0x0000000084900000| Untracked 
|  74|0x0000000084a00000, 0x0000000084b00000, 0x0000000084b00000|100%| O|  |TAMS 0x0000000084b00000, 0x0000000084a00000| Untracked 
|  75|0x0000000084b00000, 0x0000000084c00000, 0x0000000084c00000|100%| O|  |TAMS 0x0000000084c00000, 0x0000000084b00000| Untracked 
|  76|0x0000000084c00000, 0x0000000084d00000, 0x0000000084d00000|100%| O|  |TAMS 0x0000000084d00000, 0x0000000084c00000| Untracked 
|  77|0x0000000084d00000, 0x0000000084e00000, 0x0000000084e00000|100%| O|  |TAMS 0x0000000084e00000, 0x0000000084d00000| Untracked 
|  78|0x0000000084e00000, 0x0000000084f00000, 0x0000000084f00000|100%| O|  |TAMS 0x0000000084f00000, 0x0000000084e00000| Untracked 
|  79|0x0000000084f00000, 0x0000000085000000, 0x0000000085000000|100%| O|  |TAMS 0x0000000085000000, 0x0000000084f00000| Untracked 
|  80|0x0000000085000000, 0x0000000085100000, 0x0000000085100000|100%| O|  |TAMS 0x0000000085100000, 0x0000000085000000| Untracked 
|  81|0x0000000085100000, 0x0000000085200000, 0x0000000085200000|100%| O|  |TAMS 0x0000000085200000, 0x0000000085100000| Untracked 
|  82|0x0000000085200000, 0x0000000085300000, 0x0000000085300000|100%|HS|  |TAMS 0x0000000085300000, 0x0000000085200000| Complete 
|  83|0x0000000085300000, 0x0000000085400000, 0x0000000085400000|100%|HC|  |TAMS 0x0000000085400000, 0x0000000085300000| Complete 
|  84|0x0000000085400000, 0x0000000085500000, 0x0000000085500000|100%|HC|  |TAMS 0x0000000085500000, 0x0000000085400000| Complete 
|  85|0x0000000085500000, 0x0000000085600000, 0x0000000085600000|100%|HS|  |TAMS 0x0000000085600000, 0x0000000085500000| Complete 
|  86|0x0000000085600000, 0x0000000085700000, 0x0000000085700000|100%|HC|  |TAMS 0x0000000085700000, 0x0000000085600000| Complete 
|  87|0x0000000085700000, 0x0000000085800000, 0x0000000085800000|100%| O|  |TAMS 0x0000000085800000, 0x0000000085700000| Untracked 
|  88|0x0000000085800000, 0x0000000085900000, 0x0000000085900000|100%| O|  |TAMS 0x0000000085900000, 0x0000000085800000| Untracked 
|  89|0x0000000085900000, 0x0000000085a00000, 0x0000000085a00000|100%| O|  |TAMS 0x0000000085a00000, 0x0000000085900000| Untracked 
|  90|0x0000000085a00000, 0x0000000085b00000, 0x0000000085b00000|100%| O|  |TAMS 0x0000000085b00000, 0x0000000085a00000| Untracked 
|  91|0x0000000085b00000, 0x0000000085c00000, 0x0000000085c00000|100%| O|  |TAMS 0x0000000085c00000, 0x0000000085b00000| Untracked 
|  92|0x0000000085c00000, 0x0000000085d00000, 0x0000000085d00000|100%| O|  |TAMS 0x0000000085d00000, 0x0000000085c00000| Untracked 
|  93|0x0000000085d00000, 0x0000000085e00000, 0x0000000085e00000|100%| O|  |TAMS 0x0000000085e00000, 0x0000000085d00000| Untracked 
|  94|0x0000000085e00000, 0x0000000085f00000, 0x0000000085f00000|100%| O|  |TAMS 0x0000000085f00000, 0x0000000085e00000| Untracked 
|  95|0x0000000085f00000, 0x0000000086000000, 0x0000000086000000|100%| O|  |TAMS 0x0000000086000000, 0x0000000085f00000| Untracked 
|  96|0x0000000086000000, 0x0000000086100000, 0x0000000086100000|100%| O|  |TAMS 0x0000000086100000, 0x0000000086000000| Untracked 
|  97|0x0000000086100000, 0x0000000086200000, 0x0000000086200000|100%| O|  |TAMS 0x0000000086200000, 0x0000000086100000| Untracked 
|  98|0x0000000086200000, 0x0000000086300000, 0x0000000086300000|100%|HS|  |TAMS 0x0000000086300000, 0x0000000086200000| Complete 
|  99|0x0000000086300000, 0x0000000086400000, 0x0000000086400000|100%|HS|  |TAMS 0x0000000086400000, 0x0000000086300000| Complete 
| 100|0x0000000086400000, 0x0000000086500000, 0x0000000086500000|100%|HS|  |TAMS 0x0000000086500000, 0x0000000086400000| Complete 
| 101|0x0000000086500000, 0x0000000086600000, 0x0000000086600000|100%|HS|  |TAMS 0x0000000086600000, 0x0000000086500000| Complete 
| 102|0x0000000086600000, 0x0000000086700000, 0x0000000086700000|100%|HC|  |TAMS 0x0000000086700000, 0x0000000086600000| Complete 
| 103|0x0000000086700000, 0x0000000086800000, 0x0000000086800000|100%|HC|  |TAMS 0x0000000086800000, 0x0000000086700000| Complete 
| 104|0x0000000086800000, 0x0000000086900000, 0x0000000086900000|100%| O|  |TAMS 0x0000000086900000, 0x0000000086800000| Untracked 
| 105|0x0000000086900000, 0x0000000086a00000, 0x0000000086a00000|100%| O|  |TAMS 0x0000000086a00000, 0x0000000086900000| Untracked 
| 106|0x0000000086a00000, 0x0000000086b00000, 0x0000000086b00000|100%| O|  |TAMS 0x0000000086b00000, 0x0000000086a00000| Untracked 
| 107|0x0000000086b00000, 0x0000000086c00000, 0x0000000086c00000|100%|HS|  |TAMS 0x0000000086c00000, 0x0000000086b00000| Complete 
| 108|0x0000000086c00000, 0x0000000086d00000, 0x0000000086d00000|100%|HC|  |TAMS 0x0000000086d00000, 0x0000000086c00000| Complete 
| 109|0x0000000086d00000, 0x0000000086e00000, 0x0000000086e00000|100%| O|  |TAMS 0x0000000086e00000, 0x0000000086d00000| Untracked 
| 110|0x0000000086e00000, 0x0000000086f00000, 0x0000000086f00000|100%| O|  |TAMS 0x0000000086f00000, 0x0000000086e00000| Untracked 
| 111|0x0000000086f00000, 0x0000000087000000, 0x0000000087000000|100%| O|  |TAMS 0x0000000087000000, 0x0000000086f00000| Untracked 
| 112|0x0000000087000000, 0x0000000087100000, 0x0000000087100000|100%| O|  |TAMS 0x0000000087100000, 0x0000000087000000| Untracked 
| 113|0x0000000087100000, 0x0000000087200000, 0x0000000087200000|100%| O|  |TAMS 0x0000000087200000, 0x0000000087100000| Untracked 
| 114|0x0000000087200000, 0x0000000087300000, 0x0000000087300000|100%| O|  |TAMS 0x0000000087300000, 0x0000000087200000| Untracked 
| 115|0x0000000087300000, 0x0000000087400000, 0x0000000087400000|100%| O|  |TAMS 0x0000000087400000, 0x0000000087300000| Untracked 
| 116|0x0000000087400000, 0x0000000087500000, 0x0000000087500000|100%| O|  |TAMS 0x0000000087500000, 0x0000000087400000| Untracked 
| 117|0x0000000087500000, 0x0000000087600000, 0x0000000087600000|100%|HS|  |TAMS 0x0000000087600000, 0x0000000087500000| Complete 
| 118|0x0000000087600000, 0x0000000087700000, 0x0000000087700000|100%|HS|  |TAMS 0x0000000087700000, 0x0000000087600000| Complete 
| 119|0x0000000087700000, 0x0000000087800000, 0x0000000087800000|100%|HS|  |TAMS 0x0000000087800000, 0x0000000087700000| Complete 
| 120|0x0000000087800000, 0x0000000087900000, 0x0000000087900000|100%|HC|  |TAMS 0x0000000087900000, 0x0000000087800000| Complete 
| 121|0x0000000087900000, 0x0000000087a00000, 0x0000000087a00000|100%|HC|  |TAMS 0x0000000087a00000, 0x0000000087900000| Complete 
| 122|0x0000000087a00000, 0x0000000087b00000, 0x0000000087b00000|100%| O|  |TAMS 0x0000000087b00000, 0x0000000087a00000| Untracked 
| 123|0x0000000087b00000, 0x0000000087c00000, 0x0000000087c00000|100%| O|  |TAMS 0x0000000087c00000, 0x0000000087b00000| Untracked 
| 124|0x0000000087c00000, 0x0000000087d00000, 0x0000000087d00000|100%| O|  |TAMS 0x0000000087d00000, 0x0000000087c00000| Untracked 
| 125|0x0000000087d00000, 0x0000000087e00000, 0x0000000087e00000|100%| O|  |TAMS 0x0000000087e00000, 0x0000000087d00000| Untracked 
| 126|0x0000000087e00000, 0x0000000087f00000, 0x0000000087f00000|100%| O|  |TAMS 0x0000000087f00000, 0x0000000087e00000| Untracked 
| 127|0x0000000087f00000, 0x0000000088000000, 0x0000000088000000|100%| O|  |TAMS 0x0000000088000000, 0x0000000087f00000| Untracked 
| 128|0x0000000088000000, 0x0000000088100000, 0x0000000088100000|100%| O|  |TAMS 0x0000000088100000, 0x0000000088000000| Untracked 
| 129|0x0000000088100000, 0x0000000088200000, 0x0000000088200000|100%| O|  |TAMS 0x0000000088200000, 0x0000000088100000| Untracked 
| 130|0x0000000088200000, 0x0000000088300000, 0x0000000088300000|100%| O|  |TAMS 0x0000000088300000, 0x0000000088200000| Untracked 
| 131|0x0000000088300000, 0x0000000088400000, 0x0000000088400000|100%|HS|  |TAMS 0x0000000088400000, 0x0000000088300000| Complete 
| 132|0x0000000088400000, 0x0000000088500000, 0x0000000088500000|100%|HS|  |TAMS 0x0000000088500000, 0x0000000088400000| Complete 
| 133|0x0000000088500000, 0x0000000088600000, 0x0000000088600000|100%| O|  |TAMS 0x0000000088600000, 0x0000000088500000| Untracked 
| 134|0x0000000088600000, 0x0000000088700000, 0x0000000088700000|100%| O|  |TAMS 0x0000000088700000, 0x0000000088600000| Untracked 
| 135|0x0000000088700000, 0x0000000088800000, 0x0000000088800000|100%| O|  |TAMS 0x0000000088800000, 0x0000000088700000| Untracked 
| 136|0x0000000088800000, 0x0000000088900000, 0x0000000088900000|100%| O|  |TAMS 0x0000000088900000, 0x0000000088800000| Untracked 
| 137|0x0000000088900000, 0x0000000088a00000, 0x0000000088a00000|100%| O|  |TAMS 0x0000000088a00000, 0x0000000088900000| Untracked 
| 138|0x0000000088a00000, 0x0000000088b00000, 0x0000000088b00000|100%| O|  |TAMS 0x0000000088b00000, 0x0000000088a00000| Untracked 
| 139|0x0000000088b00000, 0x0000000088c00000, 0x0000000088c00000|100%| O|  |TAMS 0x0000000088c00000, 0x0000000088b00000| Untracked 
| 140|0x0000000088c00000, 0x0000000088d00000, 0x0000000088d00000|100%| O|  |TAMS 0x0000000088d00000, 0x0000000088c00000| Untracked 
| 141|0x0000000088d00000, 0x0000000088e00000, 0x0000000088e00000|100%| O|  |TAMS 0x0000000088e00000, 0x0000000088d00000| Untracked 
| 142|0x0000000088e00000, 0x0000000088f00000, 0x0000000088f00000|100%| O|  |TAMS 0x0000000088f00000, 0x0000000088e00000| Untracked 
| 143|0x0000000088f00000, 0x0000000089000000, 0x0000000089000000|100%| O|  |TAMS 0x0000000089000000, 0x0000000088f00000| Untracked 
| 144|0x0000000089000000, 0x00000000890fa000, 0x0000000089100000| 97%| O|  |TAMS 0x00000000890fa000, 0x0000000089000000| Untracked 
| 145|0x0000000089100000, 0x0000000089100000, 0x0000000089200000|  0%| F|  |TAMS 0x0000000089100000, 0x0000000089100000| Untracked 
| 146|0x0000000089200000, 0x0000000089200000, 0x0000000089300000|  0%| F|  |TAMS 0x0000000089200000, 0x0000000089200000| Untracked 
| 147|0x0000000089300000, 0x0000000089300000, 0x0000000089400000|  0%| F|  |TAMS 0x0000000089300000, 0x0000000089300000| Untracked 
| 148|0x0000000089400000, 0x0000000089400000, 0x0000000089500000|  0%| F|  |TAMS 0x0000000089400000, 0x0000000089400000| Untracked 
| 149|0x0000000089500000, 0x0000000089500000, 0x0000000089600000|  0%| F|  |TAMS 0x0000000089500000, 0x0000000089500000| Untracked 
| 150|0x0000000089600000, 0x0000000089600000, 0x0000000089700000|  0%| F|  |TAMS 0x0000000089600000, 0x0000000089600000| Untracked 
| 151|0x0000000089700000, 0x0000000089700000, 0x0000000089800000|  0%| F|  |TAMS 0x0000000089700000, 0x0000000089700000| Untracked 
| 152|0x0000000089800000, 0x0000000089800000, 0x0000000089900000|  0%| F|  |TAMS 0x0000000089800000, 0x0000000089800000| Untracked 
| 153|0x0000000089900000, 0x0000000089900000, 0x0000000089a00000|  0%| F|  |TAMS 0x0000000089900000, 0x0000000089900000| Untracked 
| 154|0x0000000089a00000, 0x0000000089a00000, 0x0000000089b00000|  0%| F|  |TAMS 0x0000000089a00000, 0x0000000089a00000| Untracked 
| 155|0x0000000089b00000, 0x0000000089b00000, 0x0000000089c00000|  0%| F|  |TAMS 0x0000000089b00000, 0x0000000089b00000| Untracked 
| 156|0x0000000089c00000, 0x0000000089c00000, 0x0000000089d00000|  0%| F|  |TAMS 0x0000000089c00000, 0x0000000089c00000| Untracked 
| 157|0x0000000089d00000, 0x0000000089d00000, 0x0000000089e00000|  0%| F|  |TAMS 0x0000000089d00000, 0x0000000089d00000| Untracked 
| 158|0x0000000089e00000, 0x0000000089e00000, 0x0000000089f00000|  0%| F|  |TAMS 0x0000000089e00000, 0x0000000089e00000| Untracked 
| 159|0x0000000089f00000, 0x0000000089f00000, 0x000000008a000000|  0%| F|  |TAMS 0x0000000089f00000, 0x0000000089f00000| Untracked 
| 160|0x000000008a000000, 0x000000008a000000, 0x000000008a100000|  0%| F|  |TAMS 0x000000008a000000, 0x000000008a000000| Untracked 
| 161|0x000000008a100000, 0x000000008a100000, 0x000000008a200000|  0%| F|  |TAMS 0x000000008a100000, 0x000000008a100000| Untracked 
| 162|0x000000008a200000, 0x000000008a200000, 0x000000008a300000|  0%| F|  |TAMS 0x000000008a200000, 0x000000008a200000| Untracked 
| 163|0x000000008a300000, 0x000000008a300000, 0x000000008a400000|  0%| F|  |TAMS 0x000000008a300000, 0x000000008a300000| Untracked 
| 164|0x000000008a400000, 0x000000008a400000, 0x000000008a500000|  0%| F|  |TAMS 0x000000008a400000, 0x000000008a400000| Untracked 
| 165|0x000000008a500000, 0x000000008a500000, 0x000000008a600000|  0%| F|  |TAMS 0x000000008a500000, 0x000000008a500000| Untracked 
| 166|0x000000008a600000, 0x000000008a600000, 0x000000008a700000|  0%| F|  |TAMS 0x000000008a600000, 0x000000008a600000| Untracked 
| 167|0x000000008a700000, 0x000000008a700000, 0x000000008a800000|  0%| F|  |TAMS 0x000000008a700000, 0x000000008a700000| Untracked 
| 168|0x000000008a800000, 0x000000008a800000, 0x000000008a900000|  0%| F|  |TAMS 0x000000008a800000, 0x000000008a800000| Untracked 
| 169|0x000000008a900000, 0x000000008a900000, 0x000000008aa00000|  0%| F|  |TAMS 0x000000008a900000, 0x000000008a900000| Untracked 
| 170|0x000000008aa00000, 0x000000008aa00000, 0x000000008ab00000|  0%| F|  |TAMS 0x000000008aa00000, 0x000000008aa00000| Untracked 
| 171|0x000000008ab00000, 0x000000008ab00000, 0x000000008ac00000|  0%| F|  |TAMS 0x000000008ab00000, 0x000000008ab00000| Untracked 
| 172|0x000000008ac00000, 0x000000008ac00000, 0x000000008ad00000|  0%| F|  |TAMS 0x000000008ac00000, 0x000000008ac00000| Untracked 
| 173|0x000000008ad00000, 0x000000008ad00000, 0x000000008ae00000|  0%| F|  |TAMS 0x000000008ad00000, 0x000000008ad00000| Untracked 
| 174|0x000000008ae00000, 0x000000008ae00000, 0x000000008af00000|  0%| F|  |TAMS 0x000000008ae00000, 0x000000008ae00000| Untracked 
| 175|0x000000008af00000, 0x000000008af00000, 0x000000008b000000|  0%| F|  |TAMS 0x000000008af00000, 0x000000008af00000| Untracked 
| 176|0x000000008b000000, 0x000000008b000000, 0x000000008b100000|  0%| F|  |TAMS 0x000000008b000000, 0x000000008b000000| Untracked 
| 177|0x000000008b100000, 0x000000008b100000, 0x000000008b200000|  0%| F|  |TAMS 0x000000008b100000, 0x000000008b100000| Untracked 
| 178|0x000000008b200000, 0x000000008b200000, 0x000000008b300000|  0%| F|  |TAMS 0x000000008b200000, 0x000000008b200000| Untracked 
| 179|0x000000008b300000, 0x000000008b300000, 0x000000008b400000|  0%| F|  |TAMS 0x000000008b300000, 0x000000008b300000| Untracked 
| 180|0x000000008b400000, 0x000000008b400000, 0x000000008b500000|  0%| F|  |TAMS 0x000000008b400000, 0x000000008b400000| Untracked 
| 181|0x000000008b500000, 0x000000008b500000, 0x000000008b600000|  0%| F|  |TAMS 0x000000008b500000, 0x000000008b500000| Untracked 
| 182|0x000000008b600000, 0x000000008b600000, 0x000000008b700000|  0%| F|  |TAMS 0x000000008b600000, 0x000000008b600000| Untracked 
| 183|0x000000008b700000, 0x000000008b800000, 0x000000008b800000|100%| S|CS|TAMS 0x000000008b700000, 0x000000008b700000| Complete 
| 184|0x000000008b800000, 0x000000008b900000, 0x000000008b900000|100%| S|CS|TAMS 0x000000008b800000, 0x000000008b800000| Complete 
| 185|0x000000008b900000, 0x000000008b900000, 0x000000008ba00000|  0%| F|  |TAMS 0x000000008b900000, 0x000000008b900000| Untracked 
| 186|0x000000008ba00000, 0x000000008ba00000, 0x000000008bb00000|  0%| F|  |TAMS 0x000000008ba00000, 0x000000008ba00000| Untracked 
| 187|0x000000008bb00000, 0x000000008bb00000, 0x000000008bc00000|  0%| F|  |TAMS 0x000000008bb00000, 0x000000008bb00000| Untracked 
| 188|0x000000008bc00000, 0x000000008bd00000, 0x000000008bd00000|100%| S|CS|TAMS 0x000000008bc00000, 0x000000008bc00000| Complete 
| 189|0x000000008bd00000, 0x000000008be00000, 0x000000008be00000|100%| S|CS|TAMS 0x000000008bd00000, 0x000000008bd00000| Complete 
| 190|0x000000008be00000, 0x000000008be00000, 0x000000008bf00000|  0%| F|  |TAMS 0x000000008be00000, 0x000000008be00000| Untracked 
| 191|0x000000008bf00000, 0x000000008bf00000, 0x000000008c000000|  0%| F|  |TAMS 0x000000008bf00000, 0x000000008bf00000| Untracked 
| 192|0x000000008c000000, 0x000000008c000000, 0x000000008c100000|  0%| F|  |TAMS 0x000000008c000000, 0x000000008c000000| Untracked 
| 193|0x000000008c100000, 0x000000008c100000, 0x000000008c200000|  0%| F|  |TAMS 0x000000008c100000, 0x000000008c100000| Untracked 
| 194|0x000000008c200000, 0x000000008c200000, 0x000000008c300000|  0%| F|  |TAMS 0x000000008c200000, 0x000000008c200000| Untracked 
| 195|0x000000008c300000, 0x000000008c300000, 0x000000008c400000|  0%| F|  |TAMS 0x000000008c300000, 0x000000008c300000| Untracked 
| 196|0x000000008c400000, 0x000000008c400000, 0x000000008c500000|  0%| F|  |TAMS 0x000000008c400000, 0x000000008c400000| Untracked 
| 197|0x000000008c500000, 0x000000008c500000, 0x000000008c600000|  0%| F|  |TAMS 0x000000008c500000, 0x000000008c500000| Untracked 
| 198|0x000000008c600000, 0x000000008c600000, 0x000000008c700000|  0%| F|  |TAMS 0x000000008c600000, 0x000000008c600000| Untracked 
| 199|0x000000008c700000, 0x000000008c700000, 0x000000008c800000|  0%| F|  |TAMS 0x000000008c700000, 0x000000008c700000| Untracked 
| 200|0x000000008c800000, 0x000000008c800000, 0x000000008c900000|  0%| F|  |TAMS 0x000000008c800000, 0x000000008c800000| Untracked 
| 201|0x000000008c900000, 0x000000008c900000, 0x000000008ca00000|  0%| F|  |TAMS 0x000000008c900000, 0x000000008c900000| Untracked 
| 202|0x000000008ca00000, 0x000000008ca00000, 0x000000008cb00000|  0%| F|  |TAMS 0x000000008ca00000, 0x000000008ca00000| Untracked 
| 203|0x000000008cb00000, 0x000000008cb00000, 0x000000008cc00000|  0%| F|  |TAMS 0x000000008cb00000, 0x000000008cb00000| Untracked 
| 204|0x000000008cc00000, 0x000000008cc00000, 0x000000008cd00000|  0%| F|  |TAMS 0x000000008cc00000, 0x000000008cc00000| Untracked 
| 205|0x000000008cd00000, 0x000000008cd00000, 0x000000008ce00000|  0%| F|  |TAMS 0x000000008cd00000, 0x000000008cd00000| Untracked 
| 206|0x000000008ce00000, 0x000000008ce00000, 0x000000008cf00000|  0%| F|  |TAMS 0x000000008ce00000, 0x000000008ce00000| Untracked 
| 207|0x000000008cf00000, 0x000000008cf00000, 0x000000008d000000|  0%| F|  |TAMS 0x000000008cf00000, 0x000000008cf00000| Untracked 
| 208|0x000000008d000000, 0x000000008d000000, 0x000000008d100000|  0%| F|  |TAMS 0x000000008d000000, 0x000000008d000000| Untracked 
| 209|0x000000008d100000, 0x000000008d100000, 0x000000008d200000|  0%| F|  |TAMS 0x000000008d100000, 0x000000008d100000| Untracked 
| 210|0x000000008d200000, 0x000000008d200000, 0x000000008d300000|  0%| F|  |TAMS 0x000000008d200000, 0x000000008d200000| Untracked 
| 211|0x000000008d300000, 0x000000008d300000, 0x000000008d400000|  0%| F|  |TAMS 0x000000008d300000, 0x000000008d300000| Untracked 
| 212|0x000000008d400000, 0x000000008d400000, 0x000000008d500000|  0%| F|  |TAMS 0x000000008d400000, 0x000000008d400000| Untracked 
| 213|0x000000008d500000, 0x000000008d500000, 0x000000008d600000|  0%| F|  |TAMS 0x000000008d500000, 0x000000008d500000| Untracked 
| 214|0x000000008d600000, 0x000000008d600000, 0x000000008d700000|  0%| F|  |TAMS 0x000000008d600000, 0x000000008d600000| Untracked 
| 215|0x000000008d700000, 0x000000008d700000, 0x000000008d800000|  0%| F|  |TAMS 0x000000008d700000, 0x000000008d700000| Untracked 
| 216|0x000000008d800000, 0x000000008d800000, 0x000000008d900000|  0%| F|  |TAMS 0x000000008d800000, 0x000000008d800000| Untracked 
| 217|0x000000008d900000, 0x000000008d900000, 0x000000008da00000|  0%| F|  |TAMS 0x000000008d900000, 0x000000008d900000| Untracked 
| 218|0x000000008da00000, 0x000000008da00000, 0x000000008db00000|  0%| F|  |TAMS 0x000000008da00000, 0x000000008da00000| Untracked 
| 219|0x000000008db00000, 0x000000008db00000, 0x000000008dc00000|  0%| F|  |TAMS 0x000000008db00000, 0x000000008db00000| Untracked 
| 220|0x000000008dc00000, 0x000000008dc00000, 0x000000008dd00000|  0%| F|  |TAMS 0x000000008dc00000, 0x000000008dc00000| Untracked 
| 221|0x000000008dd00000, 0x000000008dd00000, 0x000000008de00000|  0%| F|  |TAMS 0x000000008dd00000, 0x000000008dd00000| Untracked 
| 222|0x000000008de00000, 0x000000008de00000, 0x000000008df00000|  0%| F|  |TAMS 0x000000008de00000, 0x000000008de00000| Untracked 
| 223|0x000000008df00000, 0x000000008df00000, 0x000000008e000000|  0%| F|  |TAMS 0x000000008df00000, 0x000000008df00000| Untracked 
| 224|0x000000008e000000, 0x000000008e000000, 0x000000008e100000|  0%| F|  |TAMS 0x000000008e000000, 0x000000008e000000| Untracked 
| 225|0x000000008e100000, 0x000000008e100000, 0x000000008e200000|  0%| F|  |TAMS 0x000000008e100000, 0x000000008e100000| Untracked 
| 226|0x000000008e200000, 0x000000008e200000, 0x000000008e300000|  0%| F|  |TAMS 0x000000008e200000, 0x000000008e200000| Untracked 
| 227|0x000000008e300000, 0x000000008e300000, 0x000000008e400000|  0%| F|  |TAMS 0x000000008e300000, 0x000000008e300000| Untracked 
| 228|0x000000008e400000, 0x000000008e400000, 0x000000008e500000|  0%| F|  |TAMS 0x000000008e400000, 0x000000008e400000| Untracked 
| 229|0x000000008e500000, 0x000000008e500000, 0x000000008e600000|  0%| F|  |TAMS 0x000000008e500000, 0x000000008e500000| Untracked 
| 230|0x000000008e600000, 0x000000008e600000, 0x000000008e700000|  0%| F|  |TAMS 0x000000008e600000, 0x000000008e600000| Untracked 
| 231|0x000000008e700000, 0x000000008e700000, 0x000000008e800000|  0%| F|  |TAMS 0x000000008e700000, 0x000000008e700000| Untracked 
| 232|0x000000008e800000, 0x000000008e800000, 0x000000008e900000|  0%| F|  |TAMS 0x000000008e800000, 0x000000008e800000| Untracked 
| 233|0x000000008e900000, 0x000000008e900000, 0x000000008ea00000|  0%| F|  |TAMS 0x000000008e900000, 0x000000008e900000| Untracked 
| 234|0x000000008ea00000, 0x000000008ea00000, 0x000000008eb00000|  0%| F|  |TAMS 0x000000008ea00000, 0x000000008ea00000| Untracked 
| 235|0x000000008eb00000, 0x000000008eb00000, 0x000000008ec00000|  0%| F|  |TAMS 0x000000008eb00000, 0x000000008eb00000| Untracked 
| 236|0x000000008ec00000, 0x000000008ec00000, 0x000000008ed00000|  0%| F|  |TAMS 0x000000008ec00000, 0x000000008ec00000| Untracked 
| 237|0x000000008ed00000, 0x000000008ed80800, 0x000000008ee00000| 50%| E|  |TAMS 0x000000008ed00000, 0x000000008ed00000| Complete 
| 238|0x000000008ee00000, 0x000000008ef00000, 0x000000008ef00000|100%| E|CS|TAMS 0x000000008ee00000, 0x000000008ee00000| Complete 
| 239|0x000000008ef00000, 0x000000008f000000, 0x000000008f000000|100%| E|CS|TAMS 0x000000008ef00000, 0x000000008ef00000| Complete 
| 240|0x000000008f000000, 0x000000008f100000, 0x000000008f100000|100%| E|CS|TAMS 0x000000008f000000, 0x000000008f000000| Complete 
| 241|0x000000008f100000, 0x000000008f200000, 0x000000008f200000|100%| E|CS|TAMS 0x000000008f100000, 0x000000008f100000| Complete 
| 242|0x000000008f200000, 0x000000008f300000, 0x000000008f300000|100%| E|CS|TAMS 0x000000008f200000, 0x000000008f200000| Complete 
| 243|0x000000008f300000, 0x000000008f400000, 0x000000008f400000|100%| E|CS|TAMS 0x000000008f300000, 0x000000008f300000| Complete 
| 244|0x000000008f400000, 0x000000008f500000, 0x000000008f500000|100%| E|CS|TAMS 0x000000008f400000, 0x000000008f400000| Complete 
| 245|0x000000008f500000, 0x000000008f600000, 0x000000008f600000|100%| E|CS|TAMS 0x000000008f500000, 0x000000008f500000| Complete 
| 246|0x000000008f600000, 0x000000008f700000, 0x000000008f700000|100%| E|CS|TAMS 0x000000008f600000, 0x000000008f600000| Complete 
| 247|0x000000008f700000, 0x000000008f800000, 0x000000008f800000|100%| E|CS|TAMS 0x000000008f700000, 0x000000008f700000| Complete 
| 248|0x000000008f800000, 0x000000008f900000, 0x000000008f900000|100%| E|CS|TAMS 0x000000008f800000, 0x000000008f800000| Complete 
| 249|0x000000008f900000, 0x000000008fa00000, 0x000000008fa00000|100%| E|CS|TAMS 0x000000008f900000, 0x000000008f900000| Complete 
| 250|0x000000008fa00000, 0x000000008fb00000, 0x000000008fb00000|100%| E|CS|TAMS 0x000000008fa00000, 0x000000008fa00000| Complete 
| 251|0x000000008fb00000, 0x000000008fc00000, 0x000000008fc00000|100%| E|CS|TAMS 0x000000008fb00000, 0x000000008fb00000| Complete 
| 252|0x000000008fc00000, 0x000000008fd00000, 0x000000008fd00000|100%| E|CS|TAMS 0x000000008fc00000, 0x000000008fc00000| Complete 
| 253|0x000000008fd00000, 0x000000008fe00000, 0x000000008fe00000|100%| E|CS|TAMS 0x000000008fd00000, 0x000000008fd00000| Complete 
| 254|0x000000008fe00000, 0x000000008ff00000, 0x000000008ff00000|100%| E|CS|TAMS 0x000000008fe00000, 0x000000008fe00000| Complete 
| 255|0x000000008ff00000, 0x0000000090000000, 0x0000000090000000|100%| E|CS|TAMS 0x000000008ff00000, 0x000000008ff00000| Complete 
| 256|0x0000000090000000, 0x0000000090100000, 0x0000000090100000|100%| E|CS|TAMS 0x0000000090000000, 0x0000000090000000| Complete 
| 257|0x0000000090100000, 0x0000000090200000, 0x0000000090200000|100%| E|CS|TAMS 0x0000000090100000, 0x0000000090100000| Complete 

Card table byte_map: [0x000001f2dc9b0000,0x000001f2dcdb0000] _byte_map_base: 0x000001f2dc5b0000

Marking Bits (Prev, Next): (CMBitMap*) 0x000001f2c4b523b0, (CMBitMap*) 0x000001f2c4b52378
 Prev Bits: [0x000001f2df1b0000, 0x000001f2e11b0000)
 Next Bits: [0x000001f2dd1b0000, 0x000001f2df1b0000)

Polling page: 0x000001f2c2ad0000

Metaspace:

Usage:
  Non-class:     91.20 MB capacity,    89.02 MB ( 98%) used,     1.86 MB (  2%) free+waste,   338.31 KB ( <1%) overhead. 
      Class:     14.87 MB capacity,    13.48 MB ( 91%) used,     1.24 MB (  8%) free+waste,   156.38 KB (  1%) overhead. 
       Both:    106.07 MB capacity,   102.49 MB ( 97%) used,     3.10 MB (  3%) free+waste,   494.69 KB ( <1%) overhead. 

Virtual space:
  Non-class space:       92.00 MB reserved,      91.26 MB (>99%) committed 
      Class space:      504.00 MB reserved,      14.88 MB (  3%) committed 
             Both:      596.00 MB reserved,     106.13 MB ( 18%) committed 

Chunk freelists:
   Non-Class:  57.00 KB
       Class:  3.00 KB
        Both:  60.00 KB

MaxMetaspaceSize: 512.00 MB
CompressedClassSpaceSize: 504.00 MB
Initial GC threshold: 20.80 MB
Current GC threshold: 176.05 MB
CDS: off

CodeHeap 'non-profiled nmethods': size=120000Kb used=5722Kb max_used=5722Kb free=114277Kb
 bounds [0x000001f2d4d50000, 0x000001f2d52f0000, 0x000001f2dc280000]
CodeHeap 'profiled nmethods': size=120000Kb used=24692Kb max_used=24692Kb free=95307Kb
 bounds [0x000001f2cd820000, 0x000001f2cf040000, 0x000001f2d4d50000]
CodeHeap 'non-nmethods': size=5760Kb used=2411Kb max_used=2453Kb free=3348Kb
 bounds [0x000001f2cd280000, 0x000001f2cd4f0000, 0x000001f2cd820000]
 total_blobs=12796 nmethods=11868 adapters=838
 compilation: enabled
              stopped_count=0, restarted_count=0
 full_count=0

Compilation events (20 events):
Event: 37.494 Thread 0x000001f2e3c0b800 12169       2       org.gradle.api.internal.provider.DefaultProviderFactory::systemProperty (13 bytes)
Event: 37.494 Thread 0x000001f2e3c0b800 nmethod 12169 0x000001f2cf030b90 code [0x000001f2cf030d60, 0x000001f2cf031038]
Event: 37.494 Thread 0x000001f2e3c0b800 12170       2       org.gradle.api.internal.file.collections.DefaultConfigurableFileCollection$UnresolvedItemsCollector$$Lambda$1218/0x00000001009b1440::<init> (32 bytes)
Event: 37.495 Thread 0x000001f2e3c0b800 nmethod 12170 0x000001f2cf031210 code [0x000001f2cf0313c0, 0x000001f2cf031678]
Event: 37.497 Thread 0x000001f2e3c0b800 12172       2       com.android.build.gradle.internal.api.DefaultAndroidSourceSet_Decorated::getManifestFile (40 bytes)
Event: 37.498 Thread 0x000001f2e3c0b800 nmethod 12172 0x000001f2cf031710 code [0x000001f2cf031960, 0x000001f2cf031e88]
Event: 37.498 Thread 0x000001f2e3c0b800 12173       2       com.android.build.gradle.internal.api.DefaultAndroidSourceSet::getManifestFile (10 bytes)
Event: 37.498 Thread 0x000001f2e3c0b800 nmethod 12173 0x000001f2cf032290 code [0x000001f2cf032460, 0x000001f2cf032658]
Event: 37.499 Thread 0x000001f2e3c0b800 12174   !   2       jdk.internal.reflect.GeneratedConstructorAccessor68::newInstance (49 bytes)
Event: 37.500 Thread 0x000001f2e3c0b800 nmethod 12174 0x000001f2cf032810 code [0x000001f2cf032a40, 0x000001f2cf033048]
Event: 37.500 Thread 0x000001f2e3c0b800 12175       2       org.gradle.api.internal.provider.DefaultProviderFactory::environmentVariable (9 bytes)
Event: 37.500 Thread 0x000001f2e3c0b800 nmethod 12175 0x000001f2cf033490 code [0x000001f2cf033680, 0x000001f2cf033ac8]
Event: 37.501 Thread 0x000001f2e3c0b800 12176       2       org.gradle.api.internal.provider.DefaultProviderFactory::environmentVariable (13 bytes)
Event: 37.501 Thread 0x000001f2e3c0b800 nmethod 12176 0x000001f2cf033d10 code [0x000001f2cf033ee0, 0x000001f2cf0341b8]
Event: 37.503 Thread 0x000001f2e3c0b800 12177       2       com.android.build.gradle.internal.dsl.decorator.LockableSet::iterator (21 bytes)
Event: 37.503 Thread 0x000001f2e3c0b800 nmethod 12177 0x000001f2cf034390 code [0x000001f2cf0345a0, 0x000001f2cf0349a8]
Event: 37.504 Thread 0x000001f2e3c0b800 12178       2       com.android.build.gradle.internal.dsl.decorator.LockableSet$LockableIterator::<init> (21 bytes)
Event: 37.504 Thread 0x000001f2e3c0b800 nmethod 12178 0x000001f2cf034c10 code [0x000001f2cf034e00, 0x000001f2cf035158]
Event: 37.504 Thread 0x000001f2e3c0b800 12179       2       org.gradle.api.internal.provider.AbstractProperty$NonFinalizedValue::implicitValue (10 bytes)
Event: 37.505 Thread 0x000001f2e3c0b800 nmethod 12179 0x000001f2cf035310 code [0x000001f2cf0354c0, 0x000001f2cf0355b8]

GC Heap History (20 events):
Event: 34.000 GC heap before
{Heap before GC invocations=46 (full 0):
 garbage-first heap   total 152576K, used 137576K [0x0000000080000000, 0x0000000100000000)
  region size 1024K, 7 young (7168K), 1 survivors (1024K)
 Metaspace       used 97928K, capacity 101115K, committed 101256K, reserved 604160K
  class space    used 12865K, capacity 14144K, committed 14208K, reserved 516096K
}
Event: 34.004 GC heap after
{Heap after GC invocations=47 (full 0):
 garbage-first heap   total 152576K, used 131914K [0x0000000080000000, 0x0000000100000000)
  region size 1024K, 1 young (1024K), 1 survivors (1024K)
 Metaspace       used 97928K, capacity 101115K, committed 101256K, reserved 604160K
  class space    used 12865K, capacity 14144K, committed 14208K, reserved 516096K
}
Event: 34.101 GC heap before
{Heap before GC invocations=47 (full 0):
 garbage-first heap   total 152576K, used 138058K [0x0000000080000000, 0x0000000100000000)
  region size 1024K, 7 young (7168K), 1 survivors (1024K)
 Metaspace       used 98070K, capacity 101249K, committed 101512K, reserved 604160K
  class space    used 12879K, capacity 14145K, committed 14208K, reserved 516096K
}
Event: 34.106 GC heap after
{Heap after GC invocations=48 (full 0):
 garbage-first heap   total 183296K, used 132810K [0x0000000080000000, 0x0000000100000000)
  region size 1024K, 1 young (1024K), 1 survivors (1024K)
 Metaspace       used 98070K, capacity 101249K, committed 101512K, reserved 604160K
  class space    used 12879K, capacity 14145K, committed 14208K, reserved 516096K
}
Event: 34.406 GC heap before
{Heap before GC invocations=49 (full 0):
 garbage-first heap   total 183296K, used 148170K [0x0000000080000000, 0x0000000100000000)
  region size 1024K, 16 young (16384K), 1 survivors (1024K)
 Metaspace       used 98624K, capacity 101830K, committed 102152K, reserved 604160K
  class space    used 12950K, capacity 14252K, committed 14336K, reserved 516096K
}
Event: 34.411 GC heap after
{Heap after GC invocations=50 (full 0):
 garbage-first heap   total 183296K, used 134612K [0x0000000080000000, 0x0000000100000000)
  region size 1024K, 2 young (2048K), 2 survivors (2048K)
 Metaspace       used 98624K, capacity 101830K, committed 102152K, reserved 604160K
  class space    used 12950K, capacity 14252K, committed 14336K, reserved 516096K
}
Event: 34.837 GC heap before
{Heap before GC invocations=50 (full 0):
 garbage-first heap   total 183296K, used 148948K [0x0000000080000000, 0x0000000100000000)
  region size 1024K, 17 young (17408K), 2 survivors (2048K)
 Metaspace       used 98751K, capacity 102024K, committed 102152K, reserved 604160K
  class space    used 12959K, capacity 14292K, committed 14336K, reserved 516096K
}
Event: 34.843 GC heap after
{Heap after GC invocations=51 (full 0):
 garbage-first heap   total 183296K, used 136777K [0x0000000080000000, 0x0000000100000000)
  region size 1024K, 3 young (3072K), 3 survivors (3072K)
 Metaspace       used 98751K, capacity 102024K, committed 102152K, reserved 604160K
  class space    used 12959K, capacity 14292K, committed 14336K, reserved 516096K
}
Event: 35.168 GC heap before
{Heap before GC invocations=52 (full 0):
 garbage-first heap   total 183296K, used 152137K [0x0000000080000000, 0x0000000100000000)
  region size 1024K, 17 young (17408K), 3 survivors (3072K)
 Metaspace       used 98912K, capacity 102361K, committed 102536K, reserved 606208K
  class space    used 12980K, capacity 14346K, committed 14464K, reserved 516096K
}
Event: 35.175 GC heap after
{Heap after GC invocations=53 (full 0):
 garbage-first heap   total 183296K, used 142899K [0x0000000080000000, 0x0000000100000000)
  region size 1024K, 3 young (3072K), 3 survivors (3072K)
 Metaspace       used 98912K, capacity 102361K, committed 102536K, reserved 606208K
  class space    used 12980K, capacity 14346K, committed 14464K, reserved 516096K
}
Event: 35.312 GC heap before
{Heap before GC invocations=53 (full 0):
 garbage-first heap   total 183296K, used 155187K [0x0000000080000000, 0x0000000100000000)
  region size 1024K, 15 young (15360K), 3 survivors (3072K)
 Metaspace       used 99090K, capacity 102560K, committed 102792K, reserved 606208K
  class space    used 12994K, capacity 14387K, committed 14464K, reserved 516096K
}
Event: 35.321 GC heap after
{Heap after GC invocations=54 (full 0):
 garbage-first heap   total 220160K, used 146285K [0x0000000080000000, 0x0000000100000000)
  region size 1024K, 2 young (2048K), 2 survivors (2048K)
 Metaspace       used 99090K, capacity 102560K, committed 102792K, reserved 606208K
  class space    used 12994K, capacity 14387K, committed 14464K, reserved 516096K
}
Event: 35.702 GC heap before
{Heap before GC invocations=55 (full 0):
 garbage-first heap   total 220160K, used 166765K [0x0000000080000000, 0x0000000100000000)
  region size 1024K, 23 young (23552K), 2 survivors (2048K)
 Metaspace       used 99948K, capacity 103480K, committed 103688K, reserved 606208K
  class space    used 13142K, capacity 14584K, committed 14592K, reserved 516096K
}
Event: 35.709 GC heap after
{Heap after GC invocations=56 (full 0):
 garbage-first heap   total 220160K, used 147377K [0x0000000080000000, 0x0000000100000000)
  region size 1024K, 2 young (2048K), 2 survivors (2048K)
 Metaspace       used 99948K, capacity 103480K, committed 103688K, reserved 606208K
  class space    used 13142K, capacity 14584K, committed 14592K, reserved 516096K
}
Event: 36.183 GC heap before
{Heap before GC invocations=56 (full 0):
 garbage-first heap   total 220160K, used 169905K [0x0000000080000000, 0x0000000100000000)
  region size 1024K, 24 young (24576K), 2 survivors (2048K)
 Metaspace       used 101196K, capacity 104707K, committed 104968K, reserved 608256K
  class space    used 13314K, capacity 14726K, committed 14848K, reserved 516096K
}
Event: 36.189 GC heap after
{Heap after GC invocations=57 (full 0):
 garbage-first heap   total 220160K, used 148485K [0x0000000080000000, 0x0000000100000000)
  region size 1024K, 3 young (3072K), 3 survivors (3072K)
 Metaspace       used 101196K, capacity 104707K, committed 104968K, reserved 608256K
  class space    used 13314K, capacity 14726K, committed 14848K, reserved 516096K
}
Event: 36.634 GC heap before
{Heap before GC invocations=58 (full 0):
 garbage-first heap   total 220160K, used 173061K [0x0000000080000000, 0x0000000100000000)
  region size 1024K, 27 young (27648K), 3 survivors (3072K)
 Metaspace       used 102684K, capacity 106332K, committed 106376K, reserved 608256K
  class space    used 13526K, capacity 14968K, committed 14976K, reserved 516096K
}
Event: 36.640 GC heap after
{Heap after GC invocations=59 (full 0):
 garbage-first heap   total 220160K, used 149920K [0x0000000080000000, 0x0000000100000000)
  region size 1024K, 3 young (3072K), 3 survivors (3072K)
 Metaspace       used 102684K, capacity 106332K, committed 106376K, reserved 608256K
  class space    used 13526K, capacity 14968K, committed 14976K, reserved 516096K
}
Event: 37.120 GC heap before
{Heap before GC invocations=59 (full 0):
 garbage-first heap   total 220160K, used 175520K [0x0000000080000000, 0x0000000100000000)
  region size 1024K, 28 young (28672K), 3 survivors (3072K)
 Metaspace       used 104182K, capacity 107822K, committed 107912K, reserved 610304K
  class space    used 13722K, capacity 15177K, committed 15232K, reserved 516096K
}
Event: 37.129 GC heap after
{Heap after GC invocations=60 (full 0):
 garbage-first heap   total 264192K, used 152552K [0x0000000080000000, 0x0000000100000000)
  region size 1024K, 4 young (4096K), 4 survivors (4096K)
 Metaspace       used 104182K, capacity 107822K, committed 107912K, reserved 610304K
  class space    used 13722K, capacity 15177K, committed 15232K, reserved 516096K
}

Deoptimization events (20 events):
Event: 35.229 Thread 0x000001f2e5f34000 DEOPT PACKING pc=0x000001f2d50f4b8c sp=0x0000008f9faf9270
Event: 35.229 Thread 0x000001f2e5f34000 DEOPT UNPACKING pc=0x000001f2cd2885af sp=0x0000008f9faf9200 mode 2
Event: 35.245 Thread 0x000001f2e5f34000 Uncommon trap: trap_request=0xffffff4d fr.pc=0x000001f2d4f88f74 relative=0x00000000000001b4
Event: 35.245 Thread 0x000001f2e5f34000 Uncommon trap: reason=unstable_if action=reinterpret pc=0x000001f2d4f88f74 method=com.esotericsoftware.kryo.io.Input.require(I)I @ 65 c2
Event: 35.245 Thread 0x000001f2e5f34000 DEOPT PACKING pc=0x000001f2d4f88f74 sp=0x0000008f9faf8e00
Event: 35.245 Thread 0x000001f2e5f34000 DEOPT UNPACKING pc=0x000001f2cd2885af sp=0x0000008f9faf8db0 mode 2
Event: 35.580 Thread 0x000001f2ea866800 Uncommon trap: trap_request=0xffffff4d fr.pc=0x000001f2d4f56b30 relative=0x0000000000000110
Event: 35.580 Thread 0x000001f2ea866800 Uncommon trap: reason=unstable_if action=reinterpret pc=0x000001f2d4f56b30 method=jdk.internal.org.objectweb.asm.ByteVector.putInt(I)Ljdk/internal/org/objectweb/asm/ByteVector; @ 13 c2
Event: 35.580 Thread 0x000001f2ea866800 DEOPT PACKING pc=0x000001f2d4f56b30 sp=0x0000008fa3af7d40
Event: 35.580 Thread 0x000001f2ea866800 DEOPT UNPACKING pc=0x000001f2cd2885af sp=0x0000008fa3af7cd8 mode 2
Event: 35.634 Thread 0x000001f2ea866800 DEOPT PACKING pc=0x000001f2cdcf0b96 sp=0x0000008fa3af8790
Event: 35.634 Thread 0x000001f2ea866800 DEOPT UNPACKING pc=0x000001f2cd2c9d0e sp=0x0000008fa3af7ca8 mode 0
Event: 36.876 Thread 0x000001f2ea866800 Uncommon trap: trap_request=0xffffff4d fr.pc=0x000001f2d4f82894 relative=0x0000000000000254
Event: 36.876 Thread 0x000001f2ea866800 Uncommon trap: reason=unstable_if action=reinterpret pc=0x000001f2d4f82894 method=jdk.internal.org.objectweb.asm.Type.getType([CI)Ljdk/internal/org/objectweb/asm/Type; @ 3 c2
Event: 36.876 Thread 0x000001f2ea866800 DEOPT PACKING pc=0x000001f2d4f82894 sp=0x0000008fa3af8770
Event: 36.876 Thread 0x000001f2ea866800 DEOPT UNPACKING pc=0x000001f2cd2885af sp=0x0000008fa3af8738 mode 2
Event: 37.051 Thread 0x000001f2ea866800 DEOPT PACKING pc=0x000001f2cef52532 sp=0x0000008fa3afa130
Event: 37.051 Thread 0x000001f2ea866800 DEOPT UNPACKING pc=0x000001f2cd2c9d0e sp=0x0000008fa3af95e8 mode 0
Event: 37.189 Thread 0x000001f2ea866800 DEOPT PACKING pc=0x000001f2ce972721 sp=0x0000008fa3af8f00
Event: 37.189 Thread 0x000001f2ea866800 DEOPT UNPACKING pc=0x000001f2cd2c9d0e sp=0x0000008fa3af8430 mode 0

Classes redefined (0 events):
No events

Internal exceptions (20 events):
Event: 35.035 Thread 0x000001f2e5f34000 Exception <a 'java/security/PrivilegedActionException'{0x000000008abd3d10}> (0x000000008abd3d10) thrown at [./src/hotspot/share/prims/jvm.cpp, line 1306]
Event: 35.035 Thread 0x000001f2e5f34000 Exception <a 'java/security/PrivilegedActionException'{0x000000008abd5520}> (0x000000008abd5520) thrown at [./src/hotspot/share/prims/jvm.cpp, line 1306]
Event: 35.035 Thread 0x000001f2e5f34000 Exception <a 'java/security/PrivilegedActionException'{0x000000008abd8b98}> (0x000000008abd8b98) thrown at [./src/hotspot/share/prims/jvm.cpp, line 1306]
Event: 35.035 Thread 0x000001f2e5f34000 Exception <a 'java/security/PrivilegedActionException'{0x000000008abda3a8}> (0x000000008abda3a8) thrown at [./src/hotspot/share/prims/jvm.cpp, line 1306]
Event: 35.035 Thread 0x000001f2e5f34000 Exception <a 'java/security/PrivilegedActionException'{0x000000008abddaf0}> (0x000000008abddaf0) thrown at [./src/hotspot/share/prims/jvm.cpp, line 1306]
Event: 35.035 Thread 0x000001f2e5f34000 Exception <a 'java/security/PrivilegedActionException'{0x000000008abdf300}> (0x000000008abdf300) thrown at [./src/hotspot/share/prims/jvm.cpp, line 1306]
Event: 35.036 Thread 0x000001f2e5f34000 Exception <a 'java/security/PrivilegedActionException'{0x000000008abe2998}> (0x000000008abe2998) thrown at [./src/hotspot/share/prims/jvm.cpp, line 1306]
Event: 35.036 Thread 0x000001f2e5f34000 Exception <a 'java/security/PrivilegedActionException'{0x000000008abe41a8}> (0x000000008abe41a8) thrown at [./src/hotspot/share/prims/jvm.cpp, line 1306]
Event: 35.036 Thread 0x000001f2e5f34000 Exception <a 'java/security/PrivilegedActionException'{0x000000008abe7878}> (0x000000008abe7878) thrown at [./src/hotspot/share/prims/jvm.cpp, line 1306]
Event: 35.036 Thread 0x000001f2e5f34000 Exception <a 'java/security/PrivilegedActionException'{0x000000008abe9088}> (0x000000008abe9088) thrown at [./src/hotspot/share/prims/jvm.cpp, line 1306]
Event: 35.036 Thread 0x000001f2e5f34000 Exception <a 'java/security/PrivilegedActionException'{0x000000008abec7d0}> (0x000000008abec7d0) thrown at [./src/hotspot/share/prims/jvm.cpp, line 1306]
Event: 35.036 Thread 0x000001f2e5f34000 Exception <a 'java/security/PrivilegedActionException'{0x000000008abedfe0}> (0x000000008abedfe0) thrown at [./src/hotspot/share/prims/jvm.cpp, line 1306]
Event: 35.107 Thread 0x000001f2e5f34000 Exception <a 'java/lang/ClassNotFoundException'{0x000000008a8c5ea8}: build_5bww792s3fztx6gbiwc80wij3$_run_closure1BeanInfo> (0x000000008a8c5ea8) thrown at [./src/hotspot/share/classfile/systemDictionary.cpp, line 230]
Event: 35.108 Thread 0x000001f2e5f34000 Exception <a 'java/lang/ClassNotFoundException'{0x000000008a8debe0}: build_5bww792s3fztx6gbiwc80wij3$_run_closure1Customizer> (0x000000008a8debe0) thrown at [./src/hotspot/share/classfile/systemDictionary.cpp, line 230]
Event: 35.155 Thread 0x000001f2e5f34000 Exception <a 'java/lang/NoClassDefFoundError'{0x000000008a555be8}: org/jetbrains/kotlin/gradle/plugin/KotlinBasePluginWrapper> (0x000000008a555be8) thrown at [./src/hotspot/share/oops/constantPool.cpp, line 775]
Event: 35.407 Thread 0x000001f2ea866800 Exception <a 'java/lang/NoSuchMethodError'{0x000000008d22d700}: 'void java.lang.invoke.DirectMethodHandle$Holder.invokeVirtual(java.lang.Object, java.lang.Object)'> (0x000000008d22d700) thrown at [./src/hotspot/share/interpreter/linkResolver.cpp, line 773]
Event: 36.274 Thread 0x000001f2ea866800 Exception <a 'java/lang/NoSuchMethodError'{0x000000008d27b3b0}: 'java.lang.Object java.lang.invoke.DirectMethodHandle$Holder.invokeStatic(java.lang.Object, java.lang.Object, java.lang.Object, java.lang.Object, java.lang.Object, java.lang.Object, int)'> (0x000000008d27b3b0) thrown at [./src/hotspot/share/interpreter/linkResolver.cpp, line 773]
Event: 36.277 Thread 0x000001f2ea866800 Exception <a 'java/lang/NoSuchMethodError'{0x000000008d292bb0}: 'java.lang.Object java.lang.invoke.DirectMethodHandle$Holder.invokeStatic(java.lang.Object, java.lang.Object, java.lang.Object, java.lang.Object, java.lang.Object, java.lang.Object, int, int)'> (0x000000008d292bb0) thrown at [./src/hotspot/share/interpreter/linkResolver.cpp, line 773]
Event: 36.278 Thread 0x000001f2ea866800 Exception <a 'java/lang/NoSuchMethodError'{0x000000008d2ab168}: 'java.lang.Object java.lang.invoke.DirectMethodHandle$Holder.invokeStatic(java.lang.Object, java.lang.Object, java.lang.Object, java.lang.Object, java.lang.Object, java.lang.Object, int, int, java.lang.Object)'> (0x000000008d2ab168) thrown at [./src/hotspot/share/interpreter/linkResolver.cpp, line 773]
Event: 36.875 Thread 0x000001f2ea866800 Exception <a 'java/lang/NoSuchMethodError'{0x000000008ccfe830}: 'int java.lang.invoke.DirectMethodHandle$Holder.invokeStatic(java.lang.Object, int, int, java.lang.Object)'> (0x000000008ccfe830) thrown at [./src/hotspot/share/interpreter/linkResolver.cpp, line 773]

Events (20 events):
Event: 37.283 Executing VM operation: CGC_Operation
Event: 37.302 Executing VM operation: CGC_Operation done
Event: 37.355 Executing VM operation: RevokeBias
Event: 37.356 Executing VM operation: RevokeBias done
Event: 37.356 Executing VM operation: BulkRevokeBias
Event: 37.360 Executing VM operation: BulkRevokeBias done
Event: 37.360 Executing VM operation: RevokeBias
Event: 37.361 Executing VM operation: RevokeBias done
Event: 37.367 loading class org/jetbrains/kotlin/tooling/KotlinToolingMetadata
Event: 37.367 loading class org/jetbrains/kotlin/tooling/KotlinToolingMetadata done
Event: 37.368 loading class org/jetbrains/kotlin/gradle/tooling/BuildKotlinToolingMetadataTask$Companion
Event: 37.368 loading class org/jetbrains/kotlin/gradle/tooling/BuildKotlinToolingMetadataTask$Companion done
Event: 37.372 loading class org/jetbrains/kotlin/gradle/tooling/BuildKotlinToolingMetadataTask$kotlinToolingMetadata$2
Event: 37.372 loading class org/jetbrains/kotlin/gradle/tooling/BuildKotlinToolingMetadataTask$kotlinToolingMetadata$2 done
Event: 37.378 Executing VM operation: RevokeBias
Event: 37.378 Executing VM operation: RevokeBias done
Event: 37.396 Executing VM operation: RevokeBias
Event: 37.397 Executing VM operation: RevokeBias done
Event: 37.412 Executing VM operation: CGC_Operation
Event: 37.412 Executing VM operation: CGC_Operation done


Dynamic libraries:
0x00007ff7f7ad0000 - 0x00007ff7f7add000 	C:\Program Files\Microsoft\jdk-11.0.18.10-hotspot\bin\java.exe
0x00007ffa40730000 - 0x00007ffa40944000 	C:\WINDOWS\SYSTEM32\ntdll.dll
0x00007ffa3e780000 - 0x00007ffa3e844000 	C:\WINDOWS\System32\KERNEL32.DLL
0x00007ffa3db10000 - 0x00007ffa3deb4000 	C:\WINDOWS\System32\KERNELBASE.dll
0x00007ffa3e1a0000 - 0x00007ffa3e2b1000 	C:\WINDOWS\System32\ucrtbase.dll
0x00007ff9f1fd0000 - 0x00007ff9f1fe5000 	C:\Program Files\Microsoft\jdk-11.0.18.10-hotspot\bin\VCRUNTIME140.dll
0x00007ff9f2370000 - 0x00007ff9f2387000 	C:\Program Files\Microsoft\jdk-11.0.18.10-hotspot\bin\jli.dll
0x00007ffa3e4f0000 - 0x00007ffa3e69a000 	C:\WINDOWS\System32\USER32.dll
0x00007ffa280e0000 - 0x00007ffa2836f000 	C:\WINDOWS\WinSxS\amd64_microsoft.windows.common-controls_6595b64144ccf1df_6.0.22621.2070_none_2713e6537381f706\COMCTL32.dll
0x00007ffa3dec0000 - 0x00007ffa3dee6000 	C:\WINDOWS\System32\win32u.dll
0x00007ffa3e6d0000 - 0x00007ffa3e777000 	C:\WINDOWS\System32\msvcrt.dll
0x00007ffa3e6a0000 - 0x00007ffa3e6c9000 	C:\WINDOWS\System32\GDI32.dll
0x00007ffa3e2c0000 - 0x00007ffa3e3d9000 	C:\WINDOWS\System32\gdi32full.dll
0x00007ffa3e3e0000 - 0x00007ffa3e47a000 	C:\WINDOWS\System32\msvcp_win.dll
0x00007ffa3e9a0000 - 0x00007ffa3e9d1000 	C:\WINDOWS\System32\IMM32.DLL
0x00007ff9d8630000 - 0x00007ff9d86cb000 	C:\Program Files\Microsoft\jdk-11.0.18.10-hotspot\bin\msvcp140.dll
0x00007ff9d2670000 - 0x00007ff9d3202000 	C:\Program Files\Microsoft\jdk-11.0.18.10-hotspot\bin\server\jvm.dll
0x00007ffa3e8f0000 - 0x00007ffa3e9a0000 	C:\WINDOWS\System32\ADVAPI32.dll
0x00007ffa3f2a0000 - 0x00007ffa3f346000 	C:\WINDOWS\System32\sechost.dll
0x00007ffa3f080000 - 0x00007ffa3f197000 	C:\WINDOWS\System32\RPCRT4.dll
0x00007ffa3f070000 - 0x00007ffa3f078000 	C:\WINDOWS\System32\PSAPI.DLL
0x00007ffa122c0000 - 0x00007ffa122c9000 	C:\WINDOWS\SYSTEM32\WSOCK32.dll
0x00007ffa35440000 - 0x00007ffa35474000 	C:\WINDOWS\SYSTEM32\WINMM.dll
0x00007ffa3ee70000 - 0x00007ffa3eee1000 	C:\WINDOWS\System32\WS2_32.dll
0x00007ffa36410000 - 0x00007ffa3641a000 	C:\WINDOWS\SYSTEM32\VERSION.dll
0x00007ffa3cac0000 - 0x00007ffa3cad8000 	C:\WINDOWS\SYSTEM32\kernel.appcore.dll
0x00007ffa21240000 - 0x00007ffa21250000 	C:\Program Files\Microsoft\jdk-11.0.18.10-hotspot\bin\verify.dll
0x00007ffa3aae0000 - 0x00007ffa3ad0e000 	C:\WINDOWS\SYSTEM32\DBGHELP.DLL
0x00007ffa3e9e0000 - 0x00007ffa3ed6a000 	C:\WINDOWS\System32\combase.dll
0x00007ffa40250000 - 0x00007ffa40327000 	C:\WINDOWS\System32\OLEAUT32.dll
0x00007ffa21390000 - 0x00007ffa213c2000 	C:\WINDOWS\SYSTEM32\dbgcore.DLL
0x00007ffa3def0000 - 0x00007ffa3df6a000 	C:\WINDOWS\System32\bcryptPrimitives.dll
0x00007ff9ec610000 - 0x00007ff9ec638000 	C:\Program Files\Microsoft\jdk-11.0.18.10-hotspot\bin\java.dll
0x00007ffa0a5e0000 - 0x00007ffa0a5ea000 	C:\Program Files\Microsoft\jdk-11.0.18.10-hotspot\bin\jimage.dll
0x00007ff9f1ba0000 - 0x00007ff9f1bb8000 	C:\Program Files\Microsoft\jdk-11.0.18.10-hotspot\bin\zip.dll
0x00007ffa3f430000 - 0x00007ffa3fc46000 	C:\WINDOWS\System32\SHELL32.dll
0x00007ffa3ba90000 - 0x00007ffa3c37a000 	C:\WINDOWS\SYSTEM32\windows.storage.dll
0x00007ffa3b950000 - 0x00007ffa3ba8e000 	C:\WINDOWS\SYSTEM32\wintypes.dll
0x00007ffa3fc60000 - 0x00007ffa3fd53000 	C:\WINDOWS\System32\SHCORE.dll
0x00007ffa40690000 - 0x00007ffa406ee000 	C:\WINDOWS\System32\shlwapi.dll
0x00007ffa3da40000 - 0x00007ffa3da66000 	C:\WINDOWS\SYSTEM32\profapi.dll
0x00007ff9ec500000 - 0x00007ff9ec519000 	C:\Program Files\Microsoft\jdk-11.0.18.10-hotspot\bin\net.dll
0x00007ffa362d0000 - 0x00007ffa36407000 	C:\WINDOWS\SYSTEM32\WINHTTP.dll
0x00007ffa3cf90000 - 0x00007ffa3cff9000 	C:\WINDOWS\system32\mswsock.dll
0x00007ff9eb810000 - 0x00007ff9eb823000 	C:\Program Files\Microsoft\jdk-11.0.18.10-hotspot\bin\nio.dll
0x00007ffa37430000 - 0x00007ffa37457000 	C:\Users\HP\.gradle\native\68d5fa5c4cc2d200863cafc0d521ce42e7d3e7ee720ec0a83991735586a16f82\windows-amd64\native-platform.dll
0x00007ff9f1860000 - 0x00007ff9f19a4000 	C:\Users\HP\.gradle\native\e376f236ea51e6404a007f0833ffe2c6e607c4080706a723a18a27aeea778392\windows-amd64\native-platform-file-events.dll
0x00007ffa06940000 - 0x00007ffa06949000 	C:\Program Files\Microsoft\jdk-11.0.18.10-hotspot\bin\management.dll
0x00007ffa06670000 - 0x00007ffa0667b000 	C:\Program Files\Microsoft\jdk-11.0.18.10-hotspot\bin\management_ext.dll
0x00007ffa3d200000 - 0x00007ffa3d21b000 	C:\WINDOWS\SYSTEM32\CRYPTSP.dll
0x00007ffa3ca80000 - 0x00007ffa3cab5000 	C:\WINDOWS\system32\rsaenh.dll
0x00007ffa3d060000 - 0x00007ffa3d08c000 	C:\WINDOWS\SYSTEM32\USERENV.dll
0x00007ffa3d3c0000 - 0x00007ffa3d3e8000 	C:\WINDOWS\SYSTEM32\bcrypt.dll
0x00007ffa3d220000 - 0x00007ffa3d22c000 	C:\WINDOWS\SYSTEM32\CRYPTBASE.dll
0x00007ffa3c5e0000 - 0x00007ffa3c60d000 	C:\WINDOWS\SYSTEM32\IPHLPAPI.DLL
0x00007ffa3f1a0000 - 0x00007ffa3f1a9000 	C:\WINDOWS\System32\NSI.dll
0x00007ffa36450000 - 0x00007ffa36469000 	C:\WINDOWS\SYSTEM32\dhcpcsvc6.DLL
0x00007ffa362b0000 - 0x00007ffa362cf000 	C:\WINDOWS\SYSTEM32\dhcpcsvc.DLL
0x00007ffa3c650000 - 0x00007ffa3c743000 	C:\WINDOWS\SYSTEM32\DNSAPI.dll

dbghelp: loaded successfully - version: 4.0.5 - missing functions: none
symbol engine: initialized successfully - sym options: 0x614 - pdb path: .;C:\Program Files\Microsoft\jdk-11.0.18.10-hotspot\bin;C:\WINDOWS\SYSTEM32;C:\WINDOWS\WinSxS\amd64_microsoft.windows.common-controls_6595b64144ccf1df_6.0.22621.2070_none_2713e6537381f706;C:\Program Files\Microsoft\jdk-11.0.18.10-hotspot\bin\server;C:\Users\HP\.gradle\native\68d5fa5c4cc2d200863cafc0d521ce42e7d3e7ee720ec0a83991735586a16f82\windows-amd64;C:\Users\HP\.gradle\native\e376f236ea51e6404a007f0833ffe2c6e607c4080706a723a18a27aeea778392\windows-amd64

VM Arguments:
jvm_args: -XX:MaxMetaspaceSize=512m --add-opens=java.base/java.util=ALL-UNNAMED --add-opens=java.base/java.lang=ALL-UNNAMED --add-opens=java.base/java.lang.invoke=ALL-UNNAMED --add-opens=java.prefs/java.util.prefs=ALL-UNNAMED --add-opens=java.base/java.nio.charset=ALL-UNNAMED --add-opens=java.base/java.net=ALL-UNNAMED --add-opens=java.base/java.util.concurrent.atomic=ALL-UNNAMED -Xmx2048m -Dfile.encoding=windows-1252 -Duser.country=IN -Duser.language=en -Duser.variant 
java_command: org.gradle.launcher.daemon.bootstrap.GradleDaemon 8.0.1
java_class_path (initial): C:\Users\HP\.gradle\wrapper\dists\gradle-8.0.1-all\aro4hu1c3oeioove7l0i4i14o\gradle-8.0.1\lib\gradle-launcher-8.0.1.jar
Launcher Type: SUN_STANDARD

[Global flags]
     intx CICompilerCount                          = 4                                         {product} {ergonomic}
   size_t CompressedClassSpaceSize                 = 528482304                                 {product} {ergonomic}
     uint ConcGCThreads                            = 2                                         {product} {ergonomic}
     uint G1ConcRefinementThreads                  = 8                                         {product} {ergonomic}
   size_t G1HeapRegionSize                         = 1048576                                   {product} {ergonomic}
    uintx GCDrainStackTargetSize                   = 64                                        {product} {ergonomic}
   size_t InitialHeapSize                          = 130023424                                 {product} {ergonomic}
   size_t MarkStackSize                            = 4194304                                   {product} {ergonomic}
   size_t MaxHeapSize                              = 2147483648                                {product} {command line}
   size_t MaxMetaspaceSize                         = 536870912                                 {product} {command line}
   size_t MaxNewSize                               = 1287651328                                {product} {ergonomic}
   size_t MinHeapDeltaBytes                        = 1048576                                   {product} {ergonomic}
    uintx NonNMethodCodeHeapSize                   = 5836300                                {pd product} {ergonomic}
    uintx NonProfiledCodeHeapSize                  = 122910970                              {pd product} {ergonomic}
    uintx ProfiledCodeHeapSize                     = 122910970                              {pd product} {ergonomic}
    uintx ReservedCodeCacheSize                    = 251658240                              {pd product} {ergonomic}
     bool SegmentedCodeCache                       = true                                      {product} {ergonomic}
     bool UseCompressedClassPointers               = true                                 {lp64_product} {ergonomic}
     bool UseCompressedOops                        = true                                 {lp64_product} {ergonomic}
     bool UseG1GC                                  = true                                      {product} {ergonomic}
     bool UseLargePagesIndividualAllocation        = false                                  {pd product} {ergonomic}

Logging:
Log output configuration:
 #0: stdout all=warning uptime,level,tags
 #1: stderr all=off uptime,level,tags

Environment Variables:
CLASSPATH=D:\IMF\running project\Mobile Apps\HMS\android\\gradle\wrapper\gradle-wrapper.jar
PATH=D:\IMF\running project\Mobile Apps\HMS\node_modules\.bin;D:\IMF\running project\Mobile Apps\HMS\node_modules\.bin;D:\IMF\running project\Mobile Apps\node_modules\.bin;D:\IMF\running project\node_modules\.bin;D:\IMF\node_modules\.bin;D:\node_modules\.bin;C:\Users\HP\AppData\Roaming\npm\node_modules\npm\node_modules\@npmcli\run-script\lib\node-gyp-bin;D:\IMF\running project\Mobile Apps\HMS\node_modules\.bin;D:\IMF\running project\Mobile Apps\node_modules\.bin;D:\IMF\running project\node_modules\.bin;D:\IMF\node_modules\.bin;D:\node_modules\.bin;C:\Users\HP\AppData\Roaming\npm\node_modules\npm\node_modules\@npmcli\run-script\lib\node-gyp-bin;C:\Program Files\Microsoft\jdk-11.0.18.10-hotspot\bin;C:\oracle\bin;D:\app\client\HP\product\12.2.0\client_1;D:\app\client\HP\product\12.2.0\client_1\bin;C:\Users\HP\Downloads\WINDOWS.X64_193000_client_home\bin;C:\app\HP\product\21c\dbhomeXE\bin;C:\Program Files\nodejs;C:\Program Files\MongoDB\Server\4.0\bin;C:\WINDOWS\system32;C:\WINDOWS;C:\WINDOWS\System32\Wbem;C:\WINDOWS\System32\WindowsPowerShell\v1.0\;C:\WINDOWS\System32\OpenSSH\;C:\Program Files\Microsoft SQL Server\Client SDK\ODBC\170\Tools\Binn\;C:\Program Files\dotnet\;C:\Users\HP\.dnx\bin;C:\Program Files\Microsoft DNX\Dnvm\;C:\Program Files\Microsoft SQL Server\Client SDK\ODBC\130\Tools\Binn\;C:\Program Files\Microsoft\Web Platform Installer\;C:\Program Files\TortoiseSVN\bin;C:\WINDOWS\system32;C:\WINDOWS;C:\WINDOWS\System32\Wbem;C:\WINDOWS\System32\WindowsPowerShell\v1.0\;C:\WINDOWS\System32\OpenSSH\;C:\Program Files\Git\cmd;C:\Program Files\Microsoft SQL Server\150\Tools\Binn\;C:\Program Files\Java\jre-1.8\bin;C:\Users\HP\Downloads\gradle-7.3.3-all\gradle-7.3.3\bin;C:\Program Files\Java\jdk-17\bin;C:\ProgramData\chocolatey\bin;C:\Program Files\nodejs\;C:\Users\HP\AppData\Local\Android\Sdk\platform-tools;C:\Program Files\nodejs;C:\Program Files\Git\bin;C:\Program Files\MongoDB\Server\4.0\bin;C:\Users\HP\AppData\Local\Microsoft\WindowsApps;C:\Users\HP\.dotnet\tools;C:\
USERNAME=HP
OS=Windows_NT
PROCESSOR_IDENTIFIER=Intel64 Family 6 Model 126 Stepping 5, GenuineIntel
TMP=C:\Users\HP\AppData\Local\Temp
TEMP=C:\Users\HP\AppData\Local\Temp



---------------  S Y S T E M  ---------------

OS: Windows 11 , 64 bit Build 22621 (10.0.22621.2070)
OS uptime: 1 days 6:15 hours
Hyper-V role detected

CPU:total 8 (initial active 8) (4 cores per cpu, 2 threads per core) family 6 model 126 stepping 5 microcode 0xa8, cmov, cx8, fxsr, mmx, sse, sse2, sse3, ssse3, sse4.1, sse4.2, popcnt, avx, avx2, aes, clmul, erms, 3dnowpref, lzcnt, ht, tsc, tscinvbit, bmi1, bmi2, adx, evex, sha, fma

Memory: 4k page, system-wide physical 7880M (247M free)
TotalPageFile size 32456M (AvailPageFile size 6M)
current process WorkingSet (physical memory assigned to process): 490M, peak: 490M
current process commit charge ("private bytes"): 585M, peak: 586M

vm_info: OpenJDK 64-Bit Server VM (11.0.18+10-LTS) for windows-amd64 JRE (11.0.18+10-LTS), built on Jan 18 2023 15:56:47 by "MicrosoftCorporation" with MS VC++ 15.9 (VS2017)

END.
