#
# There is insufficient memory for the Java Runtime Environment to continue.
# Native memory allocation (malloc) failed to allocate 1195376 bytes for Chunk::new
# Possible reasons:
#   The system is out of physical RAM or swap space
#   The process is running with CompressedOops enabled, and the Java Heap may be blocking the growth of the native heap
# Possible solutions:
#   Reduce memory load on the system
#   Increase physical memory or swap space
#   Check if swap backing store is full
#   Decrease Java heap size (-Xmx/-Xms)
#   Decrease number of Java threads
#   Decrease Java thread stack sizes (-Xss)
#   Set larger code cache with -XX:ReservedCodeCacheSize=
#   JVM is running with Unscaled Compressed Oops mode in which the Java heap is
#     placed in the first 4GB address space. The Java Heap base address is the
#     maximum limit for the native heap growth. Please use -XX:HeapBaseMinAddress
#     to set the Java Heap base and to place the Java Heap above 4GB virtual address.
# This output file may be truncated or incomplete.
#
#  Out of Memory Error (arena.cpp:189), pid=18632, tid=17556
#
# JRE version: OpenJDK Runtime Environment (17.0.6) (build 17.0.6+0-b2043.56-9586694)
# Java VM: OpenJDK 64-Bit Server VM (17.0.6+0-b2043.56-9586694, mixed mode, tiered, compressed oops, compressed class ptrs, g1 gc, windows-amd64)
# No core dump will be written. Minidumps are not enabled by default on client versions of Windows
#

---------------  S U M M A R Y ------------

Command Line: -XX:MaxMetaspaceSize=512m --add-opens=java.base/java.util=ALL-UNNAMED --add-opens=java.base/java.lang=ALL-UNNAMED --add-opens=java.base/java.lang.invoke=ALL-UNNAMED --add-opens=java.prefs/java.util.prefs=ALL-UNNAMED --add-opens=java.base/java.nio.charset=ALL-UNNAMED --add-opens=java.base/java.net=ALL-UNNAMED --add-opens=java.base/java.util.concurrent.atomic=ALL-UNNAMED -Xmx2048m -Dfile.encoding=windows-1252 -Duser.country=IN -Duser.language=en -Duser.variant org.gradle.launcher.daemon.bootstrap.GradleDaemon 8.0.1

Host: Intel(R) Core(TM) i5-1035G1 CPU @ 1.00GHz, 8 cores, 7G,  Windows 11 , 64 bit Build 22621 (10.0.22621.2428)
Time: Sun Oct 22 19:30:57 2023 India Standard Time elapsed time: 21.398471 seconds (0d 0h 0m 21s)

---------------  T H R E A D  ---------------

Current thread (0x000001f8e8f910b0):  JavaThread "C2 CompilerThread1" daemon [_thread_in_native, id=17556, stack(0x000000b035e00000,0x000000b035f00000)]


Current CompileTask:
C2:  21398 9580       4       sun.reflect.generics.parser.SignatureParser::parsePackageNameAndSimpleClassTypeSignature (119 bytes)

Stack: [0x000000b035e00000,0x000000b035f00000]
Native frames: (J=compiled Java code, j=interpreted, Vv=VM code, C=native code)
V  [jvm.dll+0x683b4a]
V  [jvm.dll+0x842654]
V  [jvm.dll+0x843dfe]
V  [jvm.dll+0x844463]
V  [jvm.dll+0x249b75]
V  [jvm.dll+0xabcac]
V  [jvm.dll+0xac27c]
V  [jvm.dll+0x368802]
V  [jvm.dll+0x1bd0b8]
V  [jvm.dll+0x21c359]
V  [jvm.dll+0x21b621]
V  [jvm.dll+0x1a4fdd]
V  [jvm.dll+0x22b098]
V  [jvm.dll+0x229159]
V  [jvm.dll+0x7f809c]
V  [jvm.dll+0x7f25fa]
V  [jvm.dll+0x682985]
C  [ucrtbase.dll+0x29363]
C  [KERNEL32.DLL+0x1257d]
C  [ntdll.dll+0x5aa78]


---------------  P R O C E S S  ---------------

Threads class SMR info:
_java_thread_list=0x000001f8edb695f0, length=127, elements={
0x000001f8cd50bf80, 0x000001f8e737f200, 0x000001f8e7380dc0, 0x000001f8e7389300,
0x000001f8e7389dc0, 0x000001f8e738c880, 0x000001f8e738d230, 0x000001f8e7c59290,
0x000001f8e7c59f50, 0x000001f8e7c5a940, 0x000001f8e7dce5e0, 0x000001f8e7dd4f40,
0x000001f8e8f910b0, 0x000001f8e952d4c0, 0x000001f8eab41420, 0x000001f8eb0a8ea0,
0x000001f8eb60fec0, 0x000001f8eb02ca70, 0x000001f8eac3bab0, 0x000001f8eb747a90,
0x000001f8e87386f0, 0x000001f8e8739090, 0x000001f8e873c0b0, 0x000001f8e873a8a0,
0x000001f8e8739a30, 0x000001f8e873b240, 0x000001f8e873ad70, 0x000001f8ec183280,
0x000001f8ec1815a0, 0x000001f8ec17e580, 0x000001f8ec1840f0, 0x000001f8ec1845c0,
0x000001f8ec17cd70, 0x000001f8ec181f40, 0x000001f8ec180c00, 0x000001f8ec181a70,
0x000001f8ec182db0, 0x000001f8ec183750, 0x000001f8ec17e0b0, 0x000001f8ec17ef20,
0x000001f8ec17f3f0, 0x000001f8ec17f8c0, 0x000001f8ec180260, 0x000001f8ec180730,
0x000001f8e8738bc0, 0x000001f8e873b710, 0x000001f8e83644b0, 0x000001f8ee18df10,
0x000001f8ee284a20, 0x000001f8ee286a30, 0x000001f8edf9d5c0, 0x000001f8edf9d0f0,
0x000001f8ed95f4d0, 0x000001f8ed960340, 0x000001f8ee284080, 0x000001f8edf9cc20,
0x000001f8ee284550, 0x000001f8edb78610, 0x000001f8ee18da40, 0x000001f8e8364980,
0x000001f8ee284ef0, 0x000001f8e8363fe0, 0x000001f8e9781840, 0x000001f8e9781370,
0x000001f8e977fb60, 0x000001f8ee283bb0, 0x000001f8e977f1c0, 0x000001f8e977f690,
0x000001f8ed95eb30, 0x000001f8e977e820, 0x000001f8e977de80, 0x000001f8edb76e00,
0x000001f8edf9c280, 0x000001f8eb643b10, 0x000001f8edf9c750, 0x000001f8ee286560,
0x000001f8edb772d0, 0x000001f8e977e350, 0x000001f8edb777a0, 0x000001f8eae9d590,
0x000001f8eae9a570, 0x000001f8eb642300, 0x000001f8edb77c70, 0x000001f8ee18ed80,
0x000001f8ee18f250, 0x000001f8e9780030, 0x000001f8edb78140, 0x000001f8eb6427d0,
0x000001f8e977ecf0, 0x000001f8edb73880, 0x000001f8edb72540, 0x000001f8eae9a0a0,
0x000001f8ee285bc0, 0x000001f8ee18e8b0, 0x000001f8edb74220, 0x000001f8eae9aa40,
0x000001f8e9780500, 0x000001f8eae9cbf0, 0x000001f8e875ec40, 0x000001f8e97809d0,
0x000001f8eb642ca0, 0x000001f8e875e770, 0x000001f8e9780ea0, 0x000001f8eae9da60,
0x000001f8e875f110, 0x000001f8edb716d0, 0x000001f8ee18e3e0, 0x000001f8edb733b0,
0x000001f8eae9af10, 0x000001f8e98a8770, 0x000001f8edb74bc0, 0x000001f8eae9c720,
0x000001f8eb643170, 0x000001f8e98a7dd0, 0x000001f8eb643640, 0x000001f8ee286090,
0x000001f8edb746f0, 0x000001f8eae9b3e0, 0x000001f8eb2a4c90, 0x000001f8e98a95e0,
0x000001f8edb72070, 0x000001f8edb71ba0, 0x000001f8edb73d50, 0x000001f8e7f40880,
0x000001f8eae9b8b0, 0x000001f8ed9624f0, 0x000001f8e98a8c40
}

Java Threads: ( => current thread )
  0x000001f8cd50bf80 JavaThread "main" [_thread_blocked, id=7920, stack(0x000000b034700000,0x000000b034800000)]
  0x000001f8e737f200 JavaThread "Reference Handler" daemon [_thread_blocked, id=12392, stack(0x000000b034e00000,0x000000b034f00000)]
  0x000001f8e7380dc0 JavaThread "Finalizer" daemon [_thread_blocked, id=18064, stack(0x000000b034f00000,0x000000b035000000)]
  0x000001f8e7389300 JavaThread "Signal Dispatcher" daemon [_thread_blocked, id=11280, stack(0x000000b035000000,0x000000b035100000)]
  0x000001f8e7389dc0 JavaThread "Attach Listener" daemon [_thread_blocked, id=9236, stack(0x000000b035100000,0x000000b035200000)]
  0x000001f8e738c880 JavaThread "Service Thread" daemon [_thread_blocked, id=16256, stack(0x000000b035200000,0x000000b035300000)]
  0x000001f8e738d230 JavaThread "Monitor Deflation Thread" daemon [_thread_blocked, id=19100, stack(0x000000b035300000,0x000000b035400000)]
  0x000001f8e7c59290 JavaThread "C2 CompilerThread0" daemon [_thread_in_native, id=14920, stack(0x000000b035400000,0x000000b035500000)]
  0x000001f8e7c59f50 JavaThread "C1 CompilerThread0" daemon [_thread_in_native, id=17876, stack(0x000000b035500000,0x000000b035600000)]
  0x000001f8e7c5a940 JavaThread "Sweeper thread" daemon [_thread_blocked, id=19032, stack(0x000000b035600000,0x000000b035700000)]
  0x000001f8e7dce5e0 JavaThread "Common-Cleaner" daemon [_thread_blocked, id=18440, stack(0x000000b035700000,0x000000b035800000)]
  0x000001f8e7dd4f40 JavaThread "Notification Thread" daemon [_thread_blocked, id=17948, stack(0x000000b035800000,0x000000b035900000)]
=>0x000001f8e8f910b0 JavaThread "C2 CompilerThread1" daemon [_thread_in_native, id=17556, stack(0x000000b035e00000,0x000000b035f00000)]
  0x000001f8e952d4c0 JavaThread "Daemon health stats" [_thread_blocked, id=16852, stack(0x000000b036000000,0x000000b036100000)]
  0x000001f8eab41420 JavaThread "Incoming local TCP Connector on port 29131" [_thread_in_native, id=18212, stack(0x000000b036100000,0x000000b036200000)]
  0x000001f8eb0a8ea0 JavaThread "Daemon periodic checks" [_thread_blocked, id=18884, stack(0x000000b036200000,0x000000b036300000)]
  0x000001f8eb60fec0 JavaThread "Daemon" [_thread_blocked, id=3308, stack(0x000000b036300000,0x000000b036400000)]
  0x000001f8eb02ca70 JavaThread "Handler for socket connection from /127.0.0.1:29131 to /127.0.0.1:29132" [_thread_in_native, id=4536, stack(0x000000b036400000,0x000000b036500000)]
  0x000001f8eac3bab0 JavaThread "Cancel handler" [_thread_blocked, id=18904, stack(0x000000b036500000,0x000000b036600000)]
  0x000001f8eb747a90 JavaThread "Daemon worker" [_thread_blocked, id=7988, stack(0x000000b036600000,0x000000b036700000)]
  0x000001f8e87386f0 JavaThread "Asynchronous log dispatcher for DefaultDaemonConnection: socket connection from /127.0.0.1:29131 to /127.0.0.1:29132" [_thread_blocked, id=12712, stack(0x000000b036700000,0x000000b036800000)]
  0x000001f8e8739090 JavaThread "Stdin handler" [_thread_blocked, id=17384, stack(0x000000b036800000,0x000000b036900000)]
  0x000001f8e873c0b0 JavaThread "Daemon client event forwarder" [_thread_blocked, id=9360, stack(0x000000b036900000,0x000000b036a00000)]
  0x000001f8e873a8a0 JavaThread "Cache worker for journal cache (C:\Users\HP\.gradle\caches\journal-1)" [_thread_blocked, id=17856, stack(0x000000b036e00000,0x000000b036f00000)]
  0x000001f8e8739a30 JavaThread "File lock request listener" [_thread_in_native, id=14360, stack(0x000000b036f00000,0x000000b037000000)]
  0x000001f8e873b240 JavaThread "Cache worker for file hash cache (C:\Users\HP\.gradle\caches\8.0.1\fileHashes)" [_thread_blocked, id=14628, stack(0x000000b037000000,0x000000b037100000)]
  0x000001f8e873ad70 JavaThread "Cache worker for file hash cache (D:\IMF\running project\Mobile Apps\HMS-NEW@\MedAyu\android\.gradle\8.0.1\fileHashes)" [_thread_blocked, id=2340, stack(0x000000b037100000,0x000000b037200000)]
  0x000001f8ec183280 JavaThread "Cache worker for file content cache (C:\Users\HP\.gradle\caches\8.0.1\fileContent)" [_thread_blocked, id=18940, stack(0x000000b035f00000,0x000000b036000000)]
  0x000001f8ec1815a0 JavaThread "Cache worker for checksums cache (D:\IMF\running project\Mobile Apps\HMS-NEW@\MedAyu\android\.gradle\8.0.1\checksums)" [_thread_blocked, id=14644, stack(0x000000b037200000,0x000000b037300000)]
  0x000001f8ec17e580 JavaThread "File watcher server" daemon [_thread_in_native, id=5728, stack(0x000000b037300000,0x000000b037400000)]
  0x000001f8ec1840f0 JavaThread "File watcher consumer" daemon [_thread_blocked, id=17484, stack(0x000000b037400000,0x000000b037500000)]
  0x000001f8ec1845c0 JavaThread "Cache worker for cache directory md-rule (C:\Users\HP\.gradle\caches\8.0.1\md-rule)" [_thread_blocked, id=6108, stack(0x000000b037500000,0x000000b037600000)]
  0x000001f8ec17cd70 JavaThread "Cache worker for cache directory md-supplier (C:\Users\HP\.gradle\caches\8.0.1\md-supplier)" [_thread_blocked, id=15804, stack(0x000000b037600000,0x000000b037700000)]
  0x000001f8ec181f40 JavaThread "Cache worker for execution history cache (C:\Users\HP\.gradle\caches\8.0.1\executionHistory)" [_thread_blocked, id=14672, stack(0x000000b037700000,0x000000b037800000)]
  0x000001f8ec180c00 JavaThread "build event listener" [_thread_blocked, id=7912, stack(0x000000b037800000,0x000000b037900000)]
  0x000001f8ec181a70 JavaThread "Cache worker for Build Output Cleanup Cache (D:\IMF\running project\Mobile Apps\HMS-NEW@\MedAyu\android\.gradle\buildOutputCleanup)" [_thread_blocked, id=19004, stack(0x000000b037900000,0x000000b037a00000)]
  0x000001f8ec182db0 JavaThread "Memory manager" [_thread_blocked, id=5488, stack(0x000000b037a00000,0x000000b037b00000)]
  0x000001f8ec183750 JavaThread "included builds" [_thread_in_vm, id=14528, stack(0x000000b037c00000,0x000000b037d00000)]
  0x000001f8ec17e0b0 JavaThread "Execution worker" [_thread_in_vm, id=11336, stack(0x000000b037d00000,0x000000b037e00000)]
  0x000001f8ec17ef20 JavaThread "Execution worker Thread 2" [_thread_blocked, id=17892, stack(0x000000b037e00000,0x000000b037f00000)]
  0x000001f8ec17f3f0 JavaThread "Execution worker Thread 3" [_thread_in_native, id=18536, stack(0x000000b037f00000,0x000000b038000000)]
  0x000001f8ec17f8c0 JavaThread "Execution worker Thread 4" [_thread_in_native, id=1736, stack(0x000000b038000000,0x000000b038100000)]
  0x000001f8ec180260 JavaThread "Execution worker Thread 5" [_thread_in_Java, id=16760, stack(0x000000b038100000,0x000000b038200000)]
  0x000001f8ec180730 JavaThread "Execution worker Thread 6" [_thread_in_vm, id=18252, stack(0x000000b038200000,0x000000b038300000)]
  0x000001f8e8738bc0 JavaThread "Execution worker Thread 7" [_thread_in_Java, id=16984, stack(0x000000b038300000,0x000000b038400000)]
  0x000001f8e873b710 JavaThread "Cache worker for execution history cache (D:\IMF\running project\Mobile Apps\HMS-NEW@\MedAyu\android\.gradle\8.0.1\executionHistory)" [_thread_blocked, id=1260, stack(0x000000b038400000,0x000000b038500000)]
  0x000001f8e83644b0 JavaThread "Unconstrained build operations" [_thread_blocked, id=14820, stack(0x000000b038500000,0x000000b038600000)]
  0x000001f8ee18df10 JavaThread "Unconstrained build operations Thread 6" [_thread_blocked, id=17296, stack(0x000000b038600000,0x000000b038700000)]
  0x000001f8ee284a20 JavaThread "Unconstrained build operations Thread 3" [_thread_blocked, id=11516, stack(0x000000b038700000,0x000000b038800000)]
  0x000001f8ee286a30 JavaThread "Unconstrained build operations Thread 4" [_thread_blocked, id=16320, stack(0x000000b038800000,0x000000b038900000)]
  0x000001f8edf9d5c0 JavaThread "Unconstrained build operations Thread 5" [_thread_blocked, id=14244, stack(0x000000b038900000,0x000000b038a00000)]
  0x000001f8edf9d0f0 JavaThread "Unconstrained build operations Thread 2" [_thread_blocked, id=9444, stack(0x000000b038a00000,0x000000b038b00000)]
  0x000001f8ed95f4d0 JavaThread "Unconstrained build operations Thread 7" [_thread_blocked, id=18788, stack(0x000000b038b00000,0x000000b038c00000)]
  0x000001f8ed960340 JavaThread "Unconstrained build operations Thread 9" [_thread_blocked, id=8648, stack(0x000000b038c00000,0x000000b038d00000)]
  0x000001f8ee284080 JavaThread "Unconstrained build operations Thread 10" [_thread_blocked, id=16252, stack(0x000000b038d00000,0x000000b038e00000)]
  0x000001f8edf9cc20 JavaThread "Unconstrained build operations Thread 8" [_thread_blocked, id=13096, stack(0x000000b038e00000,0x000000b038f00000)]
  0x000001f8ee284550 JavaThread "Unconstrained build operations Thread 11" [_thread_blocked, id=18728, stack(0x000000b038f00000,0x000000b039000000)]
  0x000001f8edb78610 JavaThread "Unconstrained build operations Thread 12" [_thread_blocked, id=18472, stack(0x000000b039000000,0x000000b039100000)]
  0x000001f8ee18da40 JavaThread "Unconstrained build operations Thread 13" [_thread_blocked, id=14524, stack(0x000000b039100000,0x000000b039200000)]
  0x000001f8e8364980 JavaThread "Unconstrained build operations Thread 14" [_thread_blocked, id=11964, stack(0x000000b039200000,0x000000b039300000)]
  0x000001f8ee284ef0 JavaThread "Unconstrained build operations Thread 15" [_thread_blocked, id=18132, stack(0x000000b039300000,0x000000b039400000)]
  0x000001f8e8363fe0 JavaThread "Unconstrained build operations Thread 16" [_thread_blocked, id=9308, stack(0x000000b039400000,0x000000b039500000)]
  0x000001f8e9781840 JavaThread "Unconstrained build operations Thread 17" [_thread_blocked, id=17224, stack(0x000000b039500000,0x000000b039600000)]
  0x000001f8e9781370 JavaThread "Unconstrained build operations Thread 18" [_thread_blocked, id=15300, stack(0x000000b039600000,0x000000b039700000)]
  0x000001f8e977fb60 JavaThread "Unconstrained build operations Thread 19" [_thread_blocked, id=16996, stack(0x000000b039700000,0x000000b039800000)]
  0x000001f8ee283bb0 JavaThread "Unconstrained build operations Thread 20" [_thread_blocked, id=13872, stack(0x000000b039800000,0x000000b039900000)]
  0x000001f8e977f1c0 JavaThread "Unconstrained build operations Thread 21" [_thread_blocked, id=3204, stack(0x000000b039900000,0x000000b039a00000)]
  0x000001f8e977f690 JavaThread "Unconstrained build operations Thread 22" [_thread_blocked, id=16920, stack(0x000000b039a00000,0x000000b039b00000)]
  0x000001f8ed95eb30 JavaThread "Unconstrained build operations Thread 24" [_thread_blocked, id=19136, stack(0x000000b039b00000,0x000000b039c00000)]
  0x000001f8e977e820 JavaThread "Unconstrained build operations Thread 25" [_thread_blocked, id=68, stack(0x000000b039c00000,0x000000b039d00000)]
  0x000001f8e977de80 JavaThread "Unconstrained build operations Thread 23" [_thread_blocked, id=19072, stack(0x000000b039d00000,0x000000b039e00000)]
  0x000001f8edb76e00 JavaThread "Unconstrained build operations Thread 26" [_thread_blocked, id=18844, stack(0x000000b039e00000,0x000000b039f00000)]
  0x000001f8edf9c280 JavaThread "Unconstrained build operations Thread 27" [_thread_blocked, id=3700, stack(0x000000b039f00000,0x000000b03a000000)]
  0x000001f8eb643b10 JavaThread "Unconstrained build operations Thread 28" [_thread_blocked, id=16140, stack(0x000000b03a000000,0x000000b03a100000)]
  0x000001f8edf9c750 JavaThread "Unconstrained build operations Thread 29" [_thread_blocked, id=11672, stack(0x000000b03a100000,0x000000b03a200000)]
  0x000001f8ee286560 JavaThread "Unconstrained build operations Thread 30" [_thread_blocked, id=18248, stack(0x000000b03a200000,0x000000b03a300000)]
  0x000001f8edb772d0 JavaThread "Unconstrained build operations Thread 31" [_thread_blocked, id=10944, stack(0x000000b03a300000,0x000000b03a400000)]
  0x000001f8e977e350 JavaThread "Unconstrained build operations Thread 32" [_thread_blocked, id=16668, stack(0x000000b03a400000,0x000000b03a500000)]
  0x000001f8edb777a0 JavaThread "Unconstrained build operations Thread 33" [_thread_blocked, id=18500, stack(0x000000b03a500000,0x000000b03a600000)]
  0x000001f8eae9d590 JavaThread "Unconstrained build operations Thread 34" [_thread_blocked, id=1228, stack(0x000000b03a600000,0x000000b03a700000)]
  0x000001f8eae9a570 JavaThread "Unconstrained build operations Thread 36" [_thread_blocked, id=16400, stack(0x000000b03a700000,0x000000b03a800000)]
  0x000001f8eb642300 JavaThread "Unconstrained build operations Thread 37" [_thread_blocked, id=18580, stack(0x000000b03a800000,0x000000b03a900000)]
  0x000001f8edb77c70 JavaThread "Unconstrained build operations Thread 38" [_thread_blocked, id=7316, stack(0x000000b03a900000,0x000000b03aa00000)]
  0x000001f8ee18ed80 JavaThread "Unconstrained build operations Thread 35" [_thread_blocked, id=11784, stack(0x000000b03aa00000,0x000000b03ab00000)]
  0x000001f8ee18f250 JavaThread "Unconstrained build operations Thread 39" [_thread_blocked, id=14880, stack(0x000000b03ab00000,0x000000b03ac00000)]
  0x000001f8e9780030 JavaThread "Unconstrained build operations Thread 40" [_thread_blocked, id=18616, stack(0x000000b03ac00000,0x000000b03ad00000)]
  0x000001f8edb78140 JavaThread "Unconstrained build operations Thread 41" [_thread_blocked, id=18520, stack(0x000000b03ad00000,0x000000b03ae00000)]
  0x000001f8eb6427d0 JavaThread "Unconstrained build operations Thread 42" [_thread_blocked, id=16800, stack(0x000000b03ae00000,0x000000b03af00000)]
  0x000001f8e977ecf0 JavaThread "Unconstrained build operations Thread 43" [_thread_blocked, id=17500, stack(0x000000b03af00000,0x000000b03b000000)]
  0x000001f8edb73880 JavaThread "Unconstrained build operations Thread 44" [_thread_blocked, id=7788, stack(0x000000b03b000000,0x000000b03b100000)]
  0x000001f8edb72540 JavaThread "Unconstrained build operations Thread 45" [_thread_blocked, id=13248, stack(0x000000b03b100000,0x000000b03b200000)]
  0x000001f8eae9a0a0 JavaThread "Unconstrained build operations Thread 46" [_thread_blocked, id=6964, stack(0x000000b03b200000,0x000000b03b300000)]
  0x000001f8ee285bc0 JavaThread "Unconstrained build operations Thread 47" [_thread_blocked, id=6292, stack(0x000000b03b300000,0x000000b03b400000)]
  0x000001f8ee18e8b0 JavaThread "Unconstrained build operations Thread 48" [_thread_blocked, id=17052, stack(0x000000b03b400000,0x000000b03b500000)]
  0x000001f8edb74220 JavaThread "Unconstrained build operations Thread 49" [_thread_blocked, id=6968, stack(0x000000b03b500000,0x000000b03b600000)]
  0x000001f8eae9aa40 JavaThread "Unconstrained build operations Thread 50" [_thread_blocked, id=5840, stack(0x000000b03b600000,0x000000b03b700000)]
  0x000001f8e9780500 JavaThread "Unconstrained build operations Thread 51" [_thread_blocked, id=14020, stack(0x000000b03b700000,0x000000b03b800000)]
  0x000001f8eae9cbf0 JavaThread "Unconstrained build operations Thread 52" [_thread_blocked, id=15128, stack(0x000000b03b800000,0x000000b03b900000)]
  0x000001f8e875ec40 JavaThread "Unconstrained build operations Thread 53" [_thread_blocked, id=18828, stack(0x000000b03b900000,0x000000b03ba00000)]
  0x000001f8e97809d0 JavaThread "Unconstrained build operations Thread 54" [_thread_blocked, id=10696, stack(0x000000b03ba00000,0x000000b03bb00000)]
  0x000001f8eb642ca0 JavaThread "Unconstrained build operations Thread 55" [_thread_blocked, id=15060, stack(0x000000b03bb00000,0x000000b03bc00000)]
  0x000001f8e875e770 JavaThread "Unconstrained build operations Thread 56" [_thread_blocked, id=4780, stack(0x000000b03bc00000,0x000000b03bd00000)]
  0x000001f8e9780ea0 JavaThread "Unconstrained build operations Thread 57" [_thread_blocked, id=11348, stack(0x000000b03bd00000,0x000000b03be00000)]
  0x000001f8eae9da60 JavaThread "Unconstrained build operations Thread 58" [_thread_blocked, id=15460, stack(0x000000b03be00000,0x000000b03bf00000)]
  0x000001f8e875f110 JavaThread "Unconstrained build operations Thread 59" [_thread_blocked, id=7940, stack(0x000000b03bf00000,0x000000b03c000000)]
  0x000001f8edb716d0 JavaThread "Unconstrained build operations Thread 60" [_thread_blocked, id=3524, stack(0x000000b03c000000,0x000000b03c100000)]
  0x000001f8ee18e3e0 JavaThread "Unconstrained build operations Thread 61" [_thread_blocked, id=12764, stack(0x000000b03c100000,0x000000b03c200000)]
  0x000001f8edb733b0 JavaThread "Unconstrained build operations Thread 62" [_thread_blocked, id=10972, stack(0x000000b03c200000,0x000000b03c300000)]
  0x000001f8eae9af10 JavaThread "Unconstrained build operations Thread 63" [_thread_blocked, id=5192, stack(0x000000b03c300000,0x000000b03c400000)]
  0x000001f8e98a8770 JavaThread "Unconstrained build operations Thread 64" [_thread_blocked, id=12984, stack(0x000000b03c400000,0x000000b03c500000)]
  0x000001f8edb74bc0 JavaThread "Unconstrained build operations Thread 66" [_thread_blocked, id=15772, stack(0x000000b03c500000,0x000000b03c600000)]
  0x000001f8eae9c720 JavaThread "Unconstrained build operations Thread 65" [_thread_blocked, id=17360, stack(0x000000b03c600000,0x000000b03c700000)]
  0x000001f8eb643170 JavaThread "Unconstrained build operations Thread 67" [_thread_blocked, id=18336, stack(0x000000b03c700000,0x000000b03c800000)]
  0x000001f8e98a7dd0 JavaThread "Unconstrained build operations Thread 68" [_thread_blocked, id=17772, stack(0x000000b03c800000,0x000000b03c900000)]
  0x000001f8eb643640 JavaThread "Unconstrained build operations Thread 69" [_thread_blocked, id=13868, stack(0x000000b03c900000,0x000000b03ca00000)]
  0x000001f8ee286090 JavaThread "Unconstrained build operations Thread 71" [_thread_blocked, id=4572, stack(0x000000b03ca00000,0x000000b03cb00000)]
  0x000001f8edb746f0 JavaThread "Unconstrained build operations Thread 72" [_thread_blocked, id=5320, stack(0x000000b03cb00000,0x000000b03cc00000)]
  0x000001f8eae9b3e0 JavaThread "Unconstrained build operations Thread 70" [_thread_blocked, id=16160, stack(0x000000b03cc00000,0x000000b03cd00000)]
  0x000001f8eb2a4c90 JavaThread "Unconstrained build operations Thread 73" [_thread_blocked, id=5372, stack(0x000000b03cd00000,0x000000b03ce00000)]
  0x000001f8e98a95e0 JavaThread "Unconstrained build operations Thread 74" [_thread_blocked, id=16848, stack(0x000000b03ce00000,0x000000b03cf00000)]
  0x000001f8edb72070 JavaThread "Unconstrained build operations Thread 75" [_thread_blocked, id=11192, stack(0x000000b03cf00000,0x000000b03d000000)]
  0x000001f8edb71ba0 JavaThread "Unconstrained build operations Thread 76" [_thread_blocked, id=18164, stack(0x000000b03d000000,0x000000b03d100000)]
  0x000001f8edb73d50 JavaThread "Unconstrained build operations Thread 77" [_thread_blocked, id=11904, stack(0x000000b03d100000,0x000000b03d200000)]
  0x000001f8e7f40880 JavaThread "Unconstrained build operations Thread 78" [_thread_blocked, id=3004, stack(0x000000b03d200000,0x000000b03d300000)]
  0x000001f8eae9b8b0 JavaThread "Unconstrained build operations Thread 79" [_thread_blocked, id=17460, stack(0x000000b03d300000,0x000000b03d400000)]
  0x000001f8ed9624f0 JavaThread "Unconstrained build operations Thread 80" [_thread_blocked, id=16040, stack(0x000000b03d400000,0x000000b03d500000)]
  0x000001f8e98a8c40 JavaThread "Cache worker for Java compile cache (C:\Users\HP\.gradle\caches\8.0.1\javaCompile)" [_thread_blocked, id=13820, stack(0x000000b03d500000,0x000000b03d600000)]

Other Threads:
  0x000001f8e7c20040 VMThread "VM Thread" [stack: 0x000000b034d00000,0x000000b034e00000] [id=18120]
  0x000001f8cd5baf80 WatcherThread [stack: 0x000000b035900000,0x000000b035a00000] [id=19056]
  0x000001f8cd566fd0 GCTaskThread "GC Thread#0" [stack: 0x000000b034800000,0x000000b034900000] [id=16956]
  0x000001f8e8be8840 GCTaskThread "GC Thread#1" [stack: 0x000000b035b00000,0x000000b035c00000] [id=19280]
  0x000001f8e8acccc0 GCTaskThread "GC Thread#2" [stack: 0x000000b035c00000,0x000000b035d00000] [id=13804]
  0x000001f8e88fe220 GCTaskThread "GC Thread#3" [stack: 0x000000b035d00000,0x000000b035e00000] [id=11168]
  0x000001f8e90bc090 GCTaskThread "GC Thread#4" [stack: 0x000000b035a00000,0x000000b035b00000] [id=4468]
  0x000001f8e91962e0 GCTaskThread "GC Thread#5" [stack: 0x000000b036a00000,0x000000b036b00000] [id=16344]
  0x000001f8e9196590 GCTaskThread "GC Thread#6" [stack: 0x000000b036b00000,0x000000b036c00000] [id=14456]
  0x000001f8eae49930 GCTaskThread "GC Thread#7" [stack: 0x000000b036c00000,0x000000b036d00000] [id=19140]
  0x000001f8cd5b6010 ConcurrentGCThread "G1 Main Marker" [stack: 0x000000b034900000,0x000000b034a00000] [id=8268]
  0x000001f8cd5b91d0 ConcurrentGCThread "G1 Conc#0" [stack: 0x000000b034a00000,0x000000b034b00000] [id=4448]
  0x000001f8ead01000 ConcurrentGCThread "G1 Conc#1" [stack: 0x000000b036d00000,0x000000b036e00000] [id=1944]
  0x000001f8cd5cd820 ConcurrentGCThread "G1 Refine#0" [stack: 0x000000b034b00000,0x000000b034c00000] [id=5556]
  0x000001f8ed88ea00 ConcurrentGCThread "G1 Refine#1" [stack: 0x000000b037b00000,0x000000b037c00000] [id=12920]
  0x000001f8cd5ce240 ConcurrentGCThread "G1 Service" [stack: 0x000000b034c00000,0x000000b034d00000] [id=16416]

Threads with active compile tasks:
C2 CompilerThread0    21470 10020       4       com.sun.tools.javac.parser.JavaTokenizer::scanIdent (639 bytes)
C1 CompilerThread0    21470 10032 % !   3       com.sun.tools.javac.parser.JavaTokenizer::readToken @ 30 (1731 bytes)
C2 CompilerThread1    21470 9580       4       sun.reflect.generics.parser.SignatureParser::parsePackageNameAndSimpleClassTypeSignature (119 bytes)

VM state: not at safepoint (normal execution)

VM Mutex/Monitor currently owned by a thread: None

Heap address: 0x0000000080000000, size: 2048 MB, Compressed Oops mode: 32-bit

CDS archive(s) not mapped
Compressed class space mapped at: 0x0000000100000000-0x0000000119c00000, reserved size: 432013312
Narrow klass base: 0x0000000000000000, Narrow klass shift: 3, Narrow klass range: 0x119c00000

GC Precious Log:
 CPUs: 8 total, 8 available
 Memory: 7879M
 Large Page Support: Disabled
 NUMA Support: Disabled
 Compressed Oops: Enabled (32-bit)
 Heap Region Size: 1M
 Heap Min Capacity: 8M
 Heap Initial Capacity: 124M
 Heap Max Capacity: 2G
 Pre-touch: Disabled
 Parallel Workers: 8
 Concurrent Workers: 2
 Concurrent Refinement Workers: 8
 Periodic GC: Disabled

Heap:
 garbage-first heap   total 237568K, used 193201K [0x0000000080000000, 0x0000000100000000)
  region size 1024K, 86 young (88064K), 6 survivors (6144K)
 Metaspace       used 84545K, committed 85376K, reserved 503808K
  class space    used 11412K, committed 11840K, reserved 421888K

Heap Regions: E=young(eden), S=young(survivor), O=old, HS=humongous(starts), HC=humongous(continues), CS=collection set, F=free, OA=open archive, CA=closed archive, TAMS=top-at-mark-start (previous, next)
|   0|0x0000000080000000, 0x0000000080100000, 0x0000000080100000|100%|HS|  |TAMS 0x0000000080100000, 0x0000000080000000| Complete 
|   1|0x0000000080100000, 0x0000000080200000, 0x0000000080200000|100%|HC|  |TAMS 0x0000000080200000, 0x0000000080100000| Complete 
|   2|0x0000000080200000, 0x0000000080300000, 0x0000000080300000|100%|HC|  |TAMS 0x0000000080300000, 0x0000000080200000| Complete 
|   3|0x0000000080300000, 0x0000000080400000, 0x0000000080400000|100%|HC|  |TAMS 0x0000000080400000, 0x0000000080300000| Complete 
|   4|0x0000000080400000, 0x0000000080500000, 0x0000000080500000|100%| O|  |TAMS 0x0000000080500000, 0x0000000080400000| Untracked 
|   5|0x0000000080500000, 0x0000000080600000, 0x0000000080600000|100%| O|  |TAMS 0x0000000080600000, 0x0000000080500000| Untracked 
|   6|0x0000000080600000, 0x0000000080700000, 0x0000000080700000|100%| O|  |TAMS 0x0000000080700000, 0x0000000080600000| Untracked 
|   7|0x0000000080700000, 0x0000000080800000, 0x0000000080800000|100%| O|  |TAMS 0x0000000080800000, 0x0000000080700000| Untracked 
|   8|0x0000000080800000, 0x0000000080900000, 0x0000000080900000|100%| O|  |TAMS 0x0000000080900000, 0x0000000080800000| Untracked 
|   9|0x0000000080900000, 0x0000000080a00000, 0x0000000080a00000|100%| O|  |TAMS 0x0000000080a00000, 0x0000000080900000| Untracked 
|  10|0x0000000080a00000, 0x0000000080b00000, 0x0000000080b00000|100%| O|  |TAMS 0x0000000080b00000, 0x0000000080a00000| Untracked 
|  11|0x0000000080b00000, 0x0000000080c00000, 0x0000000080c00000|100%| O|  |TAMS 0x0000000080c00000, 0x0000000080b00000| Untracked 
|  12|0x0000000080c00000, 0x0000000080d00000, 0x0000000080d00000|100%| O|  |TAMS 0x0000000080d00000, 0x0000000080c00000| Untracked 
|  13|0x0000000080d00000, 0x0000000080e00000, 0x0000000080e00000|100%| O|  |TAMS 0x0000000080e00000, 0x0000000080d00000| Untracked 
|  14|0x0000000080e00000, 0x0000000080f00000, 0x0000000080f00000|100%| O|  |TAMS 0x0000000080f00000, 0x0000000080e00000| Untracked 
|  15|0x0000000080f00000, 0x0000000081000000, 0x0000000081000000|100%| O|  |TAMS 0x0000000081000000, 0x0000000080f00000| Untracked 
|  16|0x0000000081000000, 0x0000000081100000, 0x0000000081100000|100%| O|  |TAMS 0x0000000081100000, 0x0000000081000000| Untracked 
|  17|0x0000000081100000, 0x0000000081200000, 0x0000000081200000|100%| O|  |TAMS 0x0000000081200000, 0x0000000081100000| Untracked 
|  18|0x0000000081200000, 0x0000000081300000, 0x0000000081300000|100%| O|  |TAMS 0x0000000081300000, 0x0000000081200000| Untracked 
|  19|0x0000000081300000, 0x0000000081400000, 0x0000000081400000|100%|HS|  |TAMS 0x0000000081400000, 0x0000000081300000| Complete 
|  20|0x0000000081400000, 0x0000000081500000, 0x0000000081500000|100%| O|  |TAMS 0x0000000081500000, 0x0000000081400000| Untracked 
|  21|0x0000000081500000, 0x0000000081600000, 0x0000000081600000|100%|HS|  |TAMS 0x0000000081600000, 0x0000000081500000| Complete 
|  22|0x0000000081600000, 0x0000000081700000, 0x0000000081700000|100%|HC|  |TAMS 0x0000000081700000, 0x0000000081600000| Complete 
|  23|0x0000000081700000, 0x0000000081800000, 0x0000000081800000|100%| O|  |TAMS 0x0000000081800000, 0x0000000081700000| Untracked 
|  24|0x0000000081800000, 0x0000000081900000, 0x0000000081900000|100%| O|  |TAMS 0x0000000081900000, 0x0000000081800000| Untracked 
|  25|0x0000000081900000, 0x0000000081a00000, 0x0000000081a00000|100%| O|  |TAMS 0x0000000081a00000, 0x0000000081900000| Untracked 
|  26|0x0000000081a00000, 0x0000000081b00000, 0x0000000081b00000|100%| O|  |TAMS 0x0000000081b00000, 0x0000000081a00000| Untracked 
|  27|0x0000000081b00000, 0x0000000081c00000, 0x0000000081c00000|100%| O|  |TAMS 0x0000000081c00000, 0x0000000081b00000| Untracked 
|  28|0x0000000081c00000, 0x0000000081d00000, 0x0000000081d00000|100%| O|  |TAMS 0x0000000081d00000, 0x0000000081c00000| Untracked 
|  29|0x0000000081d00000, 0x0000000081e00000, 0x0000000081e00000|100%| O|  |TAMS 0x0000000081e00000, 0x0000000081d00000| Untracked 
|  30|0x0000000081e00000, 0x0000000081f00000, 0x0000000081f00000|100%|HS|  |TAMS 0x0000000081f00000, 0x0000000081e00000| Complete 
|  31|0x0000000081f00000, 0x0000000082000000, 0x0000000082000000|100%| O|  |TAMS 0x0000000081f00000, 0x0000000081f00000| Untracked 
|  32|0x0000000082000000, 0x0000000082100000, 0x0000000082100000|100%| O|  |TAMS 0x0000000082000000, 0x0000000082000000| Untracked 
|  33|0x0000000082100000, 0x0000000082200000, 0x0000000082200000|100%| O|  |TAMS 0x0000000082200000, 0x0000000082100000| Untracked 
|  34|0x0000000082200000, 0x0000000082300000, 0x0000000082300000|100%| O|  |TAMS 0x0000000082300000, 0x0000000082200000| Untracked 
|  35|0x0000000082300000, 0x0000000082400000, 0x0000000082400000|100%| O|  |TAMS 0x0000000082400000, 0x0000000082300000| Untracked 
|  36|0x0000000082400000, 0x0000000082500000, 0x0000000082500000|100%| O|  |TAMS 0x0000000082500000, 0x0000000082400000| Untracked 
|  37|0x0000000082500000, 0x0000000082600000, 0x0000000082600000|100%| O|  |TAMS 0x0000000082600000, 0x0000000082500000| Untracked 
|  38|0x0000000082600000, 0x0000000082700000, 0x0000000082700000|100%|HS|  |TAMS 0x0000000082700000, 0x0000000082600000| Complete 
|  39|0x0000000082700000, 0x0000000082800000, 0x0000000082800000|100%|HS|  |TAMS 0x0000000082800000, 0x0000000082700000| Complete 
|  40|0x0000000082800000, 0x0000000082900000, 0x0000000082900000|100%| O|  |TAMS 0x0000000082900000, 0x0000000082800000| Untracked 
|  41|0x0000000082900000, 0x0000000082a00000, 0x0000000082a00000|100%| O|  |TAMS 0x0000000082a00000, 0x0000000082900000| Untracked 
|  42|0x0000000082a00000, 0x0000000082b00000, 0x0000000082b00000|100%| O|  |TAMS 0x0000000082b00000, 0x0000000082a00000| Untracked 
|  43|0x0000000082b00000, 0x0000000082c00000, 0x0000000082c00000|100%|HS|  |TAMS 0x0000000082c00000, 0x0000000082b00000| Complete 
|  44|0x0000000082c00000, 0x0000000082d00000, 0x0000000082d00000|100%|HS|  |TAMS 0x0000000082d00000, 0x0000000082c00000| Complete 
|  45|0x0000000082d00000, 0x0000000082e00000, 0x0000000082e00000|100%|HS|  |TAMS 0x0000000082e00000, 0x0000000082d00000| Complete 
|  46|0x0000000082e00000, 0x0000000082f00000, 0x0000000082f00000|100%|HS|  |TAMS 0x0000000082f00000, 0x0000000082e00000| Complete 
|  47|0x0000000082f00000, 0x0000000083000000, 0x0000000083000000|100%|HC|  |TAMS 0x0000000083000000, 0x0000000082f00000| Complete 
|  48|0x0000000083000000, 0x0000000083100000, 0x0000000083100000|100%|HC|  |TAMS 0x0000000083100000, 0x0000000083000000| Complete 
|  49|0x0000000083100000, 0x0000000083200000, 0x0000000083200000|100%| O|  |TAMS 0x0000000083200000, 0x0000000083100000| Untracked 
|  50|0x0000000083200000, 0x0000000083300000, 0x0000000083300000|100%| O|  |TAMS 0x0000000083300000, 0x0000000083200000| Untracked 
|  51|0x0000000083300000, 0x0000000083400000, 0x0000000083400000|100%| O|  |TAMS 0x0000000083400000, 0x0000000083300000| Untracked 
|  52|0x0000000083400000, 0x0000000083500000, 0x0000000083500000|100%| O|  |TAMS 0x0000000083500000, 0x0000000083400000| Untracked 
|  53|0x0000000083500000, 0x0000000083600000, 0x0000000083600000|100%| O|  |TAMS 0x0000000083600000, 0x0000000083500000| Untracked 
|  54|0x0000000083600000, 0x0000000083700000, 0x0000000083700000|100%| O|  |TAMS 0x0000000083700000, 0x0000000083600000| Untracked 
|  55|0x0000000083700000, 0x0000000083800000, 0x0000000083800000|100%|HS|  |TAMS 0x0000000083800000, 0x0000000083700000| Complete 
|  56|0x0000000083800000, 0x0000000083900000, 0x0000000083900000|100%|HC|  |TAMS 0x0000000083900000, 0x0000000083800000| Complete 
|  57|0x0000000083900000, 0x0000000083a00000, 0x0000000083a00000|100%|HC|  |TAMS 0x0000000083a00000, 0x0000000083900000| Complete 
|  58|0x0000000083a00000, 0x0000000083b00000, 0x0000000083b00000|100%|HS|  |TAMS 0x0000000083b00000, 0x0000000083a00000| Complete 
|  59|0x0000000083b00000, 0x0000000083c00000, 0x0000000083c00000|100%|HC|  |TAMS 0x0000000083c00000, 0x0000000083b00000| Complete 
|  60|0x0000000083c00000, 0x0000000083d00000, 0x0000000083d00000|100%| O|  |TAMS 0x0000000083d00000, 0x0000000083c00000| Untracked 
|  61|0x0000000083d00000, 0x0000000083e00000, 0x0000000083e00000|100%| O|  |TAMS 0x0000000083e00000, 0x0000000083d00000| Untracked 
|  62|0x0000000083e00000, 0x0000000083f00000, 0x0000000083f00000|100%| O|  |TAMS 0x0000000083f00000, 0x0000000083e00000| Untracked 
|  63|0x0000000083f00000, 0x0000000084000000, 0x0000000084000000|100%| O|  |TAMS 0x0000000084000000, 0x0000000083f00000| Untracked 
|  64|0x0000000084000000, 0x0000000084100000, 0x0000000084100000|100%| O|  |TAMS 0x0000000084100000, 0x0000000084000000| Untracked 
|  65|0x0000000084100000, 0x0000000084200000, 0x0000000084200000|100%| O|  |TAMS 0x0000000084200000, 0x0000000084100000| Untracked 
|  66|0x0000000084200000, 0x0000000084300000, 0x0000000084300000|100%| O|  |TAMS 0x0000000084300000, 0x0000000084200000| Untracked 
|  67|0x0000000084300000, 0x0000000084400000, 0x0000000084400000|100%| O|  |TAMS 0x0000000084400000, 0x0000000084300000| Untracked 
|  68|0x0000000084400000, 0x0000000084500000, 0x0000000084500000|100%| O|  |TAMS 0x0000000084500000, 0x0000000084400000| Untracked 
|  69|0x0000000084500000, 0x0000000084600000, 0x0000000084600000|100%| O|  |TAMS 0x0000000084600000, 0x0000000084500000| Untracked 
|  70|0x0000000084600000, 0x0000000084700000, 0x0000000084700000|100%| O|  |TAMS 0x0000000084700000, 0x0000000084600000| Untracked 
|  71|0x0000000084700000, 0x0000000084800000, 0x0000000084800000|100%| O|  |TAMS 0x0000000084800000, 0x0000000084700000| Untracked 
|  72|0x0000000084800000, 0x0000000084900000, 0x0000000084900000|100%| O|  |TAMS 0x0000000084900000, 0x0000000084800000| Untracked 
|  73|0x0000000084900000, 0x0000000084a00000, 0x0000000084a00000|100%| O|  |TAMS 0x0000000084a00000, 0x0000000084900000| Untracked 
|  74|0x0000000084a00000, 0x0000000084b00000, 0x0000000084b00000|100%| O|  |TAMS 0x0000000084b00000, 0x0000000084a00000| Untracked 
|  75|0x0000000084b00000, 0x0000000084c00000, 0x0000000084c00000|100%| O|  |TAMS 0x0000000084c00000, 0x0000000084b00000| Untracked 
|  76|0x0000000084c00000, 0x0000000084d00000, 0x0000000084d00000|100%| O|  |TAMS 0x0000000084d00000, 0x0000000084c00000| Untracked 
|  77|0x0000000084d00000, 0x0000000084e00000, 0x0000000084e00000|100%| O|  |TAMS 0x0000000084e00000, 0x0000000084d00000| Untracked 
|  78|0x0000000084e00000, 0x0000000084f00000, 0x0000000084f00000|100%| O|  |TAMS 0x0000000084f00000, 0x0000000084e00000| Untracked 
|  79|0x0000000084f00000, 0x0000000085000000, 0x0000000085000000|100%| O|  |TAMS 0x0000000085000000, 0x0000000084f00000| Untracked 
|  80|0x0000000085000000, 0x0000000085100000, 0x0000000085100000|100%| O|  |TAMS 0x0000000085100000, 0x0000000085000000| Untracked 
|  81|0x0000000085100000, 0x0000000085200000, 0x0000000085200000|100%| O|  |TAMS 0x0000000085200000, 0x0000000085100000| Untracked 
|  82|0x0000000085200000, 0x0000000085300000, 0x0000000085300000|100%| O|  |TAMS 0x0000000085300000, 0x0000000085200000| Untracked 
|  83|0x0000000085300000, 0x0000000085400000, 0x0000000085400000|100%| O|  |TAMS 0x0000000085328800, 0x0000000085300000| Untracked 
|  84|0x0000000085400000, 0x0000000085500000, 0x0000000085500000|100%| O|  |TAMS 0x0000000085400000, 0x0000000085400000| Untracked 
|  85|0x0000000085500000, 0x0000000085600000, 0x0000000085600000|100%| O|  |TAMS 0x0000000085500000, 0x0000000085500000| Untracked 
|  86|0x0000000085600000, 0x0000000085700000, 0x0000000085700000|100%| O|  |TAMS 0x0000000085600000, 0x0000000085600000| Untracked 
|  87|0x0000000085700000, 0x0000000085800000, 0x0000000085800000|100%| O|  |TAMS 0x0000000085700000, 0x0000000085700000| Untracked 
|  88|0x0000000085800000, 0x0000000085900000, 0x0000000085900000|100%| O|  |TAMS 0x0000000085800000, 0x0000000085800000| Untracked 
|  89|0x0000000085900000, 0x0000000085a00000, 0x0000000085a00000|100%| O|  |TAMS 0x0000000085900000, 0x0000000085900000| Untracked 
|  90|0x0000000085a00000, 0x0000000085b00000, 0x0000000085b00000|100%| O|  |TAMS 0x0000000085a00000, 0x0000000085a00000| Untracked 
|  91|0x0000000085b00000, 0x0000000085c00000, 0x0000000085c00000|100%| O|  |TAMS 0x0000000085b00000, 0x0000000085b00000| Untracked 
|  92|0x0000000085c00000, 0x0000000085d00000, 0x0000000085d00000|100%| O|  |TAMS 0x0000000085c00000, 0x0000000085c00000| Untracked 
|  93|0x0000000085d00000, 0x0000000085e00000, 0x0000000085e00000|100%|HS|  |TAMS 0x0000000085d00000, 0x0000000085d00000| Complete 
|  94|0x0000000085e00000, 0x0000000085f00000, 0x0000000085f00000|100%|HC|  |TAMS 0x0000000085e00000, 0x0000000085e00000| Complete 
|  95|0x0000000085f00000, 0x0000000086000000, 0x0000000086000000|100%|HS|  |TAMS 0x0000000085f00000, 0x0000000085f00000| Complete 
|  96|0x0000000086000000, 0x0000000086100000, 0x0000000086100000|100%|HC|  |TAMS 0x0000000086000000, 0x0000000086000000| Complete 
|  97|0x0000000086100000, 0x0000000086200000, 0x0000000086200000|100%|HS|  |TAMS 0x0000000086100000, 0x0000000086100000| Complete 
|  98|0x0000000086200000, 0x0000000086300000, 0x0000000086300000|100%|HC|  |TAMS 0x0000000086200000, 0x0000000086200000| Complete 
|  99|0x0000000086300000, 0x0000000086400000, 0x0000000086400000|100%|HS|  |TAMS 0x0000000086300000, 0x0000000086300000| Complete 
| 100|0x0000000086400000, 0x0000000086500000, 0x0000000086500000|100%|HS|  |TAMS 0x0000000086400000, 0x0000000086400000| Complete 
| 101|0x0000000086500000, 0x0000000086600000, 0x0000000086600000|100%|HC|  |TAMS 0x0000000086500000, 0x0000000086500000| Complete 
| 102|0x0000000086600000, 0x0000000086600000, 0x0000000086700000|  0%| F|  |TAMS 0x0000000086600000, 0x0000000086600000| Untracked 
| 103|0x0000000086700000, 0x0000000086700000, 0x0000000086800000|  0%| F|  |TAMS 0x0000000086700000, 0x0000000086700000| Untracked 
| 104|0x0000000086800000, 0x0000000086800000, 0x0000000086900000|  0%| F|  |TAMS 0x0000000086800000, 0x0000000086800000| Untracked 
| 105|0x0000000086900000, 0x0000000086a00000, 0x0000000086a00000|100%| O|  |TAMS 0x0000000086900000, 0x0000000086900000| Untracked 
| 106|0x0000000086a00000, 0x0000000086b00000, 0x0000000086b00000|100%| O|  |TAMS 0x0000000086a00000, 0x0000000086a00000| Untracked 
| 107|0x0000000086b00000, 0x0000000086c00000, 0x0000000086c00000|100%| O|  |TAMS 0x0000000086b00000, 0x0000000086b00000| Untracked 
| 108|0x0000000086c00000, 0x0000000086d00000, 0x0000000086d00000|100%| O|  |TAMS 0x0000000086c00000, 0x0000000086c00000| Untracked 
| 109|0x0000000086d00000, 0x0000000086de9200, 0x0000000086e00000| 91%| O|  |TAMS 0x0000000086d00000, 0x0000000086d00000| Untracked 
| 110|0x0000000086e00000, 0x0000000086e00000, 0x0000000086f00000|  0%| F|  |TAMS 0x0000000086e00000, 0x0000000086e00000| Untracked 
| 111|0x0000000086f00000, 0x0000000086f00000, 0x0000000087000000|  0%| F|  |TAMS 0x0000000086f00000, 0x0000000086f00000| Untracked 
| 112|0x0000000087000000, 0x0000000087000000, 0x0000000087100000|  0%| F|  |TAMS 0x0000000087000000, 0x0000000087000000| Untracked 
| 113|0x0000000087100000, 0x0000000087100000, 0x0000000087200000|  0%| F|  |TAMS 0x0000000087100000, 0x0000000087100000| Untracked 
| 114|0x0000000087200000, 0x0000000087200000, 0x0000000087300000|  0%| F|  |TAMS 0x0000000087200000, 0x0000000087200000| Untracked 
| 115|0x0000000087300000, 0x0000000087300000, 0x0000000087400000|  0%| F|  |TAMS 0x0000000087300000, 0x0000000087300000| Untracked 
| 116|0x0000000087400000, 0x0000000087400000, 0x0000000087500000|  0%| F|  |TAMS 0x0000000087400000, 0x0000000087400000| Untracked 
| 117|0x0000000087500000, 0x0000000087500000, 0x0000000087600000|  0%| F|  |TAMS 0x0000000087500000, 0x0000000087500000| Untracked 
| 118|0x0000000087600000, 0x0000000087600000, 0x0000000087700000|  0%| F|  |TAMS 0x0000000087600000, 0x0000000087600000| Untracked 
| 119|0x0000000087700000, 0x0000000087700000, 0x0000000087800000|  0%| F|  |TAMS 0x0000000087700000, 0x0000000087700000| Untracked 
| 120|0x0000000087800000, 0x0000000087800000, 0x0000000087900000|  0%| F|  |TAMS 0x0000000087800000, 0x0000000087800000| Untracked 
| 121|0x0000000087900000, 0x0000000087900000, 0x0000000087a00000|  0%| F|  |TAMS 0x0000000087900000, 0x0000000087900000| Untracked 
| 122|0x0000000087a00000, 0x0000000087a00000, 0x0000000087b00000|  0%| F|  |TAMS 0x0000000087a00000, 0x0000000087a00000| Untracked 
| 123|0x0000000087b00000, 0x0000000087b00000, 0x0000000087c00000|  0%| F|  |TAMS 0x0000000087b00000, 0x0000000087b00000| Untracked 
| 124|0x0000000087c00000, 0x0000000087c00000, 0x0000000087d00000|  0%| F|  |TAMS 0x0000000087c00000, 0x0000000087c00000| Untracked 
| 125|0x0000000087d00000, 0x0000000087d00000, 0x0000000087e00000|  0%| F|  |TAMS 0x0000000087d00000, 0x0000000087d00000| Untracked 
| 126|0x0000000087e00000, 0x0000000087e00000, 0x0000000087f00000|  0%| F|  |TAMS 0x0000000087e00000, 0x0000000087e00000| Untracked 
| 127|0x0000000087f00000, 0x0000000087f00000, 0x0000000088000000|  0%| F|  |TAMS 0x0000000087f00000, 0x0000000087f00000| Untracked 
| 128|0x0000000088000000, 0x0000000088000000, 0x0000000088100000|  0%| F|  |TAMS 0x0000000088000000, 0x0000000088000000| Untracked 
| 129|0x0000000088100000, 0x0000000088100000, 0x0000000088200000|  0%| F|  |TAMS 0x0000000088100000, 0x0000000088100000| Untracked 
| 130|0x0000000088200000, 0x0000000088200000, 0x0000000088300000|  0%| F|  |TAMS 0x0000000088200000, 0x0000000088200000| Untracked 
| 131|0x0000000088300000, 0x0000000088300000, 0x0000000088400000|  0%| F|  |TAMS 0x0000000088300000, 0x0000000088300000| Untracked 
| 132|0x0000000088400000, 0x0000000088400000, 0x0000000088500000|  0%| F|  |TAMS 0x0000000088400000, 0x0000000088400000| Untracked 
| 133|0x0000000088500000, 0x0000000088500000, 0x0000000088600000|  0%| F|  |TAMS 0x0000000088500000, 0x0000000088500000| Untracked 
| 134|0x0000000088600000, 0x0000000088600000, 0x0000000088700000|  0%| F|  |TAMS 0x0000000088600000, 0x0000000088600000| Untracked 
| 135|0x0000000088700000, 0x0000000088700000, 0x0000000088800000|  0%| F|  |TAMS 0x0000000088700000, 0x0000000088700000| Untracked 
| 136|0x0000000088800000, 0x0000000088800000, 0x0000000088900000|  0%| F|  |TAMS 0x0000000088800000, 0x0000000088800000| Untracked 
| 137|0x0000000088900000, 0x0000000088900000, 0x0000000088a00000|  0%| F|  |TAMS 0x0000000088900000, 0x0000000088900000| Untracked 
| 138|0x0000000088a00000, 0x0000000088a00000, 0x0000000088b00000|  0%| F|  |TAMS 0x0000000088a00000, 0x0000000088a00000| Untracked 
| 139|0x0000000088b00000, 0x0000000088b00000, 0x0000000088c00000|  0%| F|  |TAMS 0x0000000088b00000, 0x0000000088b00000| Untracked 
| 140|0x0000000088c00000, 0x0000000088c00000, 0x0000000088d00000|  0%| F|  |TAMS 0x0000000088c00000, 0x0000000088c00000| Untracked 
| 141|0x0000000088d00000, 0x0000000088d00000, 0x0000000088e00000|  0%| F|  |TAMS 0x0000000088d00000, 0x0000000088d00000| Untracked 
| 142|0x0000000088e00000, 0x0000000088e00000, 0x0000000088f00000|  0%| F|  |TAMS 0x0000000088e00000, 0x0000000088e00000| Untracked 
| 143|0x0000000088f00000, 0x0000000088f00000, 0x0000000089000000|  0%| F|  |TAMS 0x0000000088f00000, 0x0000000088f00000| Untracked 
| 144|0x0000000089000000, 0x0000000089000000, 0x0000000089100000|  0%| F|  |TAMS 0x0000000089000000, 0x0000000089000000| Untracked 
| 145|0x0000000089100000, 0x000000008916b080, 0x0000000089200000| 41%| E|  |TAMS 0x0000000089100000, 0x0000000089100000| Complete 
| 146|0x0000000089200000, 0x0000000089300000, 0x0000000089300000|100%| E|  |TAMS 0x0000000089200000, 0x0000000089200000| Complete 
| 147|0x0000000089300000, 0x00000000893c3500, 0x0000000089400000| 76%| S|CS|TAMS 0x0000000089300000, 0x0000000089300000| Complete 
| 148|0x0000000089400000, 0x0000000089500000, 0x0000000089500000|100%| S|CS|TAMS 0x0000000089400000, 0x0000000089400000| Complete 
| 149|0x0000000089500000, 0x0000000089600000, 0x0000000089600000|100%| S|CS|TAMS 0x0000000089500000, 0x0000000089500000| Complete 
| 150|0x0000000089600000, 0x0000000089700000, 0x0000000089700000|100%| S|CS|TAMS 0x0000000089600000, 0x0000000089600000| Complete 
| 151|0x0000000089700000, 0x0000000089800000, 0x0000000089800000|100%| S|CS|TAMS 0x0000000089700000, 0x0000000089700000| Complete 
| 152|0x0000000089800000, 0x0000000089900000, 0x0000000089900000|100%| S|CS|TAMS 0x0000000089800000, 0x0000000089800000| Complete 
| 153|0x0000000089900000, 0x0000000089a00000, 0x0000000089a00000|100%| E|CS|TAMS 0x0000000089900000, 0x0000000089900000| Complete 
| 154|0x0000000089a00000, 0x0000000089b00000, 0x0000000089b00000|100%| E|CS|TAMS 0x0000000089a00000, 0x0000000089a00000| Complete 
| 155|0x0000000089b00000, 0x0000000089c00000, 0x0000000089c00000|100%| E|CS|TAMS 0x0000000089b00000, 0x0000000089b00000| Complete 
| 156|0x0000000089c00000, 0x0000000089d00000, 0x0000000089d00000|100%| E|CS|TAMS 0x0000000089c00000, 0x0000000089c00000| Complete 
| 157|0x0000000089d00000, 0x0000000089e00000, 0x0000000089e00000|100%| E|CS|TAMS 0x0000000089d00000, 0x0000000089d00000| Complete 
| 158|0x0000000089e00000, 0x0000000089f00000, 0x0000000089f00000|100%| E|CS|TAMS 0x0000000089e00000, 0x0000000089e00000| Complete 
| 159|0x0000000089f00000, 0x000000008a000000, 0x000000008a000000|100%| E|CS|TAMS 0x0000000089f00000, 0x0000000089f00000| Complete 
| 160|0x000000008a000000, 0x000000008a100000, 0x000000008a100000|100%| E|CS|TAMS 0x000000008a000000, 0x000000008a000000| Complete 
| 161|0x000000008a100000, 0x000000008a200000, 0x000000008a200000|100%| E|CS|TAMS 0x000000008a100000, 0x000000008a100000| Complete 
| 162|0x000000008a200000, 0x000000008a300000, 0x000000008a300000|100%| E|CS|TAMS 0x000000008a200000, 0x000000008a200000| Complete 
| 163|0x000000008a300000, 0x000000008a400000, 0x000000008a400000|100%| E|CS|TAMS 0x000000008a300000, 0x000000008a300000| Complete 
| 164|0x000000008a400000, 0x000000008a500000, 0x000000008a500000|100%| E|CS|TAMS 0x000000008a400000, 0x000000008a400000| Complete 
| 165|0x000000008a500000, 0x000000008a600000, 0x000000008a600000|100%| E|CS|TAMS 0x000000008a500000, 0x000000008a500000| Complete 
| 166|0x000000008a600000, 0x000000008a700000, 0x000000008a700000|100%| E|CS|TAMS 0x000000008a600000, 0x000000008a600000| Complete 
| 167|0x000000008a700000, 0x000000008a800000, 0x000000008a800000|100%| E|CS|TAMS 0x000000008a700000, 0x000000008a700000| Complete 
| 168|0x000000008a800000, 0x000000008a900000, 0x000000008a900000|100%| E|CS|TAMS 0x000000008a800000, 0x000000008a800000| Complete 
| 169|0x000000008a900000, 0x000000008aa00000, 0x000000008aa00000|100%| E|CS|TAMS 0x000000008a900000, 0x000000008a900000| Complete 
| 170|0x000000008aa00000, 0x000000008ab00000, 0x000000008ab00000|100%| E|CS|TAMS 0x000000008aa00000, 0x000000008aa00000| Complete 
| 171|0x000000008ab00000, 0x000000008ac00000, 0x000000008ac00000|100%| E|CS|TAMS 0x000000008ab00000, 0x000000008ab00000| Complete 
| 172|0x000000008ac00000, 0x000000008ad00000, 0x000000008ad00000|100%| E|CS|TAMS 0x000000008ac00000, 0x000000008ac00000| Complete 
| 173|0x000000008ad00000, 0x000000008ae00000, 0x000000008ae00000|100%| E|CS|TAMS 0x000000008ad00000, 0x000000008ad00000| Complete 
| 174|0x000000008ae00000, 0x000000008af00000, 0x000000008af00000|100%| E|CS|TAMS 0x000000008ae00000, 0x000000008ae00000| Complete 
| 175|0x000000008af00000, 0x000000008b000000, 0x000000008b000000|100%| E|CS|TAMS 0x000000008af00000, 0x000000008af00000| Complete 
| 176|0x000000008b000000, 0x000000008b100000, 0x000000008b100000|100%| E|CS|TAMS 0x000000008b000000, 0x000000008b000000| Complete 
| 177|0x000000008b100000, 0x000000008b200000, 0x000000008b200000|100%| E|CS|TAMS 0x000000008b100000, 0x000000008b100000| Complete 
| 178|0x000000008b200000, 0x000000008b300000, 0x000000008b300000|100%| E|CS|TAMS 0x000000008b200000, 0x000000008b200000| Complete 
| 179|0x000000008b300000, 0x000000008b400000, 0x000000008b400000|100%| E|CS|TAMS 0x000000008b300000, 0x000000008b300000| Complete 
| 180|0x000000008b400000, 0x000000008b500000, 0x000000008b500000|100%| E|CS|TAMS 0x000000008b400000, 0x000000008b400000| Complete 
| 181|0x000000008b500000, 0x000000008b600000, 0x000000008b600000|100%| E|CS|TAMS 0x000000008b500000, 0x000000008b500000| Complete 
| 182|0x000000008b600000, 0x000000008b700000, 0x000000008b700000|100%| E|CS|TAMS 0x000000008b600000, 0x000000008b600000| Complete 
| 183|0x000000008b700000, 0x000000008b800000, 0x000000008b800000|100%| E|CS|TAMS 0x000000008b700000, 0x000000008b700000| Complete 
| 184|0x000000008b800000, 0x000000008b900000, 0x000000008b900000|100%| E|CS|TAMS 0x000000008b800000, 0x000000008b800000| Complete 
| 185|0x000000008b900000, 0x000000008ba00000, 0x000000008ba00000|100%| E|CS|TAMS 0x000000008b900000, 0x000000008b900000| Complete 
| 186|0x000000008ba00000, 0x000000008bb00000, 0x000000008bb00000|100%| E|CS|TAMS 0x000000008ba00000, 0x000000008ba00000| Complete 
| 187|0x000000008bb00000, 0x000000008bc00000, 0x000000008bc00000|100%| E|CS|TAMS 0x000000008bb00000, 0x000000008bb00000| Complete 
| 188|0x000000008bc00000, 0x000000008bd00000, 0x000000008bd00000|100%| E|CS|TAMS 0x000000008bc00000, 0x000000008bc00000| Complete 
| 189|0x000000008bd00000, 0x000000008be00000, 0x000000008be00000|100%| E|CS|TAMS 0x000000008bd00000, 0x000000008bd00000| Complete 
| 190|0x000000008be00000, 0x000000008bf00000, 0x000000008bf00000|100%| E|CS|TAMS 0x000000008be00000, 0x000000008be00000| Complete 
| 191|0x000000008bf00000, 0x000000008c000000, 0x000000008c000000|100%| E|CS|TAMS 0x000000008bf00000, 0x000000008bf00000| Complete 
| 192|0x000000008c000000, 0x000000008c100000, 0x000000008c100000|100%| E|CS|TAMS 0x000000008c000000, 0x000000008c000000| Complete 
| 193|0x000000008c100000, 0x000000008c200000, 0x000000008c200000|100%| E|CS|TAMS 0x000000008c100000, 0x000000008c100000| Complete 
| 194|0x000000008c200000, 0x000000008c300000, 0x000000008c300000|100%| E|CS|TAMS 0x000000008c200000, 0x000000008c200000| Complete 
| 195|0x000000008c300000, 0x000000008c400000, 0x000000008c400000|100%| E|CS|TAMS 0x000000008c300000, 0x000000008c300000| Complete 
| 196|0x000000008c400000, 0x000000008c500000, 0x000000008c500000|100%| E|CS|TAMS 0x000000008c400000, 0x000000008c400000| Complete 
| 197|0x000000008c500000, 0x000000008c600000, 0x000000008c600000|100%| E|CS|TAMS 0x000000008c500000, 0x000000008c500000| Complete 
| 198|0x000000008c600000, 0x000000008c700000, 0x000000008c700000|100%| E|CS|TAMS 0x000000008c600000, 0x000000008c600000| Complete 
| 199|0x000000008c700000, 0x000000008c800000, 0x000000008c800000|100%| E|CS|TAMS 0x000000008c700000, 0x000000008c700000| Complete 
| 200|0x000000008c800000, 0x000000008c900000, 0x000000008c900000|100%| E|CS|TAMS 0x000000008c800000, 0x000000008c800000| Complete 
| 201|0x000000008c900000, 0x000000008ca00000, 0x000000008ca00000|100%| E|CS|TAMS 0x000000008c900000, 0x000000008c900000| Complete 
| 202|0x000000008ca00000, 0x000000008cb00000, 0x000000008cb00000|100%| E|CS|TAMS 0x000000008ca00000, 0x000000008ca00000| Complete 
| 203|0x000000008cb00000, 0x000000008cc00000, 0x000000008cc00000|100%| E|CS|TAMS 0x000000008cb00000, 0x000000008cb00000| Complete 
| 204|0x000000008cc00000, 0x000000008cd00000, 0x000000008cd00000|100%| E|CS|TAMS 0x000000008cc00000, 0x000000008cc00000| Complete 
| 205|0x000000008cd00000, 0x000000008ce00000, 0x000000008ce00000|100%| E|CS|TAMS 0x000000008cd00000, 0x000000008cd00000| Complete 
| 206|0x000000008ce00000, 0x000000008cf00000, 0x000000008cf00000|100%| E|CS|TAMS 0x000000008ce00000, 0x000000008ce00000| Complete 
| 207|0x000000008cf00000, 0x000000008d000000, 0x000000008d000000|100%| E|CS|TAMS 0x000000008cf00000, 0x000000008cf00000| Complete 
| 208|0x000000008d000000, 0x000000008d100000, 0x000000008d100000|100%| E|CS|TAMS 0x000000008d000000, 0x000000008d000000| Complete 
| 209|0x000000008d100000, 0x000000008d200000, 0x000000008d200000|100%| E|CS|TAMS 0x000000008d100000, 0x000000008d100000| Complete 
| 210|0x000000008d200000, 0x000000008d300000, 0x000000008d300000|100%| E|CS|TAMS 0x000000008d200000, 0x000000008d200000| Complete 
| 211|0x000000008d300000, 0x000000008d400000, 0x000000008d400000|100%| E|CS|TAMS 0x000000008d300000, 0x000000008d300000| Complete 
| 212|0x000000008d400000, 0x000000008d500000, 0x000000008d500000|100%| E|CS|TAMS 0x000000008d400000, 0x000000008d400000| Complete 
| 213|0x000000008d500000, 0x000000008d600000, 0x000000008d600000|100%| E|CS|TAMS 0x000000008d500000, 0x000000008d500000| Complete 
| 214|0x000000008d600000, 0x000000008d700000, 0x000000008d700000|100%| E|CS|TAMS 0x000000008d600000, 0x000000008d600000| Complete 
| 215|0x000000008d700000, 0x000000008d800000, 0x000000008d800000|100%| E|CS|TAMS 0x000000008d700000, 0x000000008d700000| Complete 
| 216|0x000000008d800000, 0x000000008d900000, 0x000000008d900000|100%| E|CS|TAMS 0x000000008d800000, 0x000000008d800000| Complete 
| 217|0x000000008d900000, 0x000000008da00000, 0x000000008da00000|100%| E|CS|TAMS 0x000000008d900000, 0x000000008d900000| Complete 
| 218|0x000000008da00000, 0x000000008db00000, 0x000000008db00000|100%| E|CS|TAMS 0x000000008da00000, 0x000000008da00000| Complete 
| 219|0x000000008db00000, 0x000000008dc00000, 0x000000008dc00000|100%| E|CS|TAMS 0x000000008db00000, 0x000000008db00000| Complete 
| 220|0x000000008dc00000, 0x000000008dd00000, 0x000000008dd00000|100%| E|CS|TAMS 0x000000008dc00000, 0x000000008dc00000| Complete 
| 221|0x000000008dd00000, 0x000000008de00000, 0x000000008de00000|100%| E|CS|TAMS 0x000000008dd00000, 0x000000008dd00000| Complete 
| 222|0x000000008de00000, 0x000000008df00000, 0x000000008df00000|100%| E|CS|TAMS 0x000000008de00000, 0x000000008de00000| Complete 
| 223|0x000000008df00000, 0x000000008e000000, 0x000000008e000000|100%| E|CS|TAMS 0x000000008df00000, 0x000000008df00000| Complete 
| 224|0x000000008e000000, 0x000000008e100000, 0x000000008e100000|100%| E|CS|TAMS 0x000000008e000000, 0x000000008e000000| Complete 
| 225|0x000000008e100000, 0x000000008e200000, 0x000000008e200000|100%| E|CS|TAMS 0x000000008e100000, 0x000000008e100000| Complete 
| 226|0x000000008e200000, 0x000000008e300000, 0x000000008e300000|100%| E|CS|TAMS 0x000000008e200000, 0x000000008e200000| Complete 
| 227|0x000000008e300000, 0x000000008e400000, 0x000000008e400000|100%| E|CS|TAMS 0x000000008e300000, 0x000000008e300000| Complete 
| 228|0x000000008e400000, 0x000000008e500000, 0x000000008e500000|100%| E|CS|TAMS 0x000000008e400000, 0x000000008e400000| Complete 
| 229|0x000000008e500000, 0x000000008e600000, 0x000000008e600000|100%| E|CS|TAMS 0x000000008e500000, 0x000000008e500000| Complete 
| 230|0x000000008e600000, 0x000000008e700000, 0x000000008e700000|100%| E|CS|TAMS 0x000000008e600000, 0x000000008e600000| Complete 
| 231|0x000000008e700000, 0x000000008e800000, 0x000000008e800000|100%| E|CS|TAMS 0x000000008e700000, 0x000000008e700000| Complete 

Card table byte_map: [0x000001f8e0100000,0x000001f8e0500000] _byte_map_base: 0x000001f8dfd00000

Marking Bits (Prev, Next): (CMBitMap*) 0x000001f8cd5675e0, (CMBitMap*) 0x000001f8cd567620
 Prev Bits: [0x000001f8e0900000, 0x000001f8e2900000)
 Next Bits: [0x000001f8e2900000, 0x000001f8e4900000)

Polling page: 0x000001f8cb430000

Metaspace:

Usage:
  Non-class:     71.55 MB used.
      Class:     11.16 MB used.
       Both:     82.71 MB used.

Virtual space:
  Non-class space:       80.00 MB reserved,      71.94 MB ( 90%) committed,  10 nodes.
      Class space:      412.00 MB reserved,      11.56 MB (  3%) committed,  1 nodes.
             Both:      492.00 MB reserved,      83.50 MB ( 17%) committed. 

Chunk freelists:
   Non-Class:  3.38 MB
       Class:  422.00 KB
        Both:  3.79 MB

MaxMetaspaceSize: 512.00 MB
CompressedClassSpaceSize: 412.00 MB
Initial GC threshold: 21.00 MB
Current GC threshold: 105.00 MB
CDS: off
MetaspaceReclaimPolicy: balanced
 - commit_granule_bytes: 65536.
 - commit_granule_words: 8192.
 - virtual_space_node_default_size: 1048576.
 - enlarge_chunks_in_place: 1.
 - new_chunks_are_fully_committed: 0.
 - uncommit_free_chunks: 1.
 - use_allocation_guard: 0.
 - handle_deallocations: 1.


Internal statistics:

num_allocs_failed_limit: 9.
num_arena_births: 1354.
num_arena_deaths: 10.
num_vsnodes_births: 11.
num_vsnodes_deaths: 0.
num_space_committed: 1336.
num_space_uncommitted: 0.
num_chunks_returned_to_freelist: 24.
num_chunks_taken_from_freelist: 5208.
num_chunk_merges: 15.
num_chunk_splits: 2930.
num_chunks_enlarged: 1357.
num_purges: 2.
num_inconsistent_stats: 0.

CodeHeap 'non-profiled nmethods': size=120000Kb used=4416Kb max_used=4695Kb free=115583Kb
 bounds [0x000001f8d84a0000, 0x000001f8d8940000, 0x000001f8df9d0000]
CodeHeap 'profiled nmethods': size=120000Kb used=16597Kb max_used=17514Kb free=103402Kb
 bounds [0x000001f8d09d0000, 0x000001f8d1b30000, 0x000001f8d7f00000]
CodeHeap 'non-nmethods': size=5760Kb used=2362Kb max_used=2385Kb free=3398Kb
 bounds [0x000001f8d7f00000, 0x000001f8d8170000, 0x000001f8d84a0000]
 total_blobs=9224 nmethods=8349 adapters=787
 compilation: enabled
              stopped_count=0, restarted_count=0
 full_count=0

Compilation events (20 events):
Event: 21.380 Thread 0x000001f8e7c59f50 9968       3       com.sun.tools.javac.parser.JavacParser::typeAnnotationsOpt (10 bytes)
Event: 21.380 Thread 0x000001f8e7c59f50 nmethod 9968 0x000001f8d15d1590 code [0x000001f8d15d1740, 0x000001f8d15d1888]
Event: 21.380 Thread 0x000001f8e7c59f50 9981       3       com.sun.tools.javac.parser.UnicodeReader$PositionTrackingReader::offsetPosition (10 bytes)
Event: 21.381 Thread 0x000001f8e7c59f50 nmethod 9981 0x000001f8d15d1090 code [0x000001f8d15d1220, 0x000001f8d15d13b8]
Event: 21.381 Thread 0x000001f8e7c59f50 9982       3       com.sun.tools.javac.parser.JavadocTokenizer$OffsetMap::add (56 bytes)
Event: 21.382 Thread 0x000001f8e7c59f50 nmethod 9982 0x000001f8d19bbb10 code [0x000001f8d19bbce0, 0x000001f8d19bc1a8]
Event: 21.382 Thread 0x000001f8e7c59f50 9927       1       com.sun.tools.javac.parser.Tokens$NamedToken::name (5 bytes)
Event: 21.382 Thread 0x000001f8e7c59f50 nmethod 9927 0x000001f8d88b7290 code [0x000001f8d88b7420, 0x000001f8d88b74f8]
Event: 21.382 Thread 0x000001f8e7c59f50 9966       3       com.sun.tools.javac.util.Name::toString (16 bytes)
Event: 21.382 Thread 0x000001f8e7c59f50 nmethod 9966 0x000001f8d19bb310 code [0x000001f8d19bb4c0, 0x000001f8d19bb6e8]
Event: 21.382 Thread 0x000001f8e7c59f50 9967       3       com.sun.tools.javac.util.Convert::utf2string (26 bytes)
Event: 21.382 Thread 0x000001f8e7c59f50 nmethod 9967 0x000001f8d0e74290 code [0x000001f8d0e74440, 0x000001f8d0e746b8]
Event: 21.382 Thread 0x000001f8e7c59f50 9971       3       com.sun.tools.javac.parser.Tokens::lookupKind (29 bytes)
Event: 21.383 Thread 0x000001f8e7c59f50 nmethod 9971 0x000001f8d0e73990 code [0x000001f8d0e73b80, 0x000001f8d0e740b8]
Event: 21.383 Thread 0x000001f8e7c59f50 9970       3       com.sun.tools.javac.parser.JavaTokenizer::checkIdent (34 bytes)
Event: 21.384 Thread 0x000001f8e7c59f50 nmethod 9970 0x000001f8d0ee6110 code [0x000001f8d0ee6360, 0x000001f8d0ee6d08]
Event: 21.384 Thread 0x000001f8e7c59f50 10001       3       com.sun.tools.javac.parser.JavacParser::term3 (2724 bytes)
Event: 21.389 Thread 0x000001f8e7c59290 nmethod 9994 0x000001f8d88b6d90 code [0x000001f8d88b6f00, 0x000001f8d88b7178]
Event: 21.389 Thread 0x000001f8e7c59290 10004       4       java.util.LinkedList::indexOf (73 bytes)
Event: 21.395 Thread 0x000001f8e7c59290 nmethod 10004 0x000001f8d88b6810 code [0x000001f8d88b69a0, 0x000001f8d88b6c18]

GC Heap History (20 events):
Event: 11.345 GC heap before
{Heap before GC invocations=14 (full 0):
 garbage-first heap   total 150528K, used 110260K [0x0000000080000000, 0x0000000100000000)
  region size 1024K, 60 young (61440K), 4 survivors (4096K)
 Metaspace       used 54772K, committed 55360K, reserved 471040K
  class space    used 7272K, committed 7552K, reserved 421888K
}
Event: 11.358 GC heap after
{Heap after GC invocations=15 (full 0):
 garbage-first heap   total 150528K, used 64512K [0x0000000080000000, 0x0000000100000000)
  region size 1024K, 8 young (8192K), 8 survivors (8192K)
 Metaspace       used 54772K, committed 55360K, reserved 471040K
  class space    used 7272K, committed 7552K, reserved 421888K
}
Event: 12.092 GC heap before
{Heap before GC invocations=15 (full 0):
 garbage-first heap   total 150528K, used 114688K [0x0000000080000000, 0x0000000100000000)
  region size 1024K, 53 young (54272K), 8 survivors (8192K)
 Metaspace       used 57020K, committed 57728K, reserved 479232K
  class space    used 7576K, committed 7936K, reserved 421888K
}
Event: 12.105 GC heap after
{Heap after GC invocations=16 (full 0):
 garbage-first heap   total 150528K, used 77729K [0x0000000080000000, 0x0000000100000000)
  region size 1024K, 7 young (7168K), 7 survivors (7168K)
 Metaspace       used 57020K, committed 57728K, reserved 479232K
  class space    used 7576K, committed 7936K, reserved 421888K
}
Event: 12.742 GC heap before
{Heap before GC invocations=16 (full 0):
 garbage-first heap   total 150528K, used 104353K [0x0000000080000000, 0x0000000100000000)
  region size 1024K, 34 young (34816K), 7 survivors (7168K)
 Metaspace       used 59541K, committed 60160K, reserved 479232K
  class space    used 8055K, committed 8384K, reserved 421888K
}
Event: 12.756 GC heap after
{Heap after GC invocations=17 (full 0):
 garbage-first heap   total 150528K, used 81398K [0x0000000080000000, 0x0000000100000000)
  region size 1024K, 4 young (4096K), 4 survivors (4096K)
 Metaspace       used 59541K, committed 60160K, reserved 479232K
  class space    used 8055K, committed 8384K, reserved 421888K
}
Event: 13.908 GC heap before
{Heap before GC invocations=18 (full 0):
 garbage-first heap   total 150528K, used 119286K [0x0000000080000000, 0x0000000100000000)
  region size 1024K, 39 young (39936K), 4 survivors (4096K)
 Metaspace       used 63026K, committed 63808K, reserved 479232K
  class space    used 8609K, committed 9024K, reserved 421888K
}
Event: 13.923 GC heap after
{Heap after GC invocations=19 (full 0):
 garbage-first heap   total 150528K, used 84991K [0x0000000080000000, 0x0000000100000000)
  region size 1024K, 4 young (4096K), 4 survivors (4096K)
 Metaspace       used 63026K, committed 63808K, reserved 479232K
  class space    used 8609K, committed 9024K, reserved 421888K
}
Event: 13.975 GC heap before
{Heap before GC invocations=19 (full 0):
 garbage-first heap   total 150528K, used 88063K [0x0000000080000000, 0x0000000100000000)
  region size 1024K, 7 young (7168K), 4 survivors (4096K)
 Metaspace       used 63142K, committed 63872K, reserved 479232K
  class space    used 8640K, committed 9024K, reserved 421888K
}
Event: 13.986 GC heap after
{Heap after GC invocations=20 (full 0):
 garbage-first heap   total 150528K, used 84856K [0x0000000080000000, 0x0000000100000000)
  region size 1024K, 1 young (1024K), 1 survivors (1024K)
 Metaspace       used 63142K, committed 63872K, reserved 479232K
  class space    used 8640K, committed 9024K, reserved 421888K
}
Event: 14.920 GC heap before
{Heap before GC invocations=20 (full 0):
 garbage-first heap   total 150528K, used 118648K [0x0000000080000000, 0x0000000100000000)
  region size 1024K, 35 young (35840K), 1 survivors (1024K)
 Metaspace       used 63689K, committed 64512K, reserved 479232K
  class space    used 8733K, committed 9152K, reserved 421888K
}
Event: 14.927 GC heap after
{Heap after GC invocations=21 (full 0):
 garbage-first heap   total 237568K, used 88446K [0x0000000080000000, 0x0000000100000000)
  region size 1024K, 5 young (5120K), 5 survivors (5120K)
 Metaspace       used 63689K, committed 64512K, reserved 479232K
  class space    used 8733K, committed 9152K, reserved 421888K
}
Event: 16.518 GC heap before
{Heap before GC invocations=22 (full 0):
 garbage-first heap   total 237568K, used 186750K [0x0000000080000000, 0x0000000100000000)
  region size 1024K, 94 young (96256K), 5 survivors (5120K)
 Metaspace       used 64046K, committed 64832K, reserved 479232K
  class space    used 8738K, committed 9152K, reserved 421888K
}
Event: 16.532 GC heap after
{Heap after GC invocations=23 (full 0):
 garbage-first heap   total 237568K, used 94963K [0x0000000080000000, 0x0000000100000000)
  region size 1024K, 11 young (11264K), 11 survivors (11264K)
 Metaspace       used 64046K, committed 64832K, reserved 479232K
  class space    used 8738K, committed 9152K, reserved 421888K
}
Event: 16.550 GC heap before
{Heap before GC invocations=23 (full 0):
 garbage-first heap   total 237568K, used 94963K [0x0000000080000000, 0x0000000100000000)
  region size 1024K, 12 young (12288K), 11 survivors (11264K)
 Metaspace       used 64057K, committed 64896K, reserved 479232K
  class space    used 8738K, committed 9152K, reserved 421888K
}
Event: 16.562 GC heap after
{Heap after GC invocations=24 (full 0):
 garbage-first heap   total 237568K, used 95724K [0x0000000080000000, 0x0000000100000000)
  region size 1024K, 2 young (2048K), 2 survivors (2048K)
 Metaspace       used 64057K, committed 64896K, reserved 479232K
  class space    used 8738K, committed 9152K, reserved 421888K
}
Event: 18.362 GC heap before
{Heap before GC invocations=24 (full 0):
 garbage-first heap   total 237568K, used 193004K [0x0000000080000000, 0x0000000100000000)
  region size 1024K, 86 young (88064K), 2 survivors (2048K)
 Metaspace       used 66210K, committed 66944K, reserved 487424K
  class space    used 8896K, committed 9280K, reserved 421888K
}
Event: 18.374 GC heap after
{Heap after GC invocations=25 (full 0):
 garbage-first heap   total 237568K, used 104517K [0x0000000080000000, 0x0000000100000000)
  region size 1024K, 7 young (7168K), 7 survivors (7168K)
 Metaspace       used 66210K, committed 66944K, reserved 487424K
  class space    used 8896K, committed 9280K, reserved 421888K
}
Event: 20.196 GC heap before
{Heap before GC invocations=25 (full 0):
 garbage-first heap   total 237568K, used 192581K [0x0000000080000000, 0x0000000100000000)
  region size 1024K, 86 young (88064K), 7 survivors (7168K)
 Metaspace       used 73090K, committed 73920K, reserved 487424K
  class space    used 9892K, committed 10304K, reserved 421888K
}
Event: 20.212 GC heap after
{Heap after GC invocations=26 (full 0):
 garbage-first heap   total 237568K, used 106161K [0x0000000080000000, 0x0000000100000000)
  region size 1024K, 6 young (6144K), 6 survivors (6144K)
 Metaspace       used 73090K, committed 73920K, reserved 487424K
  class space    used 9892K, committed 10304K, reserved 421888K
}

Dll operation events (2 events):
Event: 0.017 Loaded shared library C:\Program Files\Android\Android Studio\jbr\bin\java.dll
Event: 1.126 Loaded shared library C:\Program Files\Android\Android Studio\jbr\bin\verify.dll

Deoptimization events (20 events):
Event: 21.303 Thread 0x000001f8e8738bc0 DEOPT PACKING pc=0x000001f8d890b178 sp=0x000000b0383fb1c0
Event: 21.303 Thread 0x000001f8e8738bc0 DEOPT UNPACKING pc=0x000001f8d7f5a1a3 sp=0x000000b0383fb0a8 mode 2
Event: 21.314 Thread 0x000001f8e8738bc0 DEOPT PACKING pc=0x000001f8d1965908 sp=0x000000b0383fb140
Event: 21.314 Thread 0x000001f8e8738bc0 DEOPT UNPACKING pc=0x000001f8d7f5ace3 sp=0x000000b0383fa5e0 mode 0
Event: 21.326 Thread 0x000001f8ec180730 Uncommon trap: trap_request=0xffffff45 fr.pc=0x000001f8d8566e40 relative=0x0000000000000420
Event: 21.326 Thread 0x000001f8ec180730 Uncommon trap: reason=unstable_if action=reinterpret pc=0x000001f8d8566e40 method=java.lang.StringBuilder.toString()Ljava/lang/String; @ 4 c2
Event: 21.326 Thread 0x000001f8ec180730 DEOPT PACKING pc=0x000001f8d8566e40 sp=0x000000b0382f9530
Event: 21.326 Thread 0x000001f8ec180730 DEOPT UNPACKING pc=0x000001f8d7f5a1a3 sp=0x000000b0382f9510 mode 2
Event: 21.332 Thread 0x000001f8ec17ef20 Uncommon trap: trap_request=0xffffff45 fr.pc=0x000001f8d84e01cc relative=0x00000000000008ac
Event: 21.332 Thread 0x000001f8ec17ef20 Uncommon trap: reason=unstable_if action=reinterpret pc=0x000001f8d84e01cc method=java.util.jar.JarFile.match([B[B[B[B)I @ 52 c2
Event: 21.332 Thread 0x000001f8ec17ef20 DEOPT PACKING pc=0x000001f8d84e01cc sp=0x000000b037ef8170
Event: 21.332 Thread 0x000001f8ec17ef20 DEOPT UNPACKING pc=0x000001f8d7f5a1a3 sp=0x000000b037ef8068 mode 2
Event: 21.337 Thread 0x000001f8e8738bc0 Uncommon trap: trap_request=0xffffff45 fr.pc=0x000001f8d857c8d0 relative=0x0000000000000290
Event: 21.337 Thread 0x000001f8e8738bc0 Uncommon trap: reason=unstable_if action=reinterpret pc=0x000001f8d857c8d0 method=java.lang.CharacterDataLatin1.digit(II)I @ 12 c2
Event: 21.337 Thread 0x000001f8e8738bc0 DEOPT PACKING pc=0x000001f8d857c8d0 sp=0x000000b0383fb570
Event: 21.337 Thread 0x000001f8e8738bc0 DEOPT UNPACKING pc=0x000001f8d7f5a1a3 sp=0x000000b0383fb390 mode 2
Event: 21.353 Thread 0x000001f8ec17e0b0 Uncommon trap: trap_request=0xffffffc6 fr.pc=0x000001f8d85a8efc relative=0x000000000000181c
Event: 21.353 Thread 0x000001f8ec17e0b0 Uncommon trap: reason=bimorphic_or_optimized_type_check action=maybe_recompile pc=0x000001f8d85a8efc method=jdk.internal.loader.BuiltinClassLoader.loadClassOrNull(Ljava/lang/String;)Ljava/lang/Class; @ 3 c2
Event: 21.353 Thread 0x000001f8ec17e0b0 DEOPT PACKING pc=0x000001f8d85a8efc sp=0x000000b037df84b0
Event: 21.353 Thread 0x000001f8ec17e0b0 DEOPT UNPACKING pc=0x000001f8d7f5a1a3 sp=0x000000b037df8418 mode 2

Classes unloaded (5 events):
Event: 15.011 Thread 0x000001f8e7c20040 Unloading class 0x00000001008ca400 'java/lang/invoke/LambdaForm$DMH+0x00000001008ca400'
Event: 15.011 Thread 0x000001f8e7c20040 Unloading class 0x00000001008ca000 'java/lang/invoke/LambdaForm$DMH+0x00000001008ca000'
Event: 15.011 Thread 0x000001f8e7c20040 Unloading class 0x00000001008c9c00 'java/lang/invoke/LambdaForm$DMH+0x00000001008c9c00'
Event: 15.011 Thread 0x000001f8e7c20040 Unloading class 0x00000001008c9800 'java/lang/invoke/LambdaForm$DMH+0x00000001008c9800'
Event: 15.011 Thread 0x000001f8e7c20040 Unloading class 0x00000001008c9400 'java/lang/invoke/LambdaForm$DMH+0x00000001008c9400'

Classes redefined (0 events):
No events

Internal exceptions (20 events):
Event: 17.601 Thread 0x000001f8e98a7dd0 Implicit null exception at 0x000001f8d88a8fdb to 0x000001f8d88a9064
Event: 19.187 Thread 0x000001f8e8738bc0 Implicit null exception at 0x000001f8d89054be to 0x000001f8d8905730
Event: 19.397 Thread 0x000001f8e8738bc0 Exception <a 'java/lang/NoSuchMethodError'{0x000000008b56a520}: static Lcom/android/build/gradle/internal/scope/InternalArtifactType;.<clinit>()V> (0x000000008b56a520) 
thrown [s\src\hotspot\share\prims\jni.cpp, line 1108]
Event: 19.398 Thread 0x000001f8e8738bc0 Exception <a 'java/lang/NoSuchMethodError'{0x000000008b56bc60}: static Lcom/android/build/gradle/internal/scope/InternalArtifactType;.<clinit>()V> (0x000000008b56bc60) 
thrown [s\src\hotspot\share\prims\jni.cpp, line 1108]
Event: 19.398 Thread 0x000001f8e8738bc0 Exception <a 'java/lang/NoSuchMethodError'{0x000000008b56ee00}: static Lcom/android/build/api/artifact/Artifact$Single;.<clinit>()V> (0x000000008b56ee00) 
thrown [s\src\hotspot\share\prims\jni.cpp, line 1108]
Event: 19.399 Thread 0x000001f8e8738bc0 Exception <a 'java/lang/NoSuchMethodError'{0x000000008b571390}: static Ljava/lang/Object;.<clinit>()V> (0x000000008b571390) 
thrown [s\src\hotspot\share\prims\jni.cpp, line 1108]
Event: 19.408 Thread 0x000001f8e8738bc0 Exception <a 'java/lang/NoSuchMethodError'{0x000000008b5b86a8}: static Lcom/android/build/api/artifact/ArtifactKind;.<clinit>()V> (0x000000008b5b86a8) 
thrown [s\src\hotspot\share\prims\jni.cpp, line 1108]
Event: 19.408 Thread 0x000001f8e8738bc0 Exception <a 'java/lang/NoSuchMethodError'{0x000000008b5b9868}: static Lcom/android/build/api/artifact/ArtifactKind;.<clinit>()V> (0x000000008b5b9868) 
thrown [s\src\hotspot\share\prims\jni.cpp, line 1108]
Event: 19.696 Thread 0x000001f8e8738bc0 Exception <a 'sun/nio/fs/WindowsException'{0x000000008ab3c3b8}> (0x000000008ab3c3b8) 
thrown [s\src\hotspot\share\prims\jni.cpp, line 517]
Event: 19.762 Thread 0x000001f8e8738bc0 Exception <a 'sun/nio/fs/WindowsException'{0x000000008aac5be8}> (0x000000008aac5be8) 
thrown [s\src\hotspot\share\prims\jni.cpp, line 517]
Event: 20.185 Thread 0x000001f8ec17e0b0 Exception <a 'java/lang/NoSuchMethodError'{0x000000008997d458}: 'void java.lang.invoke.DirectMethodHandle$Holder.invokeVirtual(java.lang.Object, java.lang.Object, java.lang.Object, java.lang.Object)'> (0x000000008997d458) 
thrown [s\src\hotspot\share\interpreter\linkResolver.cpp, line 771]
Event: 20.185 Thread 0x000001f8ec180730 Exception <a 'java/lang/NoSuchMethodError'{0x0000000089a7eee0}: 'void java.lang.invoke.DirectMethodHandle$Holder.invokeVirtual(java.lang.Object, java.lang.Object, java.lang.Object, java.lang.Object)'> (0x0000000089a7eee0) 
thrown [s\src\hotspot\share\interpreter\linkResolver.cpp, line 771]
Event: 20.185 Thread 0x000001f8ec17f8c0 Exception <a 'java/lang/NoSuchMethodError'{0x0000000089957a50}: 'void java.lang.invoke.DirectMethodHandle$Holder.invokeVirtual(java.lang.Object, java.lang.Object, java.lang.Object, java.lang.Object)'> (0x0000000089957a50) 
thrown [s\src\hotspot\share\interpreter\linkResolver.cpp, line 771]
Event: 20.185 Thread 0x000001f8ec17f3f0 Exception <a 'java/lang/NoSuchMethodError'{0x0000000089bf67a0}: 'void java.lang.invoke.DirectMethodHandle$Holder.invokeVirtual(java.lang.Object, java.lang.Object, java.lang.Object, java.lang.Object)'> (0x0000000089bf67a0) 
thrown [s\src\hotspot\share\interpreter\linkResolver.cpp, line 771]
Event: 20.335 Thread 0x000001f8e8738bc0 Exception <a 'java/lang/NullPointerException'{0x000000008e1af850}> (0x000000008e1af850) 
thrown [s\src\hotspot\share\interpreter\linkResolver.cpp, line 1447]
Event: 20.882 Thread 0x000001f8ec180260 Exception <a 'sun/nio/fs/WindowsException'{0x000000008c3c17b8}> (0x000000008c3c17b8) 
thrown [s\src\hotspot\share\prims\jni.cpp, line 517]
Event: 21.357 Thread 0x000001f8e8738bc0 Exception <a 'sun/nio/fs/WindowsException'{0x000000008a4d8788}> (0x000000008a4d8788) 
thrown [s\src\hotspot\share\prims\jni.cpp, line 517]
Event: 21.358 Thread 0x000001f8e8738bc0 Exception <a 'sun/nio/fs/WindowsException'{0x000000008a4d95a8}> (0x000000008a4d95a8) 
thrown [s\src\hotspot\share\prims\jni.cpp, line 517]
Event: 21.358 Thread 0x000001f8e8738bc0 Exception <a 'sun/nio/fs/WindowsException'{0x000000008a4da418}> (0x000000008a4da418) 
thrown [s\src\hotspot\share\prims\jni.cpp, line 517]
Event: 21.358 Thread 0x000001f8e8738bc0 Exception <a 'sun/nio/fs/WindowsException'{0x000000008a4db288}> (0x000000008a4db288) 
thrown [s\src\hotspot\share\prims\jni.cpp, line 517]

VM Operations (20 events):
Event: 19.287 Executing VM operation: HandshakeAllThreads
Event: 19.288 Executing VM operation: HandshakeAllThreads done
Event: 19.730 Executing VM operation: HandshakeAllThreads
Event: 19.731 Executing VM operation: HandshakeAllThreads done
Event: 20.155 Executing VM operation: HandshakeAllThreads
Event: 20.156 Executing VM operation: HandshakeAllThreads done
Event: 20.172 Executing VM operation: HandshakeAllThreads
Event: 20.172 Executing VM operation: HandshakeAllThreads done
Event: 20.194 Executing VM operation: ICBufferFull
Event: 20.195 Executing VM operation: ICBufferFull done
Event: 20.196 Executing VM operation: G1CollectForAllocation
Event: 20.213 Executing VM operation: G1CollectForAllocation done
Event: 20.239 Executing VM operation: HandshakeAllThreads
Event: 20.240 Executing VM operation: HandshakeAllThreads done
Event: 20.688 Executing VM operation: HandshakeAllThreads
Event: 20.688 Executing VM operation: HandshakeAllThreads done
Event: 21.111 Executing VM operation: ICBufferFull
Event: 21.111 Executing VM operation: ICBufferFull done
Event: 21.213 Executing VM operation: HandshakeAllThreads
Event: 21.213 Executing VM operation: HandshakeAllThreads done

Events (20 events):
Event: 21.298 loading class java/util/regex/Pattern$NotBehind
Event: 21.298 loading class java/util/regex/Pattern$Caret
Event: 21.299 loading class java/util/regex/Pattern$NotBehind done
Event: 21.299 loading class java/util/regex/Pattern$Caret done
Event: 21.299 loading class java/util/regex/Pattern$Neg
Event: 21.299 loading class java/util/regex/Pattern$Neg done
Event: 21.336 loading class javax/xml/datatype/DatatypeConfigurationException
Event: 21.336 loading class javax/xml/datatype/DatatypeConfigurationException done
Event: 21.341 loading class com/sun/org/apache/xerces/internal/impl/io/MalformedByteSequenceException
Event: 21.342 loading class java/io/CharConversionException
Event: 21.342 loading class java/io/CharConversionException done
Event: 21.342 loading class com/sun/org/apache/xerces/internal/impl/io/MalformedByteSequenceException done
Event: 21.359 loading class java/util/EnumMap$EntrySet
Event: 21.361 loading class java/util/EnumMap$EntrySet done
Event: 21.361 loading class java/util/EnumMap$EntryIterator
Event: 21.365 loading class java/util/EnumMap$EnumMapIterator
Event: 21.365 loading class java/util/EnumMap$EnumMapIterator done
Event: 21.365 loading class java/util/EnumMap$EntryIterator done
Event: 21.366 loading class java/util/EnumMap$EntryIterator$Entry
Event: 21.367 loading class java/util/EnumMap$EntryIterator$Entry done


Dynamic libraries:
0x00007ff7c8c70000 - 0x00007ff7c8c7a000 	C:\Program Files\Android\Android Studio\jbr\bin\java.exe
0x00007ff895350000 - 0x00007ff895567000 	C:\WINDOWS\SYSTEM32\ntdll.dll
0x00007ff8930b0000 - 0x00007ff893174000 	C:\WINDOWS\System32\KERNEL32.DLL
0x00007ff8929d0000 - 0x00007ff892d76000 	C:\WINDOWS\System32\KERNELBASE.dll
0x00007ff892d80000 - 0x00007ff892e91000 	C:\WINDOWS\System32\ucrtbase.dll
0x00007ff88c000000 - 0x00007ff88c017000 	C:\Program Files\Android\Android Studio\jbr\bin\jli.dll
0x00007ff88b6a0000 - 0x00007ff88b6bb000 	C:\Program Files\Android\Android Studio\jbr\bin\VCRUNTIME140.dll
0x00007ff893620000 - 0x00007ff8937cd000 	C:\WINDOWS\System32\USER32.dll
0x00007ff893080000 - 0x00007ff8930a6000 	C:\WINDOWS\System32\win32u.dll
0x00007ff8933d0000 - 0x00007ff8933f9000 	C:\WINDOWS\System32\GDI32.dll
0x00007ff87d070000 - 0x00007ff87d303000 	C:\WINDOWS\WinSxS\amd64_microsoft.windows.common-controls_6595b64144ccf1df_6.0.22621.2361_none_2712ced57382f843\COMCTL32.dll
0x00007ff8928b0000 - 0x00007ff8929c8000 	C:\WINDOWS\System32\gdi32full.dll
0x00007ff8947c0000 - 0x00007ff894867000 	C:\WINDOWS\System32\msvcrt.dll
0x00007ff892fe0000 - 0x00007ff89307a000 	C:\WINDOWS\System32\msvcp_win.dll
0x00007ff893390000 - 0x00007ff8933c1000 	C:\WINDOWS\System32\IMM32.DLL
0x00007ff88c340000 - 0x00007ff88c34c000 	C:\Program Files\Android\Android Studio\jbr\bin\vcruntime140_1.dll
0x00007ff87a320000 - 0x00007ff87a3ad000 	C:\Program Files\Android\Android Studio\jbr\bin\msvcp140.dll
0x00007ff803330000 - 0x00007ff803f9d000 	C:\Program Files\Android\Android Studio\jbr\bin\server\jvm.dll
0x00007ff894870000 - 0x00007ff894920000 	C:\WINDOWS\System32\ADVAPI32.dll
0x00007ff893400000 - 0x00007ff8934a6000 	C:\WINDOWS\System32\sechost.dll
0x00007ff894060000 - 0x00007ff894177000 	C:\WINDOWS\System32\RPCRT4.dll
0x00007ff88b5b0000 - 0x00007ff88b5e4000 	C:\WINDOWS\SYSTEM32\WINMM.dll
0x00007ff88b110000 - 0x00007ff88b11a000 	C:\WINDOWS\SYSTEM32\VERSION.dll
0x00007ff872700000 - 0x00007ff872709000 	C:\WINDOWS\SYSTEM32\WSOCK32.dll
0x00007ff893180000 - 0x00007ff8931f1000 	C:\WINDOWS\System32\WS2_32.dll
0x00007ff891670000 - 0x00007ff891688000 	C:\WINDOWS\SYSTEM32\kernel.appcore.dll
0x00007ff88d8c0000 - 0x00007ff88d8ca000 	C:\Program Files\Android\Android Studio\jbr\bin\jimage.dll
0x00007ff88f780000 - 0x00007ff88f9ae000 	C:\WINDOWS\SYSTEM32\DBGHELP.DLL
0x00007ff893a50000 - 0x00007ff893dda000 	C:\WINDOWS\System32\combase.dll
0x00007ff893de0000 - 0x00007ff893eb7000 	C:\WINDOWS\System32\OLEAUT32.dll
0x00007ff8772b0000 - 0x00007ff8772e2000 	C:\WINDOWS\SYSTEM32\dbgcore.DLL
0x00007ff892ea0000 - 0x00007ff892f1a000 	C:\WINDOWS\System32\bcryptPrimitives.dll
0x00007ff88d890000 - 0x00007ff88d8b5000 	C:\Program Files\Android\Android Studio\jbr\bin\java.dll
0x00007ff88d870000 - 0x00007ff88d888000 	C:\Program Files\Android\Android Studio\jbr\bin\zip.dll
0x00007ff894a90000 - 0x00007ff8952e8000 	C:\WINDOWS\System32\SHELL32.dll
0x00007ff8905e0000 - 0x00007ff890ed2000 	C:\WINDOWS\SYSTEM32\windows.storage.dll
0x00007ff8904a0000 - 0x00007ff8905de000 	C:\WINDOWS\SYSTEM32\wintypes.dll
0x00007ff893f60000 - 0x00007ff894053000 	C:\WINDOWS\System32\SHCORE.dll
0x00007ff893510000 - 0x00007ff89356e000 	C:\WINDOWS\System32\shlwapi.dll
0x00007ff892600000 - 0x00007ff892626000 	C:\WINDOWS\SYSTEM32\profapi.dll
0x00007ff88d850000 - 0x00007ff88d869000 	C:\Program Files\Android\Android Studio\jbr\bin\net.dll
0x00007ff88b430000 - 0x00007ff88b567000 	C:\WINDOWS\SYSTEM32\WINHTTP.dll
0x00007ff891b50000 - 0x00007ff891bb9000 	C:\WINDOWS\system32\mswsock.dll
0x00007ff88d830000 - 0x00007ff88d846000 	C:\Program Files\Android\Android Studio\jbr\bin\nio.dll
0x00007ff88d800000 - 0x00007ff88d810000 	C:\Program Files\Android\Android Studio\jbr\bin\verify.dll
0x00007ff88d110000 - 0x00007ff88d137000 	C:\Users\HP\.gradle\native\68d5fa5c4cc2d200863cafc0d521ce42e7d3e7ee720ec0a83991735586a16f82\windows-amd64\native-platform.dll
0x00007ff87a1d0000 - 0x00007ff87a314000 	C:\Users\HP\.gradle\native\e376f236ea51e6404a007f0833ffe2c6e607c4080706a723a18a27aeea778392\windows-amd64\native-platform-file-events.dll
0x00007ff88d820000 - 0x00007ff88d829000 	C:\Program Files\Android\Android Studio\jbr\bin\management.dll
0x00007ff88d810000 - 0x00007ff88d81b000 	C:\Program Files\Android\Android Studio\jbr\bin\management_ext.dll
0x00007ff894920000 - 0x00007ff894928000 	C:\WINDOWS\System32\PSAPI.DLL
0x00007ff891dc0000 - 0x00007ff891ddb000 	C:\WINDOWS\SYSTEM32\CRYPTSP.dll
0x00007ff891630000 - 0x00007ff891665000 	C:\WINDOWS\system32\rsaenh.dll
0x00007ff891c30000 - 0x00007ff891c5c000 	C:\WINDOWS\SYSTEM32\USERENV.dll
0x00007ff891f80000 - 0x00007ff891fa8000 	C:\WINDOWS\SYSTEM32\bcrypt.dll
0x00007ff891de0000 - 0x00007ff891dec000 	C:\WINDOWS\SYSTEM32\CRYPTBASE.dll
0x00007ff891140000 - 0x00007ff89116d000 	C:\WINDOWS\SYSTEM32\IPHLPAPI.DLL
0x00007ff893ec0000 - 0x00007ff893ec9000 	C:\WINDOWS\System32\NSI.dll
0x00007ff88b240000 - 0x00007ff88b259000 	C:\WINDOWS\SYSTEM32\dhcpcsvc6.DLL
0x00007ff88b220000 - 0x00007ff88b23f000 	C:\WINDOWS\SYSTEM32\dhcpcsvc.DLL
0x00007ff8911b0000 - 0x00007ff8912a9000 	C:\WINDOWS\SYSTEM32\DNSAPI.dll
0x00007ff88d140000 - 0x00007ff88d148000 	C:\WINDOWS\system32\wshunix.dll

dbghelp: loaded successfully - version: 4.0.5 - missing functions: none
symbol engine: initialized successfully - sym options: 0x614 - pdb path: .;C:\Program Files\Android\Android Studio\jbr\bin;C:\WINDOWS\SYSTEM32;C:\WINDOWS\WinSxS\amd64_microsoft.windows.common-controls_6595b64144ccf1df_6.0.22621.2361_none_2712ced57382f843;C:\Program Files\Android\Android Studio\jbr\bin\server;C:\Users\HP\.gradle\native\68d5fa5c4cc2d200863cafc0d521ce42e7d3e7ee720ec0a83991735586a16f82\windows-amd64;C:\Users\HP\.gradle\native\e376f236ea51e6404a007f0833ffe2c6e607c4080706a723a18a27aeea778392\windows-amd64

VM Arguments:
jvm_args: -XX:MaxMetaspaceSize=512m --add-opens=java.base/java.util=ALL-UNNAMED --add-opens=java.base/java.lang=ALL-UNNAMED --add-opens=java.base/java.lang.invoke=ALL-UNNAMED --add-opens=java.prefs/java.util.prefs=ALL-UNNAMED --add-opens=java.base/java.nio.charset=ALL-UNNAMED --add-opens=java.base/java.net=ALL-UNNAMED --add-opens=java.base/java.util.concurrent.atomic=ALL-UNNAMED -Xmx2048m -Dfile.encoding=windows-1252 -Duser.country=IN -Duser.language=en -Duser.variant 
java_command: org.gradle.launcher.daemon.bootstrap.GradleDaemon 8.0.1
java_class_path (initial): C:\Users\HP\.gradle\wrapper\dists\gradle-8.0.1-all\aro4hu1c3oeioove7l0i4i14o\gradle-8.0.1\lib\gradle-launcher-8.0.1.jar
Launcher Type: SUN_STANDARD

[Global flags]
     intx CICompilerCount                          = 4                                         {product} {ergonomic}
   size_t CompressedClassSpaceSize                 = 432013312                                 {product} {ergonomic}
     uint ConcGCThreads                            = 2                                         {product} {ergonomic}
     uint G1ConcRefinementThreads                  = 8                                         {product} {ergonomic}
   size_t G1HeapRegionSize                         = 1048576                                   {product} {ergonomic}
    uintx GCDrainStackTargetSize                   = 64                                        {product} {ergonomic}
   size_t InitialHeapSize                          = 130023424                                 {product} {ergonomic}
   size_t MarkStackSize                            = 4194304                                   {product} {ergonomic}
   size_t MaxHeapSize                              = 2147483648                                {product} {command line}
   size_t MaxMetaspaceSize                         = 536870912                                 {product} {command line}
   size_t MaxNewSize                               = 1287651328                                {product} {ergonomic}
   size_t MinHeapDeltaBytes                        = 1048576                                   {product} {ergonomic}
   size_t MinHeapSize                              = 8388608                                   {product} {ergonomic}
    uintx NonNMethodCodeHeapSize                   = 5839372                                {pd product} {ergonomic}
    uintx NonProfiledCodeHeapSize                  = 122909434                              {pd product} {ergonomic}
    uintx ProfiledCodeHeapSize                     = 122909434                              {pd product} {ergonomic}
    uintx ReservedCodeCacheSize                    = 251658240                              {pd product} {ergonomic}
     bool SegmentedCodeCache                       = true                                      {product} {ergonomic}
   size_t SoftMaxHeapSize                          = 2147483648                             {manageable} {ergonomic}
     bool UseCompressedClassPointers               = true                           {product lp64_product} {ergonomic}
     bool UseCompressedOops                        = true                           {product lp64_product} {ergonomic}
     bool UseG1GC                                  = true                                      {product} {ergonomic}
     bool UseLargePagesIndividualAllocation        = false                                  {pd product} {ergonomic}

Logging:
Log output configuration:
 #0: stdout all=warning uptime,level,tags
 #1: stderr all=off uptime,level,tags

Environment Variables:
PATH=C:\Program Files\Microsoft\jdk-11.0.18.10-hotspot\bin;C:\oracle\bin;D:\app\client\HP\product\12.2.0\client_1;D:\app\client\HP\product\12.2.0\client_1\bin;C:\Users\HP\Downloads\WINDOWS.X64_193000_client_home\bin;C:\app\HP\product\21c\dbhomeXE\bin;C:\Program Files\nodejs;C:\Program Files\MongoDB\Server\4.0\bin;C:\WINDOWS\system32;C:\WINDOWS;C:\WINDOWS\System32\Wbem;C:\WINDOWS\System32\WindowsPowerShell\v1.0\;C:\WINDOWS\System32\OpenSSH\;C:\Program Files\Microsoft SQL Server\Client SDK\ODBC\170\Tools\Binn\;C:\Program Files\dotnet\;C:\Users\HP\.dnx\bin;C:\Program Files\Microsoft DNX\Dnvm\;C:\Program Files\Microsoft SQL Server\Client SDK\ODBC\130\Tools\Binn\;C:\Program Files\Microsoft\Web Platform Installer\;C:\Program Files\TortoiseSVN\bin;C:\WINDOWS\system32;C:\WINDOWS;C:\WINDOWS\System32\Wbem;C:\WINDOWS\System32\WindowsPowerShell\v1.0\;C:\WINDOWS\System32\OpenSSH\;C:\Program Files\Git\cmd;C:\Program Files\Microsoft SQL Server\150\Tools\Binn\;C:\Program Files\Java\jre-1.8\bin;C:\Users\HP\Downloads\gradle-7.3.3-all\gradle-7.3.3\bin;C:\Program Files\Java\jdk-17\bin;C:\ProgramData\chocolatey\bin;C:\Program Files\nodejs\;C:\Users\HP\AppData\Local\Android\Sdk\platform-tools;C:\Program Files\nodejs;C:\Program Files\Git\bin;C:\Program Files\MongoDB\Server\4.0\bin;C:\Users\HP\AppData\Local\Microsoft\WindowsApps;C:\Users\HP\.dotnet\tools;C:\Program Files\Azure Data Studio\bin;C:\Users\HP\AppData\Local\Programs\Microsoft VS Code\bin;C:\Users\HP\OneDrive\Desktop\Angular 7\CMS\node_modules\nodemon\bin;C:\Users\HP\AppData\Roaming\npm;
USERNAME=HP
OS=Windows_NT
PROCESSOR_IDENTIFIER=Intel64 Family 6 Model 126 Stepping 5, GenuineIntel
TMP=C:\Users\HP\AppData\Local\Temp
TEMP=C:\Users\HP\AppData\Local\Temp



---------------  S Y S T E M  ---------------

OS:
 Windows 11 , 64 bit Build 22621 (10.0.22621.2428)
OS uptime: 0 days 7:46 hours
Hyper-V role detected

CPU: total 8 (initial active 8) (4 cores per cpu, 2 threads per core) family 6 model 126 stepping 5 microcode 0xbc, cx8, cmov, fxsr, ht, mmx, 3dnowpref, sse, sse2, sse3, ssse3, sse4.1, sse4.2, popcnt, lzcnt, tsc, tscinvbit, avx, avx2, aes, erms, clmul, bmi1, bmi2, adx, avx512f, avx512dq, avx512cd, avx512bw, avx512vl, sha, fma, vzeroupper, avx512_vpopcntdq, avx512_vpclmulqdq, avx512_vaes, avx512_vnni, clflush, clflushopt, avx512_vbmi2, avx512_vbmi, hv

Memory: 4k page, system-wide physical 7879M (396M free)
TotalPageFile size 32455M (AvailPageFile size 4M)
current process WorkingSet (physical memory assigned to process): 475M, peak: 475M
current process commit charge ("private bytes"): 512M, peak: 512M

vm_info: OpenJDK 64-Bit Server VM (17.0.6+0-b2043.56-9586694) for windows-amd64 JRE (17.0.6+0-b2043.56-9586694), built on Feb  9 2023 20:06:20 by "androidbuild" with MS VC++ 16.10 / 16.11 (VS2019)

END.
